Log file open, 04/22/18 22:11:44
LogInit:Display: Running engine for game: SynEnv
LogPlatformFile: Not using cached read wrapper
LogInit:Display: RandInit(694983702) SRandInit(694983702).
LogTaskGraph: Started task graph with 5 named threads and 8 total threads with 1 sets of task threads.
LogStats: Stats thread started at 16.062040
LogInit: Using libcurl 7.47.1
LogInit:  - built for x86_64-pc-win32
LogInit:  - supports SSL with OpenSSL/1.0.2g
LogInit:  - supports HTTP deflate (compression) using libz 1.2.8
LogInit:  - other features:
LogInit:      CURL_VERSION_SSL
LogInit:      CURL_VERSION_LIBZ
LogInit:      CURL_VERSION_IPV6
LogInit:      CURL_VERSION_ASYNCHDNS
LogInit:      CURL_VERSION_LARGEFILE
LogInit:      CURL_VERSION_IDN
LogInit:  CurlRequestOptions (configurable via config and command line):
LogInit:  - bVerifyPeer = false  - Libcurl will NOT verify peer certificate
LogInit:  - bUseHttpProxy = false  - Libcurl will NOT use HTTP proxy
LogInit:  - bDontReuseConnections = false  - Libcurl will reuse connections
LogInit:  - CertBundlePath = nullptr  - Libcurl will use whatever was configured at build time.
LogInit: Build: ++UE4+Release-4.16-CL-3561208
LogInit: Engine Version: 4.16.3-3561208+++UE4+Release-4.16
LogInit: Compatible Engine Version: 4.16.0-3452394+++UE4+Release-4.16
LogInit: Net CL: 3452394
LogDevObjectVersion: Number of dev versions registered: 16
LogDevObjectVersion:   Dev-Blueprints (B0D832E4-1F89-4F0D-ACCF-7EB736FD4AA2): 9
LogDevObjectVersion:   Dev-Build (E1C64328-A22C-4D53-A36C-8E866417BD8C): 0
LogDevObjectVersion:   Dev-Core (375EC13C-06E4-48FB-B500-84F0262A717E): 2
LogDevObjectVersion:   Dev-Editor (E4B068ED-F494-42E9-A231-DA0B2E46BB41): 17
LogDevObjectVersion:   Dev-Framework (CFFC743F-43B0-4480-9391-14DF171D2073): 23
LogDevObjectVersion:   Dev-Mobile (B02B49B5-BB20-44E9-A304-32B752E40360): 0
LogDevObjectVersion:   Dev-Networking (A4E4105C-59A1-49B5-A7C5-40C4547EDFEE): 0
LogDevObjectVersion:   Dev-Online (39C831C9-5AE6-47DC-9A44-9C173E1C8E7C): 0
LogDevObjectVersion:   Dev-Physics (78F01B33-EBEA-4F98-B9B4-84EACCB95AA2): 0
LogDevObjectVersion:   Dev-Platform (6631380F-2D4D-43E0-8009-CF276956A95A): 0
LogDevObjectVersion:   Dev-Rendering (12F88B9F-8875-4AFC-A67C-D90C383ABD29): 15
LogDevObjectVersion:   Dev-Sequencer (7B5AE74C-D270-4C10-A958-57980B212A5A): 4
LogDevObjectVersion:   Dev-VR (D7296918-1DD6-4BDD-9DE2-64A83CC13884): 0
LogDevObjectVersion:   Dev-LoadTimes (C2A15278-BFE7-4AFE-6C17-90FF531DF755): 1
LogDevObjectVersion:   Private-Geometry (6EACA3D4-40EC-4CC1-B786-8BED09428FC5): 1
LogDevObjectVersion:   Dev-AnimPhys (29E575DD-E0A3-4627-9D10-D276232CDCEA): 3
LogInit: Compiled (64-bit): Jul 28 2017 11:49:47
LogInit: Compiled with Visual C++: 19.00.24215.01
LogInit: Build Configuration: Development
LogInit: Branch Name: ++UE4+Release-4.16
LogInit: Command line:  
LogInit: Base directory: C:/Program Files/Epic Games/UE_4.16/Engine/Binaries/Win64/
LogInit: Installed Engine Build: 1
LogInit: Presizing for max 8388607 objects, including 0 objects not considered by GC, pre-allocating 0 bytes for permanent pool.
LogInit: Object subsystem initialized
[2018.04.22-14.11.48:087][  0]LogInit: Selected Device Profile: [Windows]
[2018.04.22-14.11.48:087][  0]LogInit: Applying CVar settings loaded from the selected device profile: [Windows]
[2018.04.22-14.11.48:251][  0]LogInit: Computer: DESKTOP-8FR1BU2
[2018.04.22-14.11.48:251][  0]LogInit: User: Tsanresearch
[2018.04.22-14.11.48:251][  0]LogInit: CPU Page size=4096, Cores=4
[2018.04.22-14.11.48:251][  0]LogInit: High frequency timer resolution =3.328127 MHz
[2018.04.22-14.11.48:264][  0]LogMemory: Memory total: Physical=15.9GB (16GB approx)
[2018.04.22-14.11.48:264][  0]LogMemory: Platform Memory Stats for Windows
[2018.04.22-14.11.48:264][  0]LogMemory: Process Physical Memory: 275.25 MB used, 275.25 MB peak
[2018.04.22-14.11.48:264][  0]LogMemory: Process Virtual Memory: 263.05 MB used, 263.05 MB peak
[2018.04.22-14.11.48:264][  0]LogMemory: Physical Memory: 6769.97 MB used,  9516.74 MB free, 16286.71 MB total
[2018.04.22-14.11.48:264][  0]LogMemory: Virtual Memory: 674.42 MB used,  9516.74 MB free, 134217728.00 MB total
[2018.04.22-14.11.51:877][  0]LogInit: Using OS detected language (en-US).
[2018.04.22-14.11.51:877][  0]LogInit: Using OS detected locale (en-US).
[2018.04.22-14.11.52:519][  0]LogTextLocalizationManager: No specific localization for 'en-US' exists, so the 'en' localization will be used.
[2018.04.22-14.12.09:735][  0]LogD3D11RHI: D3D11 adapters:
[2018.04.22-14.12.09:821][  0]LogD3D11RHI:    0. 'NVIDIA GeForce GTX 1070' (Feature Level 11_0)
[2018.04.22-14.12.09:821][  0]LogD3D11RHI:       8119/0/8143 MB DedicatedVideo/DedicatedSystem/SharedSystem, Outputs:2, VendorId:0x10de
[2018.04.22-14.12.09:852][  0]LogD3D11RHI:    1. 'Intel(R) HD Graphics 530' (Feature Level 11_0)
[2018.04.22-14.12.09:852][  0]LogD3D11RHI:       128/0/8143 MB DedicatedVideo/DedicatedSystem/SharedSystem, Outputs:0, VendorId:0x8086
[2018.04.22-14.12.09:862][  0]LogD3D11RHI:    2. 'Microsoft Basic Render Driver' (Feature Level 11_0)
[2018.04.22-14.12.09:862][  0]LogD3D11RHI:       0/0/8143 MB DedicatedVideo/DedicatedSystem/SharedSystem, Outputs:0, VendorId:0x1414
[2018.04.22-14.12.09:862][  0]LogD3D11RHI: Chosen D3D11 Adapter: 0
[2018.04.22-14.12.09:905][  0]LogD3D11RHI: Creating new Direct3DDevice
[2018.04.22-14.12.09:912][  0]LogD3D11RHI:     GPU DeviceId: 0x1b81 (for the marketing name, search the web for "GPU Device Id")
[2018.04.22-14.12.09:912][  0]LogWindows: EnumDisplayDevices:
[2018.04.22-14.12.09:913][  0]LogWindows:    0. 'NVIDIA GeForce GTX 1070' (P:1 D:1)
[2018.04.22-14.12.09:914][  0]LogWindows:    1. 'NVIDIA GeForce GTX 1070' (P:0 D:1)
[2018.04.22-14.12.09:914][  0]LogWindows:    2. 'NVIDIA GeForce GTX 1070' (P:0 D:0)
[2018.04.22-14.12.09:915][  0]LogWindows:    3. 'NVIDIA GeForce GTX 1070' (P:0 D:0)
[2018.04.22-14.12.09:915][  0]LogWindows:    4. 'Intel(R) HD Graphics 530' (P:0 D:0)
[2018.04.22-14.12.09:916][  0]LogWindows:    5. 'Intel(R) HD Graphics 530' (P:0 D:0)
[2018.04.22-14.12.09:916][  0]LogWindows:    6. 'Intel(R) HD Graphics 530' (P:0 D:0)
[2018.04.22-14.12.09:916][  0]LogWindows: DebugString: GetVideoDriverDetailsInvalid PrimaryIsNotTheChoosenAdapter GetVideoDriverDetailsInvalid PrimaryIsNotTheChoosenAdapter GetVideoDriverDetailsInvalid PrimaryIsNotTheChoosenAdapter GetVideoDriverDetailsInvalid PrimaryIsNotTheChoosenAdapter GetVideoDriverDetailsInvalid PrimaryIsNotTheChoosenAdapter GetVideoDriverDetailsInvalid PrimaryIsNotTheChoosenAdapter GetVideoDriverDetailsInvalid PrimaryIsNotTheChoosenAdapter FoundDriverCount:0 
[2018.04.22-14.12.09:916][  0]LogD3D11RHI:     Adapter Name: NVIDIA GeForce GTX 1070
[2018.04.22-14.12.09:916][  0]LogD3D11RHI:   Driver Version: Unknown (internal:Unknown, unified:Unknown)
[2018.04.22-14.12.09:916][  0]LogD3D11RHI:      Driver Date: Unknown
[2018.04.22-14.12.09:917][  0]LogRHI: Texture pool is 1361 MB (70% of 1945 MB)
[2018.04.22-14.12.10:073][  0]LogD3D11RHI: Async texture creation enabled
[2018.04.22-14.12.10:541][  0]LogD3D11RHI: GPU Timing Frequency: 1000.000000 (Debug: 2 1)
[2018.04.22-14.12.10:846][  0]LogShaderCompilers: Guid format shader working directory is -4 characters bigger than the processId version (../../../../../../Users/Tsan-research/Desktop/SynEnv_4_16/Intermediate/Shaders/WorkingDirectory/17860/).
[2018.04.22-14.12.10:847][  0]LogShaderCompilers: Cleaned the shader compiler working directory 'C:/Users/Tsan-research/AppData/Local/Temp/UnrealShaderWorkingDir/FCD5A2D745C86D9DAD1A6E862C14E267/'.
[2018.04.22-14.12.10:865][  0]LogShaderCompilers:Display: Using Local Shader Compiler.
[2018.04.22-14.12.23:411][  0]LogTemp:Display: Loaded TP AllDesktopTargetPlatform
[2018.04.22-14.12.23:540][  0]LogTemp:Display: Loaded TP MacClientTargetPlatform
[2018.04.22-14.12.23:655][  0]LogTemp:Display: Loaded TP MacNoEditorTargetPlatform
[2018.04.22-14.12.23:842][  0]LogTemp:Display: Loaded TP MacServerTargetPlatform
[2018.04.22-14.12.23:973][  0]LogTemp:Display: Loaded TP MacTargetPlatform
[2018.04.22-14.12.24:083][  0]LogTemp:Display: Loaded TP WindowsClientTargetPlatform
[2018.04.22-14.12.24:208][  0]LogTemp:Display: Loaded TP WindowsNoEditorTargetPlatform
[2018.04.22-14.12.24:269][  0]LogTemp:Display: Loaded TP WindowsServerTargetPlatform
[2018.04.22-14.12.24:377][  0]LogTemp:Display: Loaded TP WindowsTargetPlatform
[2018.04.22-14.12.24:493][  0]LogTemp:Display: Loaded TP AndroidTargetPlatform
[2018.04.22-14.12.24:599][  0]LogTemp:Display: Loaded TP Android_ASTCTargetPlatform
[2018.04.22-14.12.24:703][  0]LogTemp:Display: Loaded TP Android_ATCTargetPlatform
[2018.04.22-14.12.24:821][  0]LogTemp:Display: Loaded TP Android_DXTTargetPlatform
[2018.04.22-14.12.24:933][  0]LogTemp:Display: Loaded TP Android_ETC1TargetPlatform
[2018.04.22-14.12.25:045][  0]LogTemp:Display: Loaded TP Android_ETC2TargetPlatform
[2018.04.22-14.12.25:290][  0]LogTemp:Display: Loaded TP Android_MultiTargetPlatform
[2018.04.22-14.12.25:290][  0]LogTemp:Display: Loaded TP Android_PVRTCTargetPlatform
[2018.04.22-14.12.25:382][  0]LogTemp:Display: Loaded TP HTML5TargetPlatform
[2018.04.22-14.12.25:589][  0]LogTemp:Display: Loaded TP IOSTargetPlatform
[2018.04.22-14.12.25:677][  0]LogTemp:Display: Loaded TP TVOSTargetPlatform
[2018.04.22-14.12.25:772][  0]LogTemp:Display: Loaded TP LinuxClientTargetPlatform
[2018.04.22-14.12.25:909][  0]LogTemp:Display: Loaded TP LinuxNoEditorTargetPlatform
[2018.04.22-14.12.25:985][  0]LogTemp:Display: Loaded TP LinuxServerTargetPlatform
[2018.04.22-14.12.26:085][  0]LogTemp:Display: Loaded TP LinuxTargetPlatform
[2018.04.22-14.12.26:085][  0]LogTargetPlatformManager:Display: Building Assets For Windows
[2018.04.22-14.12.29:120][  0]LogDerivedDataCache:Display: Max Cache Size: 512 MB
[2018.04.22-14.12.41:129][  0]LogDerivedDataCache: Loaded boot cache 11.98s 90MB C:/Users/Tsan-research/AppData/Local/UnrealEngine/4.16/DerivedDataCache/Boot.ddc.
[2018.04.22-14.12.41:129][  0]LogDerivedDataCache:Display: Loaded Boot cache: C:/Users/Tsan-research/AppData/Local/UnrealEngine/4.16/DerivedDataCache/Boot.ddc
[2018.04.22-14.12.41:130][  0]LogDerivedDataCache: FDerivedDataBackendGraph:  Pak pak cache file ../../../../../../Users/Tsan-research/Desktop/SynEnv_4_16/DerivedDataCache/DDC.ddp not found, will not use a pak cache.
[2018.04.22-14.12.41:130][  0]LogDerivedDataCache: Unable to find inner node Pak for hierarchical cache Hierarchy.
[2018.04.22-14.12.41:130][  0]LogDerivedDataCache: FDerivedDataBackendGraph:  CompressedPak pak cache file ../../../../../../Users/Tsan-research/Desktop/SynEnv_4_16/DerivedDataCache/Compressed.ddp not found, will not use a pak cache.
[2018.04.22-14.12.41:130][  0]LogDerivedDataCache: Unable to find inner node CompressedPak for hierarchical cache Hierarchy.
[2018.04.22-14.12.41:364][  0]LogDerivedDataCache:Display: Pak cache opened for reading ../../../Engine/DerivedDataCache/Compressed.ddp.
[2018.04.22-14.12.41:393][  0]LogDerivedDataCache: Using Local data cache path C:/Users/Tsan-research/AppData/Local/UnrealEngine/Common/DerivedDataCache: Writable
[2018.04.22-14.12.41:573][  0]LogMaterial: Verifying Global Shaders for PCD3D_SM5
[2018.04.22-14.12.41:754][  0]LogSlate: Using Freetype 2.6.0
[2018.04.22-14.12.41:911][  0]LogSlate: SlateFontCache - WITH_FREETYPE: 1, WITH_HARFBUZZ: 1
[2018.04.22-14.12.41:912][  0]LogSlate: SlateFontCache - WITH_FREETYPE: 1, WITH_HARFBUZZ: 1
[2018.04.22-14.13.05:382][  0]LogInit: Selected Device Profile: [Windows]
[2018.04.22-14.13.08:049][  0]LogContentStreaming: Texture pool size is 0.00 MB
[2018.04.22-14.13.10:648][  0]LogMeshUtilities: Using QuadricMeshReduction for automatic static mesh reduction
[2018.04.22-14.13.11:127][  0]LogSimplygon: Simplygon DLL not present - disabling.
[2018.04.22-14.13.11:421][  0]LogMeshUtilities: Using SimplygonSwarm for distributed automatic mesh merging
[2018.04.22-14.13.11:421][  0]LogMeshUtilities: No automatic skeletal mesh reduction module available
[2018.04.22-14.13.11:421][  0]LogMeshUtilities: No automatic mesh merging module available
[2018.04.22-14.13.29:969][  0]LogNetVersion: SynEnv , NetCL: 3452394, EngineNetVer: 2, GameNetVer: 0 (Checksum: 277580360)
[2018.04.22-14.13.31:251][  0]LogAssetRegistry: FAssetRegistry took 0.0751 seconds to start up
[2018.04.22-14.13.31:928][  0]LogPackageLocalizationCache: Processed 5 localized package path(s) for 2 prioritized culture(s) in 0.568802 seconds
[2018.04.22-14.13.31:933][  0]LogUObjectArray: 34194 objects as part of root set at end of initial load.
[2018.04.22-14.13.31:933][  0]LogUObjectAllocator: 7260424 out of 0 bytes used by permanent object pool.
[2018.04.22-14.13.31:933][  0]LogUObjectArray: CloseDisregardForGC: 0/0 objects in disregard for GC pool
[2018.04.22-14.13.32:127][  0]LogInit: WinSock: version 1.1 (2.2), MaxSocks=32767, MaxUdp=65467
[2018.04.22-14.14.39:232][  0]LogSubstanceCoreModule: Substance [CPU] Engine Loaded, Max Texture Size = 2048
[2018.04.22-14.14.39:392][  0]LogTcpMessaging: Initializing TcpMessaging bridge
[2018.04.22-14.14.39:489][  0]LogUdpMessaging: Initializing bridge on interface 0.0.0.0:0 to multicast group 230.0.0.1:6666.
[2018.04.22-14.14.41:048][  0]LogUnrealCV:Warning: Can not recognize visualization mode 
[2018.04.22-14.14.41:067][  0]LogUnrealCV:Warning: Loading config
[2018.04.22-14.14.41:078][  0]LogUnrealCV:Warning: Port: 9000
[2018.04.22-14.14.41:078][  0]LogUnrealCV:Warning: Width: 144
[2018.04.22-14.14.41:078][  0]LogUnrealCV:Warning: Height: 81
[2018.04.22-14.14.41:078][  0]LogUnrealCV:Warning: FOV: 84.000000
[2018.04.22-14.14.41:078][  0]LogUnrealCV:Warning: EnableInput: true
[2018.04.22-14.14.41:078][  0]LogUnrealCV:Warning: EnableRightEye: false
[2018.04.22-14.14.41:079][  0]LogUnrealCV:Warning: The UriTemplate vrun ([^ ]*)[ ]*$ already exist, overwrited.
[2018.04.22-14.14.41:092][  0]LogUnrealCV:Warning: Start listening on 9000
[2018.04.22-14.14.42:599][  0]LogMaterial: Uniform references updated for custom material expression Custom.
[2018.04.22-14.14.43:668][  0]SourceControl: Info Source control is disabled
[2018.04.22-14.14.43:987][  0]SourceControl: Info Source control is disabled
[2018.04.22-14.14.44:134][  0]SourceControl: Info Source control is disabled
[2018.04.22-14.14.44:226][  0]SourceControl: Info Source control is disabled
[2018.04.22-14.14.45:774][  0]LogAndroidPermission: UAndroidPermissionCallbackProxy::GetInstance
[2018.04.22-14.14.47:394][  0]LogEngine: Initializing Engine...
[2018.04.22-14.14.47:444][  0]LogHMD: Failed to initialize OpenVR with code 110
[2018.04.22-14.14.48:414][  0]LogStats: UGameplayTagsManager::ConstructGameplayTagTree: Construct from data asset -  0.000 s
[2018.04.22-14.14.48:414][  0]LogStats: UGameplayTagsManager::ConstructGameplayTagTree: GameplayTagTreeChangedEvent.Broadcast -  0.000 s
[2018.04.22-14.14.48:765][  0]LogAIModule: Creating AISystem for world Untitled
[2018.04.22-14.14.48:853][  0]LogInit: XAudio2 using 'Speakers / Headphones (Realtek Audio)' : 2 channels at 48 kHz using 32 bits per sample (channel mask 0x3)
[2018.04.22-14.14.49:037][  0]LogInit: FAudioDevice initialized.
[2018.04.22-14.14.49:187][  0]LogDerivedDataCache: Saved boot cache 0.15s 90MB C:/Users/Tsan-research/AppData/Local/UnrealEngine/4.16/DerivedDataCache/Boot.ddc.
[2018.04.22-14.14.49:199][  0]LogInit: Texture streaming: Enabled
[2018.04.22-14.14.49:469][  0]LogEngineSessionManager: EngineSessionManager initialized
[2018.04.22-14.14.50:059][  0]LogWindowsTextInputMethodSystem:Display: IME system now deactivated.
[2018.04.22-14.14.50:258][  0]LogInit: Transaction tracking system initialized
[2018.04.22-14.14.53:098][  0]BlueprintLog: New page: Editor Load
[2018.04.22-14.14.59:615][  0]LocalizationService: Info Localization service is disabled
[2018.04.22-14.15.04:077][  0]LogConsoleResponse:Display: 
[2018.04.22-14.15.09:055][  0]LogFileCache: Scanning file cache for directory 'C:/Users/Tsan-research/Desktop/SynEnv_4_16/Content/' took 0.05s
[2018.04.22-14.15.09:055][  0]LogCook:Display: Max memory allowance for cook 16384mb min free memory 0mb
[2018.04.22-14.15.09:055][  0]LogCook:Display: Mobile HDR setting 1
[2018.04.22-14.15.22:388][  0]SourceControl: Info Source control is disabled
[2018.04.22-14.15.22:560][  0]Cmd: MAP LOAD FILE="../../../../../../Users/Tsan-research/Desktop/SynEnv_4_16/Content/ThirdPersonBP/Maps/NarrowCorridor.umap" TEMPLATE=0 SHOWPROGRESS=1 FEATURELEVEL=3
[2018.04.22-14.15.22:622][  0]LightingResults: New page: Lighting Build
[2018.04.22-14.15.22:904][  0]MapCheck: New page: Map Check
[2018.04.22-14.15.22:904][  0]LightingResults: New page: Lighting Build
[2018.04.22-14.15.43:834][  0]LogAIModule: Creating AISystem for world NarrowCorridor
[2018.04.22-14.15.44:467][  0]LogEditorServer: Finished looking for orphan Actors (0.000 secs)
[2018.04.22-14.15.44:677][  0]Cmd: MAP CHECKDEP NOCLEARLOG
[2018.04.22-14.15.44:783][  0]MapCheck: Info Map check complete: 0 Error(s), 0 Warning(s), took 106.151ms to complete.
[2018.04.22-14.15.44:783][  0]LogFileHelpers: Loading map 'NarrowCorridor' took 22.246
[2018.04.22-14.15.48:205][  0]LogCollectionManager: Loaded 0 collections in 0.002932 seconds
[2018.04.22-14.15.48:727][  0]LogFileCache: Scanning file cache for directory 'C:/Users/Tsan-research/Desktop/SynEnv_4_16/Saved/Collections/' took 0.01s
[2018.04.22-14.15.48:727][  0]LogFileCache: Scanning file cache for directory 'C:/Users/Tsan-research/Desktop/SynEnv_4_16/Content/Developers/Tsanresearch/Collections/' took 0.01s
[2018.04.22-14.15.48:727][  0]LogFileCache: Scanning file cache for directory 'C:/Users/Tsan-research/Desktop/SynEnv_4_16/Content/Collections/' took 0.01s
[2018.04.22-14.15.48:727][  0]LogCollectionManager: Rebuilt the GUID cache for 0 collections in 0.000002 seconds
[2018.04.22-14.15.48:810][  0]LogContentBrowser: Native class hierarchy populated in 0.0618 seconds. Added 2364 classes and 513 folders.
[2018.04.22-14.15.49:407][  0]LogContentBrowser: Native class hierarchy updated for 'WidgetCarousel' in 0.0036 seconds. Added 0 classes and 0 folders.
[2018.04.22-14.15.55:771][  0]LogContentBrowser: Native class hierarchy updated for 'AddContentDialog' in 0.0029 seconds. Added 0 classes and 0 folders.
[2018.04.22-14.15.57:122][  0]LogContentBrowser: Native class hierarchy updated for 'SceneOutliner' in 0.0030 seconds. Added 1 classes and 2 folders.
[2018.04.22-14.15.58:336][  0]LogCrashTracker: Crashtracker disabled due to settings.
[2018.04.22-14.15.58:726][  0]LogSlate: Took 0.035054 seconds to synchronously load lazily loaded font '../../../Engine/Content/Slate/Fonts/Roboto-Regular.ttf' (155K)
[2018.04.22-14.15.58:848][  0]LogSlate: Took 0.120374 seconds to synchronously load lazily loaded font '../../../Engine/Content/Slate/Fonts/Roboto-Bold.ttf' (160K)
[2018.04.22-14.15.58:957][  0]LogSlate: Took 0.048182 seconds to synchronously load lazily loaded font '../../../Engine/Content/Editor/Slate/Fonts/FontAwesome.ttf' (139K)
[2018.04.22-14.16.00:267][  0]LogRenderer: Reallocating scene render targets to support 256x256 NumSamples 1 (Frame:1).
[2018.04.22-14.16.01:142][  0]LogRenderer: Reallocating scene render targets to support 1152x536 NumSamples 1 (Frame:1).
[2018.04.22-14.16.02:202][  0]LogUObjectGlobals:Warning: Failed to find object 'Class None.'
[2018.04.22-14.16.02:523][  0]LogContentBrowser: Native class hierarchy updated for 'HierarchicalLODOutliner' in 0.0023 seconds. Added 1 classes and 2 folders.
[2018.04.22-14.16.02:523][  0]LogLoad: (Engine Initialization) Total time: 308.28 seconds
[2018.04.22-14.16.02:523][  0]LogLoad: (Engine Initialization) Total Blueprint compile time: 2.69 seconds
[2018.04.22-14.16.02:523][  0]LogExternalProfiler: Found external profiler: VSPerf
[2018.04.22-14.16.02:523][  0]LogExternalProfiler: Using external profiler: VSPerf
[2018.04.22-14.16.02:548][  0]LogOcInput: OculusInput pre-init called
[2018.04.22-14.16.02:549][  0]LogHMD: Starting GearVRController plugin
[2018.04.22-14.16.02:669][  0]LogContentStreaming: Texture pool size now 1000 MB
[2018.04.22-14.16.03:078][  0]LogSlate: Took 0.092210 seconds to synchronously load lazily loaded font '../../../Engine/Content/Slate/Fonts/Roboto-Light.ttf' (159K)
[2018.04.22-14.16.03:395][  3]LogAssetRegistry: Asset discovery search completed in 152.1682 seconds
[2018.04.22-14.16.03:397][  3]LogCollectionManager: Rebuilt the object cache for 0 collections in 0.000000 seconds (found 0 objects)
[2018.04.22-14.16.03:397][  3]LogCollectionManager: Fixed up redirectors for 0 collections in 0.000068 seconds (updated 0 objects)
[2018.04.22-14.18.13:585][500]LogSlate: Took 0.003695 seconds to synchronously load lazily loaded font '../../../Engine/Content/Slate/Fonts/Roboto-Light.ttf' (159K)
[2018.04.22-14.18.14:104][500]LogAIModule: Creating AISystem for world NarrowCorridor_2
[2018.04.22-14.18.14:152][500]Cmd: MAP LOAD FILE="../../../../../../Users/Tsan-research/Desktop/SynEnv_4_16/Content/ThirdPersonBP/Maps/NarrowCorridor_2.umap" TEMPLATE=0 SHOWPROGRESS=1 FEATURELEVEL=3
[2018.04.22-14.18.14:152][500]LightingResults: New page: Lighting Build
[2018.04.22-14.18.14:153][500]LoadErrors: New page: Loading map: NarrowCorridor_2.umap
[2018.04.22-14.18.14:153][500]MapCheck: New page: Map Check
[2018.04.22-14.18.14:153][500]LightingResults: New page: Lighting Build
[2018.04.22-14.18.14:199][500]LogEditorServer: Finished looking for orphan Actors (0.000 secs)
[2018.04.22-14.18.14:230][500]Cmd: MAP CHECKDEP NOCLEARLOG
[2018.04.22-14.18.16:303][500]MapCheck: Info Map check complete: 0 Error(s), 0 Warning(s), took 2,073.702ms to complete.
[2018.04.22-14.18.16:682][500]LogFileHelpers: Loading map 'NarrowCorridor_2' took 2.538
[2018.04.22-14.18.16:691][500]LogSlate: Took 0.003322 seconds to synchronously load lazily loaded font '../../../Engine/Content/Slate/Fonts/Roboto-Regular.ttf' (155K)
[2018.04.22-14.18.18:314][680]LogTemp: Repeting last play command: Selected Viewport
[2018.04.22-14.18.18:520][680]LogBlueprintUserMessages: Early PlayInEditor Detection: Level '/Game/ThirdPersonBP/Maps/NarrowCorridor_2.NarrowCorridor_2:PersistentLevel' has LevelScriptBlueprint '/Game/ThirdPersonBP/Maps/NarrowCorridor_2.NarrowCorridor_2:PersistentLevel.NarrowCorridor_2' with GeneratedClass '/Game/ThirdPersonBP/Maps/NarrowCorridor_2.NarrowCorridor_2_C' with ClassGeneratedBy '/Game/ThirdPersonBP/Maps/NarrowCorridor_2.NarrowCorridor_2:PersistentLevel.NarrowCorridor_2'
[2018.04.22-14.18.18:520][680]LogPlayLevel: PlayLevel: No blueprints needed recompiling
[2018.04.22-14.18.18:553][680]PIE: New page: PIE session: NarrowCorridor_2 (Apr 23, 2018, 6:18:18 AM)
[2018.04.22-14.18.18:553][680]LogPlayLevel: Creating play world package: /Game/ThirdPersonBP/Maps/UEDPIE_0_NarrowCorridor_2
[2018.04.22-14.18.18:628][680]LogPlayLevel: PIE: StaticDuplicateObject took: (0.074763s)
[2018.04.22-14.18.18:629][680]LogAIModule: Creating AISystem for world NarrowCorridor_2
[2018.04.22-14.18.18:630][680]LogPlayLevel: PIE: World Init took: (0.001460s)
[2018.04.22-14.18.18:630][680]LogPlayLevel: PIE: Created PIE world by copying editor world from /Game/ThirdPersonBP/Maps/NarrowCorridor_2.NarrowCorridor_2 to /Game/ThirdPersonBP/Maps/UEDPIE_0_NarrowCorridor_2.NarrowCorridor_2 (0.076815s)
[2018.04.22-14.18.18:651][680]LogInit: XAudio2 using 'Speakers / Headphones (Realtek Audio)' : 2 channels at 48 kHz using 32 bits per sample (channel mask 0x3)
[2018.04.22-14.18.18:695][680]LogInit: FAudioDevice initialized.
[2018.04.22-14.18.18:828][680]LogLoad: Game class is 'UE4CVGameMode'
[2018.04.22-14.18.18:833][680]LogWorld: Bringing World /Game/ThirdPersonBP/Maps/UEDPIE_0_NarrowCorridor_2.NarrowCorridor_2 up for play (max tick rate 0) at 2018.04.22-22.18.18
[2018.04.22-14.18.18:846][680]LogWorld: Bringing up level for play took: 0.014640
[2018.04.22-14.18.18:945][680]LogContentBrowser: Native class hierarchy updated for 'MovieSceneCapture' in 0.0031 seconds. Added 11 classes and 0 folders.
[2018.04.22-14.18.18:945][680]LogGameMode:Display: Match State Changed from EnteringMap to WaitingToStart
[2018.04.22-14.18.18:945][680]LogGameState: Match State Changed from EnteringMap to WaitingToStart
[2018.04.22-14.18.18:945][680]LogGameMode:Display: Match State Changed from WaitingToStart to InProgress
[2018.04.22-14.18.19:003][680]LogSpawn:Warning: SpawnActor failed because of collision at the spawn location [X=-400.000 Y=-1600.000 Z=0.000] for [BP_CorridorRight_C]
[2018.04.22-14.18.19:016][680]LogSpawn:Warning: SpawnActor failed because of collision at the spawn location [X=-400.000 Y=-800.000 Z=0.000] for [BP_CorridorLeft_C]
[2018.04.22-14.18.19:017][680]LogSpawn:Warning: SpawnActor failed because of collision at the spawn location [X=-400.000 Y=-800.000 Z=0.000] for [BP_CorridorLeft_C]
[2018.04.22-14.18.19:018][680]LogSpawn:Warning: SpawnActor failed because of collision at the spawn location [X=-400.000 Y=-800.000 Z=0.000] for [BP_CorridorLeft_C]
[2018.04.22-14.18.19:019][680]LogGameState: Match State Changed from WaitingToStart to InProgress
[2018.04.22-14.18.19:023][680]PIE: Info Play in editor start time for /Game/ThirdPersonBP/Maps/UEDPIE_0_NarrowCorridor_2 -0.207
[2018.04.22-14.18.19:023][680]LogBlueprintUserMessages: Late PlayInEditor Detection: Level '/Game/ThirdPersonBP/Maps/NarrowCorridor_2.NarrowCorridor_2:PersistentLevel' has LevelScriptBlueprint '/Game/ThirdPersonBP/Maps/NarrowCorridor_2.NarrowCorridor_2:PersistentLevel.NarrowCorridor_2' with GeneratedClass '/Game/ThirdPersonBP/Maps/NarrowCorridor_2.NarrowCorridor_2_C' with ClassGeneratedBy '/Game/ThirdPersonBP/Maps/NarrowCorridor_2.NarrowCorridor_2:PersistentLevel.NarrowCorridor_2'
[2018.04.22-14.18.29:891][458]Cmd: High
[2018.04.22-14.18.29:952][458]Command not recognized: High
[2018.04.22-14.18.35:298][850]Error: Bad input. Input should be in either the form "HighResShot 1920x1080" or "HighResShot 2"
[2018.04.22-14.18.44:211][492]LogRenderer: Reallocating scene render targets to support 1920x1080 NumSamples 1 (Frame:1813).
[2018.04.22-14.18.44:351][492]LogClient: High resolution screenshot saved as C:/Users/Tsan-research/Desktop/SynEnv_4_16/Saved/Screenshots/Windows/HighresScreenshot00000.png
[2018.04.22-14.18.44:356][492]LogSlate: Took 0.002330 seconds to synchronously load lazily loaded font '../../../Engine/Content/Slate/Fonts/Roboto-Light.ttf' (159K)
[2018.04.22-16.02.14:487][371]LogBlueprintUserMessages: Early EndPlayMap Detection: Level '/Game/ThirdPersonBP/Maps/NarrowCorridor_2.NarrowCorridor_2:PersistentLevel' has LevelScriptBlueprint '/Game/ThirdPersonBP/Maps/NarrowCorridor_2.NarrowCorridor_2:PersistentLevel.NarrowCorridor_2' with GeneratedClass '/Game/ThirdPersonBP/Maps/NarrowCorridor_2.NarrowCorridor_2_C' with ClassGeneratedBy '/Game/ThirdPersonBP/Maps/NarrowCorridor_2.NarrowCorridor_2:PersistentLevel.NarrowCorridor_2'
[2018.04.22-16.02.14:517][371]LogBlueprintUserMessages: Late EndPlayMap Detection: Level '/Game/ThirdPersonBP/Maps/NarrowCorridor_2.NarrowCorridor_2:PersistentLevel' has LevelScriptBlueprint '/Game/ThirdPersonBP/Maps/NarrowCorridor_2.NarrowCorridor_2:PersistentLevel.NarrowCorridor_2' with GeneratedClass '/Game/ThirdPersonBP/Maps/NarrowCorridor_2.NarrowCorridor_2_C' with ClassGeneratedBy '/Game/ThirdPersonBP/Maps/NarrowCorridor_2.NarrowCorridor_2:PersistentLevel.NarrowCorridor_2'
[2018.04.22-16.02.14:722][372]Cmd: QUIT_EDITOR
[2018.04.22-16.02.15:744][372]LogWindowsTextInputMethodSystem:Display: IME system now deactivated.
[2018.04.22-16.02.15:759][372]LogExit: Preparing to exit.
[2018.04.22-16.02.16:344][372]LogDirectoryWatcher: A directory notification for 'C:/Users/Tsan-research/Desktop/SynEnv_4_16/Content/' was aborted.
[2018.04.22-16.02.16:402][372]LogExit: Editor shut down
[2018.04.22-16.02.16:411][372]LogExit: Transaction tracking system shut down
[2018.04.22-16.02.16:816][372]LogObj: Freed 0b from 0 cluster array pools.
[2018.04.22-16.02.16:816][372]LogExit: Object subsystem successfully closed.
[2018.04.22-16.02.16:865][372]LogD3D11RHI: Shutdown
[2018.04.22-16.02.16:865][372]LogD3D11RHI: CleanupD3DDevice
[2018.04.22-16.02.16:973][372]LogD3D11RHI: ~FD3D11DynamicRHI
[2018.04.22-16.02.17:175][372]LogModuleManager: Shutting down and abandoning module MovieSceneCapture (534)
[2018.04.22-16.02.17:175][372]LogModuleManager: Shutting down and abandoning module HierarchicalLODOutliner (532)
[2018.04.22-16.02.17:175][372]LogModuleManager: Shutting down and abandoning module CrashTracker (530)
[2018.04.22-16.02.17:175][372]LogModuleManager: Shutting down and abandoning module SceneOutliner (528)
[2018.04.22-16.02.17:176][372]LogModuleManager: Shutting down and abandoning module AddContentDialog (526)
[2018.04.22-16.02.17:183][372]LogDirectoryWatcher: A directory notification for 'C:/Program Files/Epic Games/UE_4.16/FeaturePacks/' was aborted.
[2018.04.22-16.02.17:186][372]LogModuleManager: Shutting down and abandoning module WidgetCarousel (525)
[2018.04.22-16.02.17:186][372]LogModuleManager: Shutting down and abandoning module EditorWidgets (522)
[2018.04.22-16.02.17:186][372]LogModuleManager: Shutting down and abandoning module CollectionManager (520)
[2018.04.22-16.02.17:186][372]LogDirectoryWatcher: A directory notification for 'C:/Users/Tsan-research/Desktop/SynEnv_4_16/Content/Collections/' was aborted.
[2018.04.22-16.02.17:186][372]LogDirectoryWatcher: A directory notification for 'C:/Users/Tsan-research/Desktop/SynEnv_4_16/Content/Developers/Tsanresearch/Collections/' was aborted.
[2018.04.22-16.02.17:187][372]LogDirectoryWatcher: A directory notification for 'C:/Users/Tsan-research/Desktop/SynEnv_4_16/Saved/Collections/' was aborted.
[2018.04.22-16.02.17:187][372]LogModuleManager: Shutting down and abandoning module StatsViewer (518)
[2018.04.22-16.02.17:187][372]LogModuleManager: Shutting down and abandoning module FoliageEdit (516)
[2018.04.22-16.02.17:187][372]LogModuleManager: Shutting down and abandoning module LandscapeEditor (514)
[2018.04.22-16.02.17:199][372]LogModuleManager: Shutting down and abandoning module MeshPaintMode (512)
[2018.04.22-16.02.17:199][372]LogModuleManager: Shutting down and abandoning module SceneDepthPickerMode (510)
[2018.04.22-16.02.17:199][372]LogModuleManager: Shutting down and abandoning module ActorPickerMode (508)
[2018.04.22-16.02.17:199][372]LogModuleManager: Shutting down and abandoning module GeometryMode (506)
[2018.04.22-16.02.17:199][372]LogModuleManager: Shutting down and abandoning module TextureAlignMode (504)
[2018.04.22-16.02.17:199][372]LogModuleManager: Shutting down and abandoning module BspMode (502)
[2018.04.22-16.02.17:199][372]LogModuleManager: Shutting down and abandoning module HardwareSurvey (500)
[2018.04.22-16.02.17:199][372]LogModuleManager: Shutting down and abandoning module SequenceRecorderSections (498)
[2018.04.22-16.02.17:199][372]LogModuleManager: Shutting down and abandoning module AutomationWorker (496)
[2018.04.22-16.02.17:200][372]LogModuleManager: Shutting down and abandoning module MatineeToLevelSequence (494)
[2018.04.22-16.02.17:200][372]LogModuleManager: Shutting down and abandoning module LevelSequenceEditor (492)
[2018.04.22-16.02.17:230][372]LogModuleManager: Shutting down and abandoning module PlacementMode (491)
[2018.04.22-16.02.17:230][372]LogModuleManager: Shutting down and abandoning module WmfMediaFactory (488)
[2018.04.22-16.02.17:230][372]LogModuleManager: Shutting down and abandoning module WmfMediaEditor (486)
[2018.04.22-16.02.17:230][372]LogModuleManager: Shutting down and abandoning module AvfMediaFactory (484)
[2018.04.22-16.02.17:230][372]LogModuleManager: Shutting down and abandoning module AvfMediaEditor (482)
[2018.04.22-16.02.17:230][372]LogModuleManager: Shutting down and abandoning module AndroidMediaFactory (480)
[2018.04.22-16.02.17:231][372]LogModuleManager: Shutting down and abandoning module Media (479)
[2018.04.22-16.02.17:231][372]LogModuleManager: Shutting down and abandoning module AndroidMediaEditor (476)
[2018.04.22-16.02.17:231][372]LogModuleManager: Shutting down and abandoning module CharacterAI (474)
[2018.04.22-16.02.17:231][372]LogModuleManager: Shutting down and abandoning module AudioCapture (472)
[2018.04.22-16.02.17:231][372]LogModuleManager: Shutting down and abandoning module SequenceRecorder (471)
[2018.04.22-16.02.17:231][372]LogModuleManager: Shutting down and abandoning module SmartSnapping (468)
[2018.04.22-16.02.17:231][372]LogModuleManager: Shutting down and abandoning module SessionServices (466)
[2018.04.22-16.02.17:231][372]LogModuleManager: Shutting down and abandoning module ViewportSnapping (464)
[2018.04.22-16.02.17:231][372]LogModuleManager: Shutting down and abandoning module ViewportInteraction (462)
[2018.04.22-16.02.17:231][372]LogModuleManager: Shutting down and abandoning module ClothPainter (460)
[2018.04.22-16.02.17:241][372]LogModuleManager: Shutting down and abandoning module LogVisualizer (458)
[2018.04.22-16.02.17:245][372]LogModuleManager: Shutting down and abandoning module IntroTutorials (456)
[2018.04.22-16.02.17:245][372]LogModuleManager: Shutting down and abandoning module GameProjectGeneration (455)
[2018.04.22-16.02.17:279][372]LogModuleManager: Shutting down and abandoning module EditorLiveStreaming (452)
[2018.04.22-16.02.17:279][372]LogModuleManager: Shutting down and abandoning module IOSPlatformEditor (450)
[2018.04.22-16.02.17:292][372]LogModuleManager: Shutting down and abandoning module HTML5PlatformEditor (448)
[2018.04.22-16.02.17:292][372]LogModuleManager: Shutting down and abandoning module AndroidPlatformEditor (446)
[2018.04.22-16.02.17:292][372]LogModuleManager: Shutting down and abandoning module AndroidDeviceDetection (445)
[2018.04.22-16.02.17:447][372]LogModuleManager: Shutting down and abandoning module IOSRuntimeSettings (442)
[2018.04.22-16.02.17:447][372]LogModuleManager: Shutting down and abandoning module AndroidRuntimeSettings (440)
[2018.04.22-16.02.17:447][372]LogModuleManager: Shutting down and abandoning module InputBindingEditor (438)
[2018.04.22-16.02.17:471][372]LogModuleManager: Shutting down and abandoning module MergeActors (436)
[2018.04.22-16.02.17:520][372]LogModuleManager: Shutting down and abandoning module SizeMap (434)
[2018.04.22-16.02.17:520][372]LogModuleManager: Shutting down and abandoning module TreeMap (432)
[2018.04.22-16.02.17:600][372]LogModuleManager: Shutting down and abandoning module ReferenceViewer (430)
[2018.04.22-16.02.17:600][372]LogModuleManager: Shutting down and abandoning module LocalizationDashboard (428)
[2018.04.22-16.02.17:607][372]LogModuleManager: Shutting down and abandoning module LocalizationService (427)
[2018.04.22-16.02.17:607][372]LogModuleManager: Shutting down and abandoning module HardwareTargeting (424)
[2018.04.22-16.02.17:607][372]LogModuleManager: Shutting down and abandoning module DeviceProfileEditor (422)
[2018.04.22-16.02.17:621][372]LogModuleManager: Shutting down and abandoning module UndoHistory (420)
[2018.04.22-16.02.17:621][372]LogModuleManager: Shutting down and abandoning module UserFeedback (418)
[2018.04.22-16.02.17:621][372]LogModuleManager: Shutting down and abandoning module XmlParser (416)
[2018.04.22-16.02.17:621][372]LogModuleManager: Shutting down and abandoning module Blutility (414)
[2018.04.22-16.02.17:621][372]LogModuleManager: Shutting down and abandoning module ProjectSettingsViewer (412)
[2018.04.22-16.02.17:622][372]LogModuleManager: Shutting down and abandoning module ProjectTargetPlatformEditor (411)
[2018.04.22-16.02.17:622][372]LogModuleManager: Shutting down and abandoning module EditorSettingsViewer (408)
[2018.04.22-16.02.17:622][372]LogModuleManager: Shutting down and abandoning module SettingsEditor (406)
[2018.04.22-16.02.17:622][372]LogModuleManager: Shutting down and abandoning module ProjectLauncher (404)
