Log file open, 08/13/18 11:18:00
LogInit:Display: Running engine for game: SynEnv
LogPlatformFile: Not using cached read wrapper
LogInit:Display: RandInit(1142743378) SRandInit(1142743378).
LogTaskGraph: Started task graph with 5 named threads and 8 total threads with 1 sets of task threads.
LogStats: Stats thread started at 1.508380
LogInit: Using libcurl 7.47.1
LogInit:  - built for x86_64-pc-win32
LogInit:  - supports SSL with OpenSSL/1.0.2g
LogInit:  - supports HTTP deflate (compression) using libz 1.2.8
LogInit:  - other features:
LogInit:      CURL_VERSION_SSL
LogInit:      CURL_VERSION_LIBZ
LogInit:      CURL_VERSION_IPV6
LogInit:      CURL_VERSION_ASYNCHDNS
LogInit:      CURL_VERSION_LARGEFILE
LogInit:      CURL_VERSION_IDN
LogInit:  CurlRequestOptions (configurable via config and command line):
LogInit:  - bVerifyPeer = false  - Libcurl will NOT verify peer certificate
LogInit:  - bUseHttpProxy = false  - Libcurl will NOT use HTTP proxy
LogInit:  - bDontReuseConnections = false  - Libcurl will reuse connections
LogInit:  - CertBundlePath = nullptr  - Libcurl will use whatever was configured at build time.
LogInit: Build: ++UE4+Release-4.16-CL-3561208
LogInit: Engine Version: 4.16.3-3561208+++UE4+Release-4.16
LogInit: Compatible Engine Version: 4.16.0-3452394+++UE4+Release-4.16
LogInit: Net CL: 3452394
LogDevObjectVersion: Number of dev versions registered: 16
LogDevObjectVersion:   Dev-Blueprints (B0D832E4-1F89-4F0D-ACCF-7EB736FD4AA2): 9
LogDevObjectVersion:   Dev-Build (E1C64328-A22C-4D53-A36C-8E866417BD8C): 0
LogDevObjectVersion:   Dev-Core (375EC13C-06E4-48FB-B500-84F0262A717E): 2
LogDevObjectVersion:   Dev-Editor (E4B068ED-F494-42E9-A231-DA0B2E46BB41): 17
LogDevObjectVersion:   Dev-Framework (CFFC743F-43B0-4480-9391-14DF171D2073): 23
LogDevObjectVersion:   Dev-Mobile (B02B49B5-BB20-44E9-A304-32B752E40360): 0
LogDevObjectVersion:   Dev-Networking (A4E4105C-59A1-49B5-A7C5-40C4547EDFEE): 0
LogDevObjectVersion:   Dev-Online (39C831C9-5AE6-47DC-9A44-9C173E1C8E7C): 0
LogDevObjectVersion:   Dev-Physics (78F01B33-EBEA-4F98-B9B4-84EACCB95AA2): 0
LogDevObjectVersion:   Dev-Platform (6631380F-2D4D-43E0-8009-CF276956A95A): 0
LogDevObjectVersion:   Dev-Rendering (12F88B9F-8875-4AFC-A67C-D90C383ABD29): 15
LogDevObjectVersion:   Dev-Sequencer (7B5AE74C-D270-4C10-A958-57980B212A5A): 4
LogDevObjectVersion:   Dev-VR (D7296918-1DD6-4BDD-9DE2-64A83CC13884): 0
LogDevObjectVersion:   Dev-LoadTimes (C2A15278-BFE7-4AFE-6C17-90FF531DF755): 1
LogDevObjectVersion:   Private-Geometry (6EACA3D4-40EC-4CC1-B786-8BED09428FC5): 1
LogDevObjectVersion:   Dev-AnimPhys (29E575DD-E0A3-4627-9D10-D276232CDCEA): 3
LogInit: Compiled (64-bit): Jul 28 2017 11:49:47
LogInit: Compiled with Visual C++: 19.00.24215.01
LogInit: Build Configuration: Development
LogInit: Branch Name: ++UE4+Release-4.16
LogInit: Command line:  
LogInit: Base directory: C:/Program Files/Epic Games/UE_4.16/Engine/Binaries/Win64/
LogInit: Installed Engine Build: 1
LogInit: Presizing for max 8388607 objects, including 0 objects not considered by GC, pre-allocating 0 bytes for permanent pool.
LogInit: Object subsystem initialized
[2018.08.13-18.18.01:682][  0]LogInit: Selected Device Profile: [Windows]
[2018.08.13-18.18.01:682][  0]LogInit: Applying CVar settings loaded from the selected device profile: [Windows]
[2018.08.13-18.18.01:801][  0]LogInit: Computer: DESKTOP-8FR1BU2
[2018.08.13-18.18.01:801][  0]LogInit: User: Tsanresearch
[2018.08.13-18.18.01:801][  0]LogInit: CPU Page size=4096, Cores=4
[2018.08.13-18.18.01:801][  0]LogInit: High frequency timer resolution =3.328128 MHz
[2018.08.13-18.18.01:824][  0]LogMemory: Memory total: Physical=15.9GB (16GB approx)
[2018.08.13-18.18.01:824][  0]LogMemory: Platform Memory Stats for Windows
[2018.08.13-18.18.01:824][  0]LogMemory: Process Physical Memory: 273.29 MB used, 273.29 MB peak
[2018.08.13-18.18.01:824][  0]LogMemory: Process Virtual Memory: 262.98 MB used, 262.98 MB peak
[2018.08.13-18.18.01:824][  0]LogMemory: Physical Memory: 10046.44 MB used,  6240.27 MB free, 16286.71 MB total
[2018.08.13-18.18.01:824][  0]LogMemory: Virtual Memory: 4770.40 MB used,  6240.27 MB free, 134217728.00 MB total
[2018.08.13-18.18.02:742][  0]LogInit: Using OS detected language (en-US).
[2018.08.13-18.18.02:742][  0]LogInit: Using OS detected locale (en-US).
[2018.08.13-18.18.03:033][  0]LogTextLocalizationManager: No specific localization for 'en-US' exists, so the 'en' localization will be used.
[2018.08.13-18.18.10:836][  0]LogD3D11RHI: D3D11 adapters:
[2018.08.13-18.18.11:217][  0]LogD3D11RHI:    0. 'NVIDIA GeForce GTX 1070' (Feature Level 11_0)
[2018.08.13-18.18.11:217][  0]LogD3D11RHI:       8088/0/8143 MB DedicatedVideo/DedicatedSystem/SharedSystem, Outputs:2, VendorId:0x10de
[2018.08.13-18.18.11:318][  0]LogD3D11RHI:    1. 'Intel(R) HD Graphics 530' (Feature Level 11_0)
[2018.08.13-18.18.11:318][  0]LogD3D11RHI:       128/0/8143 MB DedicatedVideo/DedicatedSystem/SharedSystem, Outputs:0, VendorId:0x8086
[2018.08.13-18.18.11:320][  0]LogD3D11RHI:    2. 'Microsoft Basic Render Driver' (Feature Level 11_0)
[2018.08.13-18.18.11:320][  0]LogD3D11RHI:       0/0/8143 MB DedicatedVideo/DedicatedSystem/SharedSystem, Outputs:0, VendorId:0x1414
[2018.08.13-18.18.11:320][  0]LogD3D11RHI: Chosen D3D11 Adapter: 0
[2018.08.13-18.18.11:326][  0]LogD3D11RHI: Creating new Direct3DDevice
[2018.08.13-18.18.11:326][  0]LogD3D11RHI:     GPU DeviceId: 0x1b81 (for the marketing name, search the web for "GPU Device Id")
[2018.08.13-18.18.11:326][  0]LogWindows: EnumDisplayDevices:
[2018.08.13-18.18.11:327][  0]LogWindows:    0. 'NVIDIA GeForce GTX 1070' (P:1 D:1)
[2018.08.13-18.18.11:327][  0]LogWindows:    1. 'NVIDIA GeForce GTX 1070' (P:0 D:1)
[2018.08.13-18.18.11:327][  0]LogWindows:    2. 'NVIDIA GeForce GTX 1070' (P:0 D:0)
[2018.08.13-18.18.11:327][  0]LogWindows:    3. 'NVIDIA GeForce GTX 1070' (P:0 D:0)
[2018.08.13-18.18.11:327][  0]LogWindows:    4. 'Intel(R) HD Graphics 530' (P:0 D:0)
[2018.08.13-18.18.11:327][  0]LogWindows:    5. 'Intel(R) HD Graphics 530' (P:0 D:0)
[2018.08.13-18.18.11:327][  0]LogWindows:    6. 'Intel(R) HD Graphics 530' (P:0 D:0)
[2018.08.13-18.18.11:327][  0]LogWindows: DebugString: GetVideoDriverDetailsInvalid PrimaryIsNotTheChoosenAdapter GetVideoDriverDetailsInvalid PrimaryIsNotTheChoosenAdapter GetVideoDriverDetailsInvalid PrimaryIsNotTheChoosenAdapter GetVideoDriverDetailsInvalid PrimaryIsNotTheChoosenAdapter GetVideoDriverDetailsInvalid PrimaryIsNotTheChoosenAdapter GetVideoDriverDetailsInvalid PrimaryIsNotTheChoosenAdapter GetVideoDriverDetailsInvalid PrimaryIsNotTheChoosenAdapter FoundDriverCount:0 
[2018.08.13-18.18.11:327][  0]LogD3D11RHI:     Adapter Name: NVIDIA GeForce GTX 1070
[2018.08.13-18.18.11:327][  0]LogD3D11RHI:   Driver Version: Unknown (internal:Unknown, unified:Unknown)
[2018.08.13-18.18.11:327][  0]LogD3D11RHI:      Driver Date: Unknown
[2018.08.13-18.18.11:327][  0]LogRHI: Texture pool is 1361 MB (70% of 1945 MB)
[2018.08.13-18.18.11:386][  0]LogD3D11RHI: Async texture creation enabled
[2018.08.13-18.18.11:526][  0]LogD3D11RHI: GPU Timing Frequency: 1000.000000 (Debug: 2 2)
[2018.08.13-18.18.11:730][  0]LogShaderCompilers: Guid format shader working directory is -4 characters bigger than the processId version (../../../../../../Users/Tsan-research/Desktop/SynEnv_4_16/Intermediate/Shaders/WorkingDirectory/10012/).
[2018.08.13-18.18.11:731][  0]LogShaderCompilers: Cleaned the shader compiler working directory 'C:/Users/Tsan-research/AppData/Local/Temp/UnrealShaderWorkingDir/0A52127841AE9C6425F5ACA1E7B1D810/'.
[2018.08.13-18.18.11:731][  0]LogShaderCompilers:Display: Using Local Shader Compiler.
[2018.08.13-18.18.18:718][  0]LogTemp:Display: Loaded TP AllDesktopTargetPlatform
[2018.08.13-18.18.18:764][  0]LogTemp:Display: Loaded TP MacClientTargetPlatform
[2018.08.13-18.18.18:818][  0]LogTemp:Display: Loaded TP MacNoEditorTargetPlatform
[2018.08.13-18.18.18:872][  0]LogTemp:Display: Loaded TP MacServerTargetPlatform
[2018.08.13-18.18.18:955][  0]LogTemp:Display: Loaded TP MacTargetPlatform
[2018.08.13-18.18.19:014][  0]LogTemp:Display: Loaded TP WindowsClientTargetPlatform
[2018.08.13-18.18.19:089][  0]LogTemp:Display: Loaded TP WindowsNoEditorTargetPlatform
[2018.08.13-18.18.19:200][  0]LogTemp:Display: Loaded TP WindowsServerTargetPlatform
[2018.08.13-18.18.19:353][  0]LogTemp:Display: Loaded TP WindowsTargetPlatform
[2018.08.13-18.18.19:508][  0]LogTemp:Display: Loaded TP AndroidTargetPlatform
[2018.08.13-18.18.19:589][  0]LogTemp:Display: Loaded TP Android_ASTCTargetPlatform
[2018.08.13-18.18.19:658][  0]LogTemp:Display: Loaded TP Android_ATCTargetPlatform
[2018.08.13-18.18.19:783][  0]LogTemp:Display: Loaded TP Android_DXTTargetPlatform
[2018.08.13-18.18.19:878][  0]LogTemp:Display: Loaded TP Android_ETC1TargetPlatform
[2018.08.13-18.18.19:945][  0]LogTemp:Display: Loaded TP Android_ETC2TargetPlatform
[2018.08.13-18.18.20:098][  0]LogTemp:Display: Loaded TP Android_MultiTargetPlatform
[2018.08.13-18.18.20:098][  0]LogTemp:Display: Loaded TP Android_PVRTCTargetPlatform
[2018.08.13-18.18.20:165][  0]LogTemp:Display: Loaded TP HTML5TargetPlatform
[2018.08.13-18.18.20:503][  0]LogTemp:Display: Loaded TP IOSTargetPlatform
[2018.08.13-18.18.20:536][  0]LogTemp:Display: Loaded TP TVOSTargetPlatform
[2018.08.13-18.18.20:628][  0]LogTemp:Display: Loaded TP LinuxClientTargetPlatform
[2018.08.13-18.18.20:709][  0]LogTemp:Display: Loaded TP LinuxNoEditorTargetPlatform
[2018.08.13-18.18.20:783][  0]LogTemp:Display: Loaded TP LinuxServerTargetPlatform
[2018.08.13-18.18.20:890][  0]LogTemp:Display: Loaded TP LinuxTargetPlatform
[2018.08.13-18.18.20:890][  0]LogTargetPlatformManager:Display: Building Assets For Windows
[2018.08.13-18.18.23:418][  0]LogDerivedDataCache:Display: Max Cache Size: 512 MB
[2018.08.13-18.18.24:317][  0]LogDerivedDataCache: Loaded boot cache 0.88s 90MB C:/Users/Tsan-research/AppData/Local/UnrealEngine/4.16/DerivedDataCache/Boot.ddc.
[2018.08.13-18.18.24:317][  0]LogDerivedDataCache:Display: Loaded Boot cache: C:/Users/Tsan-research/AppData/Local/UnrealEngine/4.16/DerivedDataCache/Boot.ddc
[2018.08.13-18.18.24:317][  0]LogDerivedDataCache: FDerivedDataBackendGraph:  Pak pak cache file ../../../../../../Users/Tsan-research/Desktop/SynEnv_4_16/DerivedDataCache/DDC.ddp not found, will not use a pak cache.
[2018.08.13-18.18.24:317][  0]LogDerivedDataCache: Unable to find inner node Pak for hierarchical cache Hierarchy.
[2018.08.13-18.18.24:317][  0]LogDerivedDataCache: FDerivedDataBackendGraph:  CompressedPak pak cache file ../../../../../../Users/Tsan-research/Desktop/SynEnv_4_16/DerivedDataCache/Compressed.ddp not found, will not use a pak cache.
[2018.08.13-18.18.24:317][  0]LogDerivedDataCache: Unable to find inner node CompressedPak for hierarchical cache Hierarchy.
[2018.08.13-18.18.24:389][  0]LogDerivedDataCache:Display: Pak cache opened for reading ../../../Engine/DerivedDataCache/Compressed.ddp.
[2018.08.13-18.18.24:401][  0]LogDerivedDataCache: Using Local data cache path C:/Users/Tsan-research/AppData/Local/UnrealEngine/Common/DerivedDataCache: Writable
[2018.08.13-18.18.24:412][  0]LogMaterial: Verifying Global Shaders for PCD3D_SM5
[2018.08.13-18.18.24:471][  0]LogSlate: Using Freetype 2.6.0
[2018.08.13-18.18.24:601][  0]LogSlate: SlateFontCache - WITH_FREETYPE: 1, WITH_HARFBUZZ: 1
[2018.08.13-18.18.24:601][  0]LogSlate: SlateFontCache - WITH_FREETYPE: 1, WITH_HARFBUZZ: 1
[2018.08.13-18.18.30:986][  0]LogInit: Selected Device Profile: [Windows]
[2018.08.13-18.18.31:505][  0]LogContentStreaming: Texture pool size is 0.00 MB
[2018.08.13-18.18.31:887][  0]LogMeshUtilities: Using QuadricMeshReduction for automatic static mesh reduction
[2018.08.13-18.18.32:011][  0]LogSimplygon: Simplygon DLL not present - disabling.
[2018.08.13-18.18.32:139][  0]LogMeshUtilities: Using SimplygonSwarm for distributed automatic mesh merging
[2018.08.13-18.18.32:139][  0]LogMeshUtilities: No automatic skeletal mesh reduction module available
[2018.08.13-18.18.32:139][  0]LogMeshUtilities: No automatic mesh merging module available
[2018.08.13-18.18.35:168][  0]LogNetVersion: SynEnv , NetCL: 3452394, EngineNetVer: 2, GameNetVer: 0 (Checksum: 277580360)
[2018.08.13-18.18.35:472][  0]LogAssetRegistry: FAssetRegistry took 0.0588 seconds to start up
[2018.08.13-18.18.35:795][  0]LogPackageLocalizationCache: Processed 5 localized package path(s) for 2 prioritized culture(s) in 0.238190 seconds
[2018.08.13-18.18.35:808][  0]LogUObjectArray: 34194 objects as part of root set at end of initial load.
[2018.08.13-18.18.35:808][  0]LogUObjectAllocator: 7260416 out of 0 bytes used by permanent object pool.
[2018.08.13-18.18.35:808][  0]LogUObjectArray: CloseDisregardForGC: 0/0 objects in disregard for GC pool
[2018.08.13-18.18.35:932][  0]LogInit: WinSock: version 1.1 (2.2), MaxSocks=32767, MaxUdp=65467
[2018.08.13-18.19.05:504][  0]LogSubstanceCoreModule: Substance [CPU] Engine Loaded, Max Texture Size = 2048
[2018.08.13-18.19.05:625][  0]LogTcpMessaging: Initializing TcpMessaging bridge
[2018.08.13-18.19.05:740][  0]LogUdpMessaging: Initializing bridge on interface 0.0.0.0:0 to multicast group 230.0.0.1:6666.
[2018.08.13-18.19.06:435][  0]LogUnrealCV:Warning: Can not recognize visualization mode 
[2018.08.13-18.19.06:436][  0]LogUnrealCV:Warning: Loading config
[2018.08.13-18.19.06:452][  0]LogUnrealCV:Warning: Port: 9000
[2018.08.13-18.19.06:452][  0]LogUnrealCV:Warning: Width: 144
[2018.08.13-18.19.06:452][  0]LogUnrealCV:Warning: Height: 81
[2018.08.13-18.19.06:452][  0]LogUnrealCV:Warning: FOV: 84.000000
[2018.08.13-18.19.06:452][  0]LogUnrealCV:Warning: EnableInput: true
[2018.08.13-18.19.06:452][  0]LogUnrealCV:Warning: EnableRightEye: false
[2018.08.13-18.19.06:471][  0]LogUnrealCV:Warning: The UriTemplate vrun ([^ ]*)[ ]*$ already exist, overwrited.
[2018.08.13-18.19.06:483][  0]LogUnrealCV:Warning: Start listening on 9000
[2018.08.13-18.19.07:640][  0]LogMaterial: Uniform references updated for custom material expression Custom.
[2018.08.13-18.19.08:361][  0]SourceControl: Info Source control is disabled
[2018.08.13-18.19.08:729][  0]SourceControl: Info Source control is disabled
[2018.08.13-18.19.08:838][  0]SourceControl: Info Source control is disabled
[2018.08.13-18.19.08:925][  0]SourceControl: Info Source control is disabled
[2018.08.13-18.19.10:347][  0]LogAndroidPermission: UAndroidPermissionCallbackProxy::GetInstance
[2018.08.13-18.19.11:830][  0]LogEngine: Initializing Engine...
[2018.08.13-18.19.11:864][  0]LogHMD: Failed to initialize OpenVR with code 110
[2018.08.13-18.19.12:260][  0]LogStats: UGameplayTagsManager::ConstructGameplayTagTree: Construct from data asset -  0.000 s
[2018.08.13-18.19.12:261][  0]LogStats: UGameplayTagsManager::ConstructGameplayTagTree: GameplayTagTreeChangedEvent.Broadcast -  0.000 s
[2018.08.13-18.19.12:550][  0]LogAIModule: Creating AISystem for world Untitled
[2018.08.13-18.19.12:639][  0]LogInit: XAudio2 using 'VX24A (NVIDIA High Definition Audio)' : 2 channels at 48 kHz using 16 bits per sample (channel mask 0x3)
[2018.08.13-18.19.12:675][  0]LogInit: FAudioDevice initialized.
[2018.08.13-18.19.12:739][  0]LogDerivedDataCache: Saved boot cache 0.06s 90MB C:/Users/Tsan-research/AppData/Local/UnrealEngine/4.16/DerivedDataCache/Boot.ddc.
[2018.08.13-18.19.12:757][  0]LogInit: Texture streaming: Enabled
[2018.08.13-18.19.12:951][  0]LogEngineSessionManager: EngineSessionManager initialized
[2018.08.13-18.19.12:951][  0]LogEngineSessionManager: EngineSessionManager sent abnormal shutdown report. Type=AbnormalShutdown, SessionId={DA2DCDCA-4658-CB45-AB04-F0A60070AB3F}
[2018.08.13-18.19.13:663][  0]LogInit: Transaction tracking system initialized
[2018.08.13-18.19.15:220][  0]BlueprintLog: New page: Editor Load
[2018.08.13-18.19.20:815][  0]LocalizationService: Info Localization service is disabled
[2018.08.13-18.19.23:503][  0]LogConsoleResponse:Display: 
[2018.08.13-18.19.25:519][  0]LogFileCache: Scanning file cache for directory 'C:/Users/Tsan-research/Desktop/SynEnv_4_16/Content/' took 0.05s
[2018.08.13-18.19.25:519][  0]LogCook:Display: Max memory allowance for cook 16384mb min free memory 0mb
[2018.08.13-18.19.25:519][  0]LogCook:Display: Mobile HDR setting 1
[2018.08.13-18.19.31:462][  0]SourceControl: Info Source control is disabled
[2018.08.13-18.19.31:469][  0]Cmd: MAP LOAD FILE="../../../../../../Users/Tsan-research/Desktop/SynEnv_4_16/Content/ThirdPersonBP/Maps/NarrowCorridor.umap" TEMPLATE=0 SHOWPROGRESS=1 FEATURELEVEL=3
[2018.08.13-18.19.31:575][  0]LightingResults: New page: Lighting Build
[2018.08.13-18.19.31:749][  0]MapCheck: New page: Map Check
[2018.08.13-18.19.31:749][  0]LightingResults: New page: Lighting Build
[2018.08.13-18.19.47:088][  0]LogAIModule: Creating AISystem for world NarrowCorridor
[2018.08.13-18.19.47:204][  0]LogEditorServer: Finished looking for orphan Actors (0.012 secs)
[2018.08.13-18.19.47:434][  0]Cmd: MAP CHECKDEP NOCLEARLOG
[2018.08.13-18.19.47:494][  0]MapCheck: Info Map check complete: 0 Error(s), 0 Warning(s), took 60.589ms to complete.
[2018.08.13-18.19.47:494][  0]LogFileHelpers: Loading map 'NarrowCorridor' took 16.026
[2018.08.13-18.19.49:543][  0]LogCollectionManager: Loaded 0 collections in 0.003942 seconds
[2018.08.13-18.19.49:973][  0]LogFileCache: Scanning file cache for directory 'C:/Users/Tsan-research/Desktop/SynEnv_4_16/Saved/Collections/' took 0.01s
[2018.08.13-18.19.49:973][  0]LogFileCache: Scanning file cache for directory 'C:/Users/Tsan-research/Desktop/SynEnv_4_16/Content/Developers/Tsanresearch/Collections/' took 0.01s
[2018.08.13-18.19.49:973][  0]LogFileCache: Scanning file cache for directory 'C:/Users/Tsan-research/Desktop/SynEnv_4_16/Content/Collections/' took 0.01s
[2018.08.13-18.19.49:973][  0]LogCollectionManager: Rebuilt the GUID cache for 0 collections in 0.000018 seconds
[2018.08.13-18.19.50:036][  0]LogContentBrowser: Native class hierarchy populated in 0.0545 seconds. Added 2364 classes and 513 folders.
[2018.08.13-18.19.50:206][  0]LogContentBrowser: Native class hierarchy updated for 'WidgetCarousel' in 0.0032 seconds. Added 0 classes and 0 folders.
[2018.08.13-18.19.55:136][  0]LogContentBrowser: Native class hierarchy updated for 'AddContentDialog' in 0.0026 seconds. Added 0 classes and 0 folders.
[2018.08.13-18.19.55:424][  0]LogContentBrowser: Native class hierarchy updated for 'SceneOutliner' in 0.0024 seconds. Added 1 classes and 2 folders.
[2018.08.13-18.19.56:410][  0]LogCrashTracker: Crashtracker disabled due to settings.
[2018.08.13-18.19.57:209][  0]LogSlate: Took 0.205023 seconds to synchronously load lazily loaded font '../../../Engine/Content/Slate/Fonts/Roboto-Regular.ttf' (155K)
[2018.08.13-18.19.57:314][  0]LogSlate: Took 0.103223 seconds to synchronously load lazily loaded font '../../../Engine/Content/Slate/Fonts/Roboto-Bold.ttf' (160K)
[2018.08.13-18.19.57:381][  0]LogSlate: Took 0.060327 seconds to synchronously load lazily loaded font '../../../Engine/Content/Editor/Slate/Fonts/FontAwesome.ttf' (139K)
[2018.08.13-18.19.57:992][  0]LogRenderer: Reallocating scene render targets to support 256x256 NumSamples 1 (Frame:1).
[2018.08.13-18.19.58:134][  0]LogRenderer: Reallocating scene render targets to support 1152x536 NumSamples 1 (Frame:1).
[2018.08.13-18.19.58:386][  0]LogUObjectGlobals:Warning: Failed to find object 'Class None.'
[2018.08.13-18.19.58:733][  0]LogContentBrowser: Native class hierarchy updated for 'HierarchicalLODOutliner' in 0.0033 seconds. Added 1 classes and 2 folders.
[2018.08.13-18.19.58:733][  0]LogLoad: (Engine Initialization) Total time: 130.70 seconds
[2018.08.13-18.19.58:733][  0]LogLoad: (Engine Initialization) Total Blueprint compile time: 1.91 seconds
[2018.08.13-18.19.58:733][  0]LogExternalProfiler: Found external profiler: VSPerf
[2018.08.13-18.19.58:733][  0]LogExternalProfiler: Using external profiler: VSPerf
[2018.08.13-18.19.59:094][  0]LogOcInput: OculusInput pre-init called
[2018.08.13-18.19.59:094][  0]LogHMD: Starting GearVRController plugin
[2018.08.13-18.19.59:156][  0]LogContentStreaming: Texture pool size now 1000 MB
[2018.08.13-18.19.59:434][  0]LogSlate: Took 0.071289 seconds to synchronously load lazily loaded font '../../../Engine/Content/Slate/Fonts/Roboto-Light.ttf' (159K)
[2018.08.13-18.20.00:467][  3]LogAssetRegistry: Asset discovery search completed in 85.0268 seconds
[2018.08.13-18.20.00:469][  3]LogCollectionManager: Rebuilt the object cache for 0 collections in 0.000001 seconds (found 0 objects)
[2018.08.13-18.20.00:469][  3]LogCollectionManager: Fixed up redirectors for 0 collections in 0.000074 seconds (updated 0 objects)
[2018.08.13-18.23.36:884][894]LogSlate: Took 0.000190 seconds to synchronously load lazily loaded font '../../../Engine/Content/Slate/Fonts/Roboto-Light.ttf' (159K)
[2018.08.13-18.23.37:585][894]LogFactory: FactoryCreateFile: StaticMesh with FbxFactory (0 0 ../../../../../../Users/Tsan-research/Desktop/RuslanScan_001.OBJ)
[2018.08.13-18.23.38:640][894]LogFbx: Loading FBX Scene from ../../../../../../Users/Tsan-research/Desktop/RuslanScan_001.OBJ
[2018.08.13-18.24.03:897][894]LogFbx: FBX Scene Loaded Succesfully
[2018.08.13-18.24.03:921][894]LogSlate: Took 0.000170 seconds to synchronously load lazily loaded font '../../../Engine/Content/Slate/Fonts/Roboto-Regular.ttf' (155K)
[2018.08.13-18.24.13:309][894]LogFbx: Loading FBX Scene from ../../../../../../Users/Tsan-research/Desktop/RuslanScan_001.OBJ
[2018.08.13-18.24.39:369][894]LogFbx: FBX Scene Loaded Succesfully
[2018.08.13-18.24.39:529][894]LogLinker: Can't find file '/Game/ThirdPersonBP/ZBrush_defualt_groupMat'
[2018.08.13-18.24.39:529][894]LogLinker: Can't find file '/Game/ThirdPersonBP/ZBrush_defualt_groupMat'
[2018.08.13-18.24.39:597][894]LogMaterial: Missing cached shader map for material ZBrush_defualt_groupMat, compiling. 
[2018.08.13-18.24.39:705][894]LogFbx:Warning: Triangulating static mesh ZBrush_defualt_group
[2018.08.13-18.29.28:402][894]LogUnrealCV:Warning: New client connected from 187.163.93.35:59220
[2018.08.13-18.29.28:402][894]LogUnrealCV:Error: Bad network header magic
[2018.08.13-18.29.28:419][894]LogStaticMesh: Building static mesh RuslanScan_001...
[2018.08.13-18.30.18:147][894]LogMeshUtilities: Invalid vertex normals found for mesh. Forcing recomputation of vertex normals for MikkTSpace. Fix mesh or disable "Use MikkTSpace Tangent Space" to avoid forced recomputation of normals.
