Log file open, 04/13/18 19:30:07
LogInit:Display: Running engine for game: SynEnv
LogPlatformFile: Not using cached read wrapper
LogInit:Display: RandInit(2110821398) SRandInit(2110821398).
LogTaskGraph: Started task graph with 5 named threads and 8 total threads with 1 sets of task threads.
LogStats: Stats thread started at 0.095178
LogInit: Using libcurl 7.47.1
LogInit:  - built for x86_64-pc-win32
LogInit:  - supports SSL with OpenSSL/1.0.2g
LogInit:  - supports HTTP deflate (compression) using libz 1.2.8
LogInit:  - other features:
LogInit:      CURL_VERSION_SSL
LogInit:      CURL_VERSION_LIBZ
LogInit:      CURL_VERSION_IPV6
LogInit:      CURL_VERSION_ASYNCHDNS
LogInit:      CURL_VERSION_LARGEFILE
LogInit:      CURL_VERSION_IDN
LogInit:  CurlRequestOptions (configurable via config and command line):
LogInit:  - bVerifyPeer = false  - Libcurl will NOT verify peer certificate
LogInit:  - bUseHttpProxy = false  - Libcurl will NOT use HTTP proxy
LogInit:  - bDontReuseConnections = false  - Libcurl will reuse connections
LogInit:  - CertBundlePath = nullptr  - Libcurl will use whatever was configured at build time.
LogInit: Build: ++UE4+Release-4.16-CL-3561208
LogInit: Engine Version: 4.16.3-3561208+++UE4+Release-4.16
LogInit: Compatible Engine Version: 4.16.0-3452394+++UE4+Release-4.16
LogInit: Net CL: 3452394
LogDevObjectVersion: Number of dev versions registered: 16
LogDevObjectVersion:   Dev-Blueprints (B0D832E4-1F89-4F0D-ACCF-7EB736FD4AA2): 9
LogDevObjectVersion:   Dev-Build (E1C64328-A22C-4D53-A36C-8E866417BD8C): 0
LogDevObjectVersion:   Dev-Core (375EC13C-06E4-48FB-B500-84F0262A717E): 2
LogDevObjectVersion:   Dev-Editor (E4B068ED-F494-42E9-A231-DA0B2E46BB41): 17
LogDevObjectVersion:   Dev-Framework (CFFC743F-43B0-4480-9391-14DF171D2073): 23
LogDevObjectVersion:   Dev-Mobile (B02B49B5-BB20-44E9-A304-32B752E40360): 0
LogDevObjectVersion:   Dev-Networking (A4E4105C-59A1-49B5-A7C5-40C4547EDFEE): 0
LogDevObjectVersion:   Dev-Online (39C831C9-5AE6-47DC-9A44-9C173E1C8E7C): 0
LogDevObjectVersion:   Dev-Physics (78F01B33-EBEA-4F98-B9B4-84EACCB95AA2): 0
LogDevObjectVersion:   Dev-Platform (6631380F-2D4D-43E0-8009-CF276956A95A): 0
LogDevObjectVersion:   Dev-Rendering (12F88B9F-8875-4AFC-A67C-D90C383ABD29): 15
LogDevObjectVersion:   Dev-Sequencer (7B5AE74C-D270-4C10-A958-57980B212A5A): 4
LogDevObjectVersion:   Dev-VR (D7296918-1DD6-4BDD-9DE2-64A83CC13884): 0
LogDevObjectVersion:   Dev-LoadTimes (C2A15278-BFE7-4AFE-6C17-90FF531DF755): 1
LogDevObjectVersion:   Private-Geometry (6EACA3D4-40EC-4CC1-B786-8BED09428FC5): 1
LogDevObjectVersion:   Dev-AnimPhys (29E575DD-E0A3-4627-9D10-D276232CDCEA): 3
LogInit: Compiled (64-bit): Jul 28 2017 11:49:47
LogInit: Compiled with Visual C++: 19.00.24215.01
LogInit: Build Configuration: Development
LogInit: Branch Name: ++UE4+Release-4.16
LogInit: Command line:  
LogInit: Base directory: C:/Program Files/Epic Games/UE_4.16/Engine/Binaries/Win64/
LogInit: Installed Engine Build: 1
LogInit: Presizing for max 8388607 objects, including 0 objects not considered by GC, pre-allocating 0 bytes for permanent pool.
LogInit: Object subsystem initialized
[2018.04.13-11.30.07:995][  0]LogInit: Selected Device Profile: [Windows]
[2018.04.13-11.30.07:995][  0]LogInit: Applying CVar settings loaded from the selected device profile: [Windows]
[2018.04.13-11.30.08:050][  0]LogInit: Computer: DESKTOP-8FR1BU2
[2018.04.13-11.30.08:050][  0]LogInit: User: Tsanresearch
[2018.04.13-11.30.08:050][  0]LogInit: CPU Page size=4096, Cores=4
[2018.04.13-11.30.08:050][  0]LogInit: High frequency timer resolution =3.328123 MHz
[2018.04.13-11.30.08:050][  0]LogMemory: Memory total: Physical=15.9GB (16GB approx)
[2018.04.13-11.30.08:050][  0]LogMemory: Platform Memory Stats for Windows
[2018.04.13-11.30.08:050][  0]LogMemory: Process Physical Memory: 272.20 MB used, 272.20 MB peak
[2018.04.13-11.30.08:050][  0]LogMemory: Process Virtual Memory: 262.98 MB used, 262.98 MB peak
[2018.04.13-11.30.08:050][  0]LogMemory: Physical Memory: 11723.57 MB used,  4563.13 MB free, 16286.71 MB total
[2018.04.13-11.30.08:050][  0]LogMemory: Virtual Memory: 673.89 MB used,  4563.13 MB free, 134217728.00 MB total
[2018.04.13-11.30.08:125][  0]LogInit: Using OS detected language (en-US).
[2018.04.13-11.30.08:125][  0]LogInit: Using OS detected locale (en-US).
[2018.04.13-11.30.08:128][  0]LogTextLocalizationManager: No specific localization for 'en-US' exists, so the 'en' localization will be used.
[2018.04.13-11.30.16:765][  0]LogD3D11RHI: D3D11 adapters:
[2018.04.13-11.30.16:812][  0]LogD3D11RHI:    0. 'NVIDIA GeForce GTX 1070' (Feature Level 11_0)
[2018.04.13-11.30.16:812][  0]LogD3D11RHI:       8119/0/8143 MB DedicatedVideo/DedicatedSystem/SharedSystem, Outputs:2, VendorId:0x10de
[2018.04.13-11.30.16:819][  0]LogD3D11RHI:    1. 'Intel(R) HD Graphics 530' (Feature Level 11_0)
[2018.04.13-11.30.16:819][  0]LogD3D11RHI:       128/0/8143 MB DedicatedVideo/DedicatedSystem/SharedSystem, Outputs:0, VendorId:0x8086
[2018.04.13-11.30.16:821][  0]LogD3D11RHI:    2. 'Microsoft Basic Render Driver' (Feature Level 11_0)
[2018.04.13-11.30.16:821][  0]LogD3D11RHI:       0/0/8143 MB DedicatedVideo/DedicatedSystem/SharedSystem, Outputs:0, VendorId:0x1414
[2018.04.13-11.30.16:821][  0]LogD3D11RHI: Chosen D3D11 Adapter: 0
[2018.04.13-11.30.16:829][  0]LogD3D11RHI: Creating new Direct3DDevice
[2018.04.13-11.30.16:829][  0]LogD3D11RHI:     GPU DeviceId: 0x1b81 (for the marketing name, search the web for "GPU Device Id")
[2018.04.13-11.30.16:829][  0]LogWindows: EnumDisplayDevices:
[2018.04.13-11.30.16:829][  0]LogWindows:    0. 'NVIDIA GeForce GTX 1070' (P:1 D:1)
[2018.04.13-11.30.16:829][  0]LogWindows:    1. 'NVIDIA GeForce GTX 1070' (P:0 D:1)
[2018.04.13-11.30.16:830][  0]LogWindows:    2. 'NVIDIA GeForce GTX 1070' (P:0 D:0)
[2018.04.13-11.30.16:830][  0]LogWindows:    3. 'NVIDIA GeForce GTX 1070' (P:0 D:0)
[2018.04.13-11.30.16:830][  0]LogWindows:    4. 'Intel(R) HD Graphics 530' (P:0 D:0)
[2018.04.13-11.30.16:830][  0]LogWindows:    5. 'Intel(R) HD Graphics 530' (P:0 D:0)
[2018.04.13-11.30.16:830][  0]LogWindows:    6. 'Intel(R) HD Graphics 530' (P:0 D:0)
[2018.04.13-11.30.16:830][  0]LogWindows: DebugString: GetVideoDriverDetailsInvalid PrimaryIsNotTheChoosenAdapter GetVideoDriverDetailsInvalid PrimaryIsNotTheChoosenAdapter GetVideoDriverDetailsInvalid PrimaryIsNotTheChoosenAdapter GetVideoDriverDetailsInvalid PrimaryIsNotTheChoosenAdapter GetVideoDriverDetailsInvalid PrimaryIsNotTheChoosenAdapter GetVideoDriverDetailsInvalid PrimaryIsNotTheChoosenAdapter GetVideoDriverDetailsInvalid PrimaryIsNotTheChoosenAdapter FoundDriverCount:0 
[2018.04.13-11.30.16:830][  0]LogD3D11RHI:     Adapter Name: NVIDIA GeForce GTX 1070
[2018.04.13-11.30.16:830][  0]LogD3D11RHI:   Driver Version: Unknown (internal:Unknown, unified:Unknown)
[2018.04.13-11.30.16:830][  0]LogD3D11RHI:      Driver Date: Unknown
[2018.04.13-11.30.16:830][  0]LogRHI: Texture pool is 1361 MB (70% of 1945 MB)
[2018.04.13-11.30.16:852][  0]LogD3D11RHI: Async texture creation enabled
[2018.04.13-11.30.16:863][  0]LogD3D11RHI: GPU Timing Frequency: 1000.000000 (Debug: 2 1)
[2018.04.13-11.30.16:961][  0]LogShaderCompilers: Guid format shader working directory is -3 characters bigger than the processId version (../../../../../../Users/Tsan-research/Desktop/SynEnv_4_16/Intermediate/Shaders/WorkingDirectory/5652/).
[2018.04.13-11.30.16:961][  0]LogShaderCompilers: Cleaned the shader compiler working directory 'C:/Users/Tsan-research/AppData/Local/Temp/UnrealShaderWorkingDir/15D372D948D82D39D3AD11A4AF074EE0/'.
[2018.04.13-11.30.16:961][  0]LogShaderCompilers:Display: Using Local Shader Compiler.
[2018.04.13-11.30.25:159][  0]LogTemp:Display: Loaded TP AllDesktopTargetPlatform
[2018.04.13-11.30.25:207][  0]LogTemp:Display: Loaded TP MacClientTargetPlatform
[2018.04.13-11.30.25:256][  0]LogTemp:Display: Loaded TP MacNoEditorTargetPlatform
[2018.04.13-11.30.25:306][  0]LogTemp:Display: Loaded TP MacServerTargetPlatform
[2018.04.13-11.30.25:392][  0]LogTemp:Display: Loaded TP MacTargetPlatform
[2018.04.13-11.30.25:443][  0]LogTemp:Display: Loaded TP WindowsClientTargetPlatform
[2018.04.13-11.30.25:494][  0]LogTemp:Display: Loaded TP WindowsNoEditorTargetPlatform
[2018.04.13-11.30.25:543][  0]LogTemp:Display: Loaded TP WindowsServerTargetPlatform
[2018.04.13-11.30.25:587][  0]LogTemp:Display: Loaded TP WindowsTargetPlatform
[2018.04.13-11.30.25:661][  0]LogTemp:Display: Loaded TP AndroidTargetPlatform
[2018.04.13-11.30.25:708][  0]LogTemp:Display: Loaded TP Android_ASTCTargetPlatform
[2018.04.13-11.30.25:755][  0]LogTemp:Display: Loaded TP Android_ATCTargetPlatform
[2018.04.13-11.30.25:805][  0]LogTemp:Display: Loaded TP Android_DXTTargetPlatform
[2018.04.13-11.30.25:856][  0]LogTemp:Display: Loaded TP Android_ETC1TargetPlatform
[2018.04.13-11.30.25:902][  0]LogTemp:Display: Loaded TP Android_ETC2TargetPlatform
[2018.04.13-11.30.25:995][  0]LogTemp:Display: Loaded TP Android_MultiTargetPlatform
[2018.04.13-11.30.25:995][  0]LogTemp:Display: Loaded TP Android_PVRTCTargetPlatform
[2018.04.13-11.30.26:031][  0]LogTemp:Display: Loaded TP HTML5TargetPlatform
[2018.04.13-11.30.26:153][  0]LogTemp:Display: Loaded TP IOSTargetPlatform
[2018.04.13-11.30.26:181][  0]LogTemp:Display: Loaded TP TVOSTargetPlatform
[2018.04.13-11.30.26:229][  0]LogTemp:Display: Loaded TP LinuxClientTargetPlatform
[2018.04.13-11.30.26:276][  0]LogTemp:Display: Loaded TP LinuxNoEditorTargetPlatform
[2018.04.13-11.30.26:324][  0]LogTemp:Display: Loaded TP LinuxServerTargetPlatform
[2018.04.13-11.30.26:392][  0]LogTemp:Display: Loaded TP LinuxTargetPlatform
[2018.04.13-11.30.26:392][  0]LogTargetPlatformManager:Display: Building Assets For Windows
[2018.04.13-11.30.27:041][  0]LogDerivedDataCache:Display: Max Cache Size: 512 MB
[2018.04.13-11.30.29:560][  0]LogDerivedDataCache: Loaded boot cache 2.52s 90MB C:/Users/Tsan-research/AppData/Local/UnrealEngine/4.16/DerivedDataCache/Boot.ddc.
[2018.04.13-11.30.29:560][  0]LogDerivedDataCache:Display: Loaded Boot cache: C:/Users/Tsan-research/AppData/Local/UnrealEngine/4.16/DerivedDataCache/Boot.ddc
[2018.04.13-11.30.29:560][  0]LogDerivedDataCache: FDerivedDataBackendGraph:  Pak pak cache file ../../../../../../Users/Tsan-research/Desktop/SynEnv_4_16/DerivedDataCache/DDC.ddp not found, will not use a pak cache.
[2018.04.13-11.30.29:560][  0]LogDerivedDataCache: Unable to find inner node Pak for hierarchical cache Hierarchy.
[2018.04.13-11.30.29:560][  0]LogDerivedDataCache: FDerivedDataBackendGraph:  CompressedPak pak cache file ../../../../../../Users/Tsan-research/Desktop/SynEnv_4_16/DerivedDataCache/Compressed.ddp not found, will not use a pak cache.
[2018.04.13-11.30.29:560][  0]LogDerivedDataCache: Unable to find inner node CompressedPak for hierarchical cache Hierarchy.
[2018.04.13-11.30.29:574][  0]LogDerivedDataCache:Display: Pak cache opened for reading ../../../Engine/DerivedDataCache/Compressed.ddp.
[2018.04.13-11.30.29:585][  0]LogDerivedDataCache: Using Local data cache path C:/Users/Tsan-research/AppData/Local/UnrealEngine/Common/DerivedDataCache: Writable
[2018.04.13-11.30.29:594][  0]LogMaterial: Verifying Global Shaders for PCD3D_SM5
[2018.04.13-11.30.29:594][  0]LogSlate: Using Freetype 2.6.0
[2018.04.13-11.30.29:595][  0]LogSlate: SlateFontCache - WITH_FREETYPE: 1, WITH_HARFBUZZ: 1
[2018.04.13-11.30.29:595][  0]LogSlate: SlateFontCache - WITH_FREETYPE: 1, WITH_HARFBUZZ: 1
[2018.04.13-11.30.29:958][  0]LogInit: Selected Device Profile: [Windows]
[2018.04.13-11.30.30:062][  0]LogContentStreaming: Texture pool size is 0.00 MB
[2018.04.13-11.30.30:294][  0]LogMeshUtilities: Using QuadricMeshReduction for automatic static mesh reduction
[2018.04.13-11.30.30:341][  0]LogSimplygon: Simplygon DLL not present - disabling.
[2018.04.13-11.30.30:399][  0]LogMeshUtilities: Using SimplygonSwarm for distributed automatic mesh merging
[2018.04.13-11.30.30:399][  0]LogMeshUtilities: No automatic skeletal mesh reduction module available
[2018.04.13-11.30.30:399][  0]LogMeshUtilities: No automatic mesh merging module available
[2018.04.13-11.30.31:223][  0]LogNetVersion: SynEnv , NetCL: 3452394, EngineNetVer: 2, GameNetVer: 0 (Checksum: 277580360)
[2018.04.13-11.30.31:294][  0]LogAssetRegistry: FAssetRegistry took 0.0251 seconds to start up
[2018.04.13-11.30.31:370][  0]LogPackageLocalizationCache: Processed 5 localized package path(s) for 2 prioritized culture(s) in 0.052527 seconds
[2018.04.13-11.30.31:376][  0]LogUObjectArray: 34194 objects as part of root set at end of initial load.
[2018.04.13-11.30.31:376][  0]LogUObjectAllocator: 7260424 out of 0 bytes used by permanent object pool.
[2018.04.13-11.30.31:376][  0]LogUObjectArray: CloseDisregardForGC: 0/0 objects in disregard for GC pool
[2018.04.13-11.30.31:447][  0]LogInit: WinSock: version 1.1 (2.2), MaxSocks=32767, MaxUdp=65467
[2018.04.13-11.31.09:533][  0]LogSubstanceCoreModule: Substance [CPU] Engine Loaded, Max Texture Size = 2048
[2018.04.13-11.31.09:667][  0]LogTcpMessaging: Initializing TcpMessaging bridge
[2018.04.13-11.31.09:787][  0]LogUdpMessaging: Initializing bridge on interface 0.0.0.0:0 to multicast group 230.0.0.1:6666.
[2018.04.13-11.31.10:488][  0]LogUnrealCV:Warning: Can not recognize visualization mode 
[2018.04.13-11.31.10:489][  0]LogUnrealCV:Warning: Loading config
[2018.04.13-11.31.10:492][  0]LogUnrealCV:Warning: Port: 9000
[2018.04.13-11.31.10:492][  0]LogUnrealCV:Warning: Width: 144
[2018.04.13-11.31.10:492][  0]LogUnrealCV:Warning: Height: 81
[2018.04.13-11.31.10:492][  0]LogUnrealCV:Warning: FOV: 84.000000
[2018.04.13-11.31.10:492][  0]LogUnrealCV:Warning: EnableInput: true
[2018.04.13-11.31.10:492][  0]LogUnrealCV:Warning: EnableRightEye: false
[2018.04.13-11.31.10:493][  0]LogUnrealCV:Warning: The UriTemplate vrun ([^ ]*)[ ]*$ already exist, overwrited.
[2018.04.13-11.31.10:493][  0]FTcpSocketBuilder: Failed to create the socket FTcpListener server as configured
[2018.04.13-11.31.10:493][  0]LogUnrealCV:Warning: Cannot start listening on port 9000, Port might be in use
[2018.04.13-11.31.10:493][  0]LogUnrealCV:Warning: Failed to start network server
[2018.04.13-11.31.11:880][  0]LogMaterial: Uniform references updated for custom material expression Custom.
[2018.04.13-11.31.12:562][  0]SourceControl: Info Source control is disabled
[2018.04.13-11.31.12:997][  0]SourceControl: Info Source control is disabled
[2018.04.13-11.31.13:069][  0]SourceControl: Info Source control is disabled
[2018.04.13-11.31.13:163][  0]SourceControl: Info Source control is disabled
[2018.04.13-11.31.15:111][  0]LogAndroidPermission: UAndroidPermissionCallbackProxy::GetInstance
[2018.04.13-11.31.16:484][  0]LogEngine: Initializing Engine...
[2018.04.13-11.31.16:484][  0]LogHMD: Failed to initialize OpenVR with code 110
[2018.04.13-11.31.16:742][  0]LogStats: UGameplayTagsManager::ConstructGameplayTagTree: Construct from data asset -  0.000 s
[2018.04.13-11.31.16:742][  0]LogStats: UGameplayTagsManager::ConstructGameplayTagTree: GameplayTagTreeChangedEvent.Broadcast -  0.000 s
[2018.04.13-11.31.16:920][  0]LogAIModule: Creating AISystem for world Untitled
[2018.04.13-11.31.16:949][  0]LogInit: XAudio2 using 'Speakers / Headphones (Realtek Audio)' : 2 channels at 48 kHz using 32 bits per sample (channel mask 0x3)
[2018.04.13-11.31.17:001][  0]LogInit: FAudioDevice initialized.
[2018.04.13-11.31.17:052][  0]LogDerivedDataCache: Saved boot cache 0.05s 90MB C:/Users/Tsan-research/AppData/Local/UnrealEngine/4.16/DerivedDataCache/Boot.ddc.
[2018.04.13-11.31.17:074][  0]LogInit: Texture streaming: Enabled
[2018.04.13-11.31.17:551][  0]LogEngineSessionManager: EngineSessionManager initialized
[2018.04.13-11.31.17:551][  0]LogEngineSessionManager: EngineSessionManager sent abnormal shutdown report. Type=Crashed, SessionId={5A8E5B9A-4D68-C4E9-035B-43A1C365C632}
[2018.04.13-11.31.18:866][  0]LogInit: Transaction tracking system initialized
[2018.04.13-11.31.19:296][  0]BlueprintLog: New page: Editor Load
[2018.04.13-11.31.21:663][  0]LocalizationService: Info Localization service is disabled
[2018.04.13-11.31.23:235][  0]LogConsoleResponse:Display: 
[2018.04.13-11.31.24:182][  0]LogCook:Display: Max memory allowance for cook 16384mb min free memory 0mb
[2018.04.13-11.31.24:183][  0]LogCook:Display: Mobile HDR setting 1
[2018.04.13-11.31.25:083][  0]LogFileCache: Scanning file cache for directory 'C:/Users/Tsan-research/Desktop/SynEnv_4_16/Content/' took 0.02s
[2018.04.13-11.31.27:177][  0]SourceControl: Info Source control is disabled
[2018.04.13-11.31.27:177][  0]Cmd: MAP LOAD FILE="../../../../../../Users/Tsan-research/Desktop/SynEnv_4_16/Content/ThirdPersonBP/Maps/NarrowCorridor.umap" TEMPLATE=0 SHOWPROGRESS=1 FEATURELEVEL=3
[2018.04.13-11.31.27:178][  0]LightingResults: New page: Lighting Build
[2018.04.13-11.31.27:218][  0]MapCheck: New page: Map Check
[2018.04.13-11.31.27:218][  0]LightingResults: New page: Lighting Build
[2018.04.13-11.31.32:267][  0]LogAIModule: Creating AISystem for world NarrowCorridor
[2018.04.13-11.31.32:290][  0]LogEditorServer: Finished looking for orphan Actors (0.000 secs)
[2018.04.13-11.31.32:319][  0]Cmd: MAP CHECKDEP NOCLEARLOG
[2018.04.13-11.31.32:377][  0]MapCheck: Info Map check complete: 0 Error(s), 0 Warning(s), took 57.356ms to complete.
[2018.04.13-11.31.32:377][  0]LogFileHelpers: Loading map 'NarrowCorridor' took 5.200
[2018.04.13-11.31.32:823][  0]LogCollectionManager: Loaded 0 collections in 0.002595 seconds
[2018.04.13-11.31.32:922][  0]LogFileCache: Scanning file cache for directory 'C:/Users/Tsan-research/Desktop/SynEnv_4_16/Saved/Collections/' took 0.01s
[2018.04.13-11.31.32:922][  0]LogFileCache: Scanning file cache for directory 'C:/Users/Tsan-research/Desktop/SynEnv_4_16/Content/Developers/Tsanresearch/Collections/' took 0.01s
[2018.04.13-11.31.32:922][  0]LogFileCache: Scanning file cache for directory 'C:/Users/Tsan-research/Desktop/SynEnv_4_16/Content/Collections/' took 0.01s
[2018.04.13-11.31.32:922][  0]LogCollectionManager: Rebuilt the GUID cache for 0 collections in 0.000001 seconds
[2018.04.13-11.31.32:932][  0]LogContentBrowser: Native class hierarchy populated in 0.0095 seconds. Added 2364 classes and 513 folders.
[2018.04.13-11.31.32:997][  0]LogContentBrowser: Native class hierarchy updated for 'WidgetCarousel' in 0.0024 seconds. Added 0 classes and 0 folders.
[2018.04.13-11.31.35:332][  0]LogContentBrowser: Native class hierarchy updated for 'AddContentDialog' in 0.0097 seconds. Added 0 classes and 0 folders.
[2018.04.13-11.31.35:493][  0]LogContentBrowser: Native class hierarchy updated for 'SceneOutliner' in 0.0024 seconds. Added 1 classes and 2 folders.
[2018.04.13-11.31.35:574][  0]LogCrashTracker: Crashtracker disabled due to settings.
[2018.04.13-11.31.35:581][  0]LogUObjectGlobals:Warning: Failed to find object 'Class None.'
[2018.04.13-11.31.35:740][  0]LogContentBrowser: Native class hierarchy updated for 'HierarchicalLODOutliner' in 0.0033 seconds. Added 1 classes and 2 folders.
[2018.04.13-11.31.35:741][  0]LogLoad: (Engine Initialization) Total time: 89.99 seconds
[2018.04.13-11.31.35:741][  0]LogLoad: (Engine Initialization) Total Blueprint compile time: 0.65 seconds
[2018.04.13-11.31.35:741][  0]LogExternalProfiler: Found external profiler: VSPerf
[2018.04.13-11.31.35:741][  0]LogExternalProfiler: Using external profiler: VSPerf
[2018.04.13-11.31.36:082][  0]LogOcInput: OculusInput pre-init called
[2018.04.13-11.31.36:082][  0]LogHMD: Starting GearVRController plugin
[2018.04.13-11.31.36:111][  0]LogContentStreaming: Texture pool size now 1000 MB
[2018.04.13-11.31.36:113][  0]LogSlate: Took 0.000300 seconds to synchronously load lazily loaded font '../../../Engine/Content/Slate/Fonts/Roboto-Regular.ttf' (155K)
[2018.04.13-11.31.36:116][  0]LogSlate: Took 0.000275 seconds to synchronously load lazily loaded font '../../../Engine/Content/Slate/Fonts/Roboto-Bold.ttf' (160K)
[2018.04.13-11.31.36:146][  0]LogSlate: Took 0.021033 seconds to synchronously load lazily loaded font '../../../Engine/Content/Editor/Slate/Fonts/FontAwesome.ttf' (139K)
[2018.04.13-11.31.36:331][  0]LogRenderer: Reallocating scene render targets to support 256x256 NumSamples 1 (Frame:1).
[2018.04.13-11.31.36:352][  0]LogRenderer: Reallocating scene render targets to support 656x436 NumSamples 1 (Frame:1).
[2018.04.13-11.31.36:421][  0]LogSlate: Took 0.030640 seconds to synchronously load lazily loaded font '../../../Engine/Content/Slate/Fonts/Roboto-Light.ttf' (159K)
[2018.04.13-11.31.36:804][  2]LogAssetRegistry: Asset discovery search completed in 65.5313 seconds
[2018.04.13-11.31.36:810][  2]LogCollectionManager: Rebuilt the object cache for 0 collections in 0.000001 seconds (found 0 objects)
[2018.04.13-11.31.36:810][  2]LogCollectionManager: Fixed up redirectors for 0 collections in 0.000140 seconds (updated 0 objects)
[2018.04.13-15.56.23:837][820]LogRenderer: Reallocating scene render targets to support 1152x448 NumSamples 1 (Frame:5).
[2018.04.13-15.56.25:094][959]LogSlate: Took 0.017449 seconds to synchronously load lazily loaded font '../../../Engine/Content/Slate/Fonts/Roboto-Light.ttf' (159K)
[2018.04.13-15.56.25:219][959]LogAIModule: Creating AISystem for world NarrowCorridor_2
[2018.04.13-15.56.25:265][959]Cmd: MAP LOAD FILE="../../../../../../Users/Tsan-research/Desktop/SynEnv_4_16/Content/ThirdPersonBP/Maps/NarrowCorridor_2.umap" TEMPLATE=0 SHOWPROGRESS=1 FEATURELEVEL=3
[2018.04.13-15.56.25:266][959]LightingResults: New page: Lighting Build
[2018.04.13-15.56.25:266][959]LoadErrors: New page: Loading map: NarrowCorridor_2.umap
[2018.04.13-15.56.25:268][959]MapCheck: New page: Map Check
[2018.04.13-15.56.25:268][959]LightingResults: New page: Lighting Build
[2018.04.13-15.56.25:304][959]LogEditorServer: Finished looking for orphan Actors (0.000 secs)
[2018.04.13-15.56.25:333][959]Cmd: MAP CHECKDEP NOCLEARLOG
[2018.04.13-15.56.25:400][959]MapCheck: Info Map check complete: 0 Error(s), 0 Warning(s), took 66.761ms to complete.
[2018.04.13-15.56.25:400][959]LogFileHelpers: Loading map 'NarrowCorridor_2' took 0.137
[2018.04.13-15.56.26:731][109]LogTemp: Repeting last play command: Selected Viewport
[2018.04.13-15.56.26:859][109]LogBlueprintUserMessages: Early PlayInEditor Detection: Level '/Game/ThirdPersonBP/Maps/NarrowCorridor_2.NarrowCorridor_2:PersistentLevel' has LevelScriptBlueprint '/Game/ThirdPersonBP/Maps/NarrowCorridor_2.NarrowCorridor_2:PersistentLevel.NarrowCorridor_2' with GeneratedClass '/Game/ThirdPersonBP/Maps/NarrowCorridor_2.NarrowCorridor_2_C' with ClassGeneratedBy '/Game/ThirdPersonBP/Maps/NarrowCorridor_2.NarrowCorridor_2:PersistentLevel.NarrowCorridor_2'
[2018.04.13-15.56.26:860][109]LogPlayLevel: PlayLevel: No blueprints needed recompiling
[2018.04.13-15.56.26:861][109]PIE: New page: PIE session: NarrowCorridor_2 (Apr 14, 2018, 7:56:26 AM)
[2018.04.13-15.56.26:861][109]LogPlayLevel: Creating play world package: /Game/ThirdPersonBP/Maps/UEDPIE_0_NarrowCorridor_2
[2018.04.13-15.56.26:886][109]LogPlayLevel: PIE: StaticDuplicateObject took: (0.025311s)
[2018.04.13-15.56.26:888][109]LogAIModule: Creating AISystem for world NarrowCorridor_2
[2018.04.13-15.56.26:888][109]LogPlayLevel: PIE: World Init took: (0.001496s)
[2018.04.13-15.56.26:888][109]LogPlayLevel: PIE: Created PIE world by copying editor world from /Game/ThirdPersonBP/Maps/NarrowCorridor_2.NarrowCorridor_2 to /Game/ThirdPersonBP/Maps/UEDPIE_0_NarrowCorridor_2.NarrowCorridor_2 (0.027578s)
[2018.04.13-15.56.26:908][109]LogInit: XAudio2 using 'Speakers / Headphones (Realtek Audio)' : 2 channels at 48 kHz using 32 bits per sample (channel mask 0x3)
[2018.04.13-15.56.26:946][109]LogInit: FAudioDevice initialized.
[2018.04.13-15.56.26:990][109]LogLoad: Game class is 'UE4CVGameMode'
[2018.04.13-15.56.26:999][109]LogWorld: Bringing World /Game/ThirdPersonBP/Maps/UEDPIE_0_NarrowCorridor_2.NarrowCorridor_2 up for play (max tick rate 0) at 2018.04.13-23.56.26
[2018.04.13-15.56.27:000][109]LogWorld: Bringing up level for play took: 0.004177
[2018.04.13-15.56.27:070][109]LogContentBrowser: Native class hierarchy updated for 'MovieSceneCapture' in 0.0028 seconds. Added 11 classes and 0 folders.
[2018.04.13-15.56.27:070][109]LogGameMode:Display: Match State Changed from EnteringMap to WaitingToStart
[2018.04.13-15.56.27:070][109]LogGameState: Match State Changed from EnteringMap to WaitingToStart
[2018.04.13-15.56.27:070][109]LogGameMode:Display: Match State Changed from WaitingToStart to InProgress
[2018.04.13-15.56.27:075][109]LogSpawn:Warning: SpawnActor failed because of collision at the spawn location [X=-0.000 Y=-800.000 Z=0.000] for [BP_CorridorRight_C]
[2018.04.13-15.56.27:079][109]LogSpawn:Warning: SpawnActor failed because of collision at the spawn location [X=-400.000 Y=-1200.000 Z=0.000] for [BP_CorridorRight_C]
[2018.04.13-15.56.27:085][109]LogGameState: Match State Changed from WaitingToStart to InProgress
[2018.04.13-15.56.27:085][109]PIE: Info Play in editor start time for /Game/ThirdPersonBP/Maps/UEDPIE_0_NarrowCorridor_2 0.42
[2018.04.13-15.56.27:086][109]LogBlueprintUserMessages: Late PlayInEditor Detection: Level '/Game/ThirdPersonBP/Maps/NarrowCorridor_2.NarrowCorridor_2:PersistentLevel' has LevelScriptBlueprint '/Game/ThirdPersonBP/Maps/NarrowCorridor_2.NarrowCorridor_2:PersistentLevel.NarrowCorridor_2' with GeneratedClass '/Game/ThirdPersonBP/Maps/NarrowCorridor_2.NarrowCorridor_2_C' with ClassGeneratedBy '/Game/ThirdPersonBP/Maps/NarrowCorridor_2.NarrowCorridor_2:PersistentLevel.NarrowCorridor_2'
[2018.04.13-15.56.27:131][110]LogRenderer: Reallocating scene render targets to support 1152x480 NumSamples 1 (Frame:1).
[2018.04.13-15.56.54:691][115]LogD3D11RHI: Timed out while waiting for GPU to catch up. (0.5 s)
[2018.04.13-15.57.22:940][224]LogBlueprintUserMessages: Early EndPlayMap Detection: Level '/Game/ThirdPersonBP/Maps/NarrowCorridor_2.NarrowCorridor_2:PersistentLevel' has LevelScriptBlueprint '/Game/ThirdPersonBP/Maps/NarrowCorridor_2.NarrowCorridor_2:PersistentLevel.NarrowCorridor_2' with GeneratedClass '/Game/ThirdPersonBP/Maps/NarrowCorridor_2.NarrowCorridor_2_C' with ClassGeneratedBy '/Game/ThirdPersonBP/Maps/NarrowCorridor_2.NarrowCorridor_2:PersistentLevel.NarrowCorridor_2'
[2018.04.13-15.57.22:985][224]LogBlueprintUserMessages: Late EndPlayMap Detection: Level '/Game/ThirdPersonBP/Maps/NarrowCorridor_2.NarrowCorridor_2:PersistentLevel' has LevelScriptBlueprint '/Game/ThirdPersonBP/Maps/NarrowCorridor_2.NarrowCorridor_2:PersistentLevel.NarrowCorridor_2' with GeneratedClass '/Game/ThirdPersonBP/Maps/NarrowCorridor_2.NarrowCorridor_2_C' with ClassGeneratedBy '/Game/ThirdPersonBP/Maps/NarrowCorridor_2.NarrowCorridor_2:PersistentLevel.NarrowCorridor_2'
[2018.04.13-15.57.27:370][317]LogTemp: Repeting last play command: Selected Viewport
[2018.04.13-15.57.27:385][317]LogBlueprintUserMessages: Early PlayInEditor Detection: Level '/Game/ThirdPersonBP/Maps/NarrowCorridor_2.NarrowCorridor_2:PersistentLevel' has LevelScriptBlueprint '/Game/ThirdPersonBP/Maps/NarrowCorridor_2.NarrowCorridor_2:PersistentLevel.NarrowCorridor_2' with GeneratedClass '/Game/ThirdPersonBP/Maps/NarrowCorridor_2.NarrowCorridor_2_C' with ClassGeneratedBy '/Game/ThirdPersonBP/Maps/NarrowCorridor_2.NarrowCorridor_2:PersistentLevel.NarrowCorridor_2'
[2018.04.13-15.57.27:385][317]LogPlayLevel: PlayLevel: No blueprints needed recompiling
[2018.04.13-15.57.27:385][317]PIE: New page: PIE session: NarrowCorridor_2 (Apr 14, 2018, 7:57:27 AM)
[2018.04.13-15.57.27:385][317]LogPlayLevel: Creating play world package: /Game/ThirdPersonBP/Maps/UEDPIE_0_NarrowCorridor_2
[2018.04.13-15.57.27:401][317]LogPlayLevel: PIE: StaticDuplicateObject took: (0.015690s)
[2018.04.13-15.57.27:402][317]LogAIModule: Creating AISystem for world NarrowCorridor_2
[2018.04.13-15.57.27:402][317]LogPlayLevel: PIE: World Init took: (0.000947s)
[2018.04.13-15.57.27:402][317]LogPlayLevel: PIE: Created PIE world by copying editor world from /Game/ThirdPersonBP/Maps/NarrowCorridor_2.NarrowCorridor_2 to /Game/ThirdPersonBP/Maps/UEDPIE_0_NarrowCorridor_2.NarrowCorridor_2 (0.017080s)
[2018.04.13-15.57.27:421][317]LogInit: XAudio2 using 'Speakers / Headphones (Realtek Audio)' : 2 channels at 48 kHz using 32 bits per sample (channel mask 0x3)
[2018.04.13-15.57.27:458][317]LogInit: FAudioDevice initialized.
[2018.04.13-15.57.27:493][317]LogLoad: Game class is 'UE4CVGameMode'
[2018.04.13-15.57.27:496][317]LogWorld: Bringing World /Game/ThirdPersonBP/Maps/UEDPIE_0_NarrowCorridor_2.NarrowCorridor_2 up for play (max tick rate 0) at 2018.04.13-23.57.27
[2018.04.13-15.57.27:496][317]LogWorld: Bringing up level for play took: 0.001494
[2018.04.13-15.57.27:497][317]LogGameMode:Display: Match State Changed from EnteringMap to WaitingToStart
[2018.04.13-15.57.27:497][317]LogGameState: Match State Changed from EnteringMap to WaitingToStart
[2018.04.13-15.57.27:497][317]LogGameMode:Display: Match State Changed from WaitingToStart to InProgress
[2018.04.13-15.57.27:517][317]LogSpawn:Warning: SpawnActor failed because of collision at the spawn location [X=-1600.000 Y=-400.000 Z=0.000] for [BP_CorridorRight_C]
[2018.04.13-15.57.27:526][317]LogGameState: Match State Changed from WaitingToStart to InProgress
[2018.04.13-15.57.27:527][317]PIE: Info Play in editor start time for /Game/ThirdPersonBP/Maps/UEDPIE_0_NarrowCorridor_2 0.862
[2018.04.13-15.57.27:527][317]LogBlueprintUserMessages: Late PlayInEditor Detection: Level '/Game/ThirdPersonBP/Maps/NarrowCorridor_2.NarrowCorridor_2:PersistentLevel' has LevelScriptBlueprint '/Game/ThirdPersonBP/Maps/NarrowCorridor_2.NarrowCorridor_2:PersistentLevel.NarrowCorridor_2' with GeneratedClass '/Game/ThirdPersonBP/Maps/NarrowCorridor_2.NarrowCorridor_2_C' with ClassGeneratedBy '/Game/ThirdPersonBP/Maps/NarrowCorridor_2.NarrowCorridor_2:PersistentLevel.NarrowCorridor_2'
[2018.04.13-15.58.01:312][542]LogBlueprintUserMessages: Early EndPlayMap Detection: Level '/Game/ThirdPersonBP/Maps/NarrowCorridor_2.NarrowCorridor_2:PersistentLevel' has LevelScriptBlueprint '/Game/ThirdPersonBP/Maps/NarrowCorridor_2.NarrowCorridor_2:PersistentLevel.NarrowCorridor_2' with GeneratedClass '/Game/ThirdPersonBP/Maps/NarrowCorridor_2.NarrowCorridor_2_C' with ClassGeneratedBy '/Game/ThirdPersonBP/Maps/NarrowCorridor_2.NarrowCorridor_2:PersistentLevel.NarrowCorridor_2'
[2018.04.13-15.58.01:377][542]LogBlueprintUserMessages: Late EndPlayMap Detection: Level '/Game/ThirdPersonBP/Maps/NarrowCorridor_2.NarrowCorridor_2:PersistentLevel' has LevelScriptBlueprint '/Game/ThirdPersonBP/Maps/NarrowCorridor_2.NarrowCorridor_2:PersistentLevel.NarrowCorridor_2' with GeneratedClass '/Game/ThirdPersonBP/Maps/NarrowCorridor_2.NarrowCorridor_2_C' with ClassGeneratedBy '/Game/ThirdPersonBP/Maps/NarrowCorridor_2.NarrowCorridor_2:PersistentLevel.NarrowCorridor_2'
[2018.04.13-15.58.03:361][738]Cmd: QUIT_EDITOR
[2018.04.13-15.58.03:834][738]LogWindowsTextInputMethodSystem:Display: IME system now activated using TSF (Microsoft Quick).
[2018.04.13-15.58.03:902][738]LogExit: Preparing to exit.
[2018.04.13-15.58.04:913][738]LogDirectoryWatcher: A directory notification for 'C:/Users/Tsan-research/Desktop/SynEnv_4_16/Content/' was aborted.
[2018.04.13-15.58.05:113][738]LogExit: Editor shut down
[2018.04.13-15.58.05:167][738]LogExit: Transaction tracking system shut down
[2018.04.13-15.58.06:264][738]LogObj: Freed 0b from 0 cluster array pools.
[2018.04.13-15.58.06:265][738]LogExit: Object subsystem successfully closed.
[2018.04.13-15.58.06:430][738]LogD3D11RHI: Shutdown
[2018.04.13-15.58.06:430][738]LogD3D11RHI: CleanupD3DDevice
[2018.04.13-15.58.06:574][738]LogD3D11RHI: ~FD3D11DynamicRHI
[2018.04.13-15.58.07:108][738]LogModuleManager: Shutting down and abandoning module MovieSceneCapture (534)
[2018.04.13-15.58.07:108][738]LogModuleManager: Shutting down and abandoning module HierarchicalLODOutliner (532)
[2018.04.13-15.58.07:111][738]LogModuleManager: Shutting down and abandoning module CrashTracker (530)
[2018.04.13-15.58.07:112][738]LogModuleManager: Shutting down and abandoning module SceneOutliner (528)
[2018.04.13-15.58.07:112][738]LogModuleManager: Shutting down and abandoning module AddContentDialog (526)
[2018.04.13-15.58.07:128][738]LogDirectoryWatcher: A directory notification for 'C:/Program Files/Epic Games/UE_4.16/FeaturePacks/' was aborted.
[2018.04.13-15.58.07:148][738]LogModuleManager: Shutting down and abandoning module WidgetCarousel (525)
[2018.04.13-15.58.07:149][738]LogModuleManager: Shutting down and abandoning module EditorWidgets (522)
[2018.04.13-15.58.07:149][738]LogModuleManager: Shutting down and abandoning module CollectionManager (520)
[2018.04.13-15.58.07:149][738]LogDirectoryWatcher: A directory notification for 'C:/Users/Tsan-research/Desktop/SynEnv_4_16/Content/Collections/' was aborted.
[2018.04.13-15.58.07:149][738]LogDirectoryWatcher: A directory notification for 'C:/Users/Tsan-research/Desktop/SynEnv_4_16/Content/Developers/Tsanresearch/Collections/' was aborted.
[2018.04.13-15.58.07:149][738]LogDirectoryWatcher: A directory notification for 'C:/Users/Tsan-research/Desktop/SynEnv_4_16/Saved/Collections/' was aborted.
[2018.04.13-15.58.07:149][738]LogModuleManager: Shutting down and abandoning module StatsViewer (518)
[2018.04.13-15.58.07:159][738]LogModuleManager: Shutting down and abandoning module FoliageEdit (516)
[2018.04.13-15.58.07:159][738]LogModuleManager: Shutting down and abandoning module LandscapeEditor (514)
[2018.04.13-15.58.07:177][738]LogModuleManager: Shutting down and abandoning module MeshPaintMode (512)
[2018.04.13-15.58.07:177][738]LogModuleManager: Shutting down and abandoning module SceneDepthPickerMode (510)
[2018.04.13-15.58.07:177][738]LogModuleManager: Shutting down and abandoning module ActorPickerMode (508)
[2018.04.13-15.58.07:177][738]LogModuleManager: Shutting down and abandoning module GeometryMode (506)
[2018.04.13-15.58.07:177][738]LogModuleManager: Shutting down and abandoning module TextureAlignMode (504)
[2018.04.13-15.58.07:177][738]LogModuleManager: Shutting down and abandoning module BspMode (502)
[2018.04.13-15.58.07:180][738]LogModuleManager: Shutting down and abandoning module HardwareSurvey (500)
[2018.04.13-15.58.07:188][738]LogModuleManager: Shutting down and abandoning module SequenceRecorderSections (498)
[2018.04.13-15.58.07:195][738]LogModuleManager: Shutting down and abandoning module AutomationWorker (496)
[2018.04.13-15.58.07:202][738]LogModuleManager: Shutting down and abandoning module MatineeToLevelSequence (494)
[2018.04.13-15.58.07:219][738]LogModuleManager: Shutting down and abandoning module LevelSequenceEditor (492)
[2018.04.13-15.58.07:244][738]LogModuleManager: Shutting down and abandoning module PlacementMode (491)
[2018.04.13-15.58.07:244][738]LogModuleManager: Shutting down and abandoning module WmfMediaFactory (488)
[2018.04.13-15.58.07:244][738]LogModuleManager: Shutting down and abandoning module WmfMediaEditor (486)
[2018.04.13-15.58.07:244][738]LogModuleManager: Shutting down and abandoning module AvfMediaFactory (484)
[2018.04.13-15.58.07:244][738]LogModuleManager: Shutting down and abandoning module AvfMediaEditor (482)
[2018.04.13-15.58.07:244][738]LogModuleManager: Shutting down and abandoning module AndroidMediaFactory (480)
[2018.04.13-15.58.07:244][738]LogModuleManager: Shutting down and abandoning module Media (479)
[2018.04.13-15.58.07:244][738]LogModuleManager: Shutting down and abandoning module AndroidMediaEditor (476)
[2018.04.13-15.58.07:244][738]LogModuleManager: Shutting down and abandoning module CharacterAI (474)
[2018.04.13-15.58.07:244][738]LogModuleManager: Shutting down and abandoning module AudioCapture (472)
[2018.04.13-15.58.07:267][738]LogModuleManager: Shutting down and abandoning module SequenceRecorder (471)
[2018.04.13-15.58.07:282][738]LogModuleManager: Shutting down and abandoning module SmartSnapping (468)
[2018.04.13-15.58.07:282][738]LogModuleManager: Shutting down and abandoning module SessionServices (466)
[2018.04.13-15.58.07:282][738]LogModuleManager: Shutting down and abandoning module ViewportSnapping (464)
[2018.04.13-15.58.07:282][738]LogModuleManager: Shutting down and abandoning module ViewportInteraction (462)
[2018.04.13-15.58.07:282][738]LogModuleManager: Shutting down and abandoning module ClothPainter (460)
[2018.04.13-15.58.07:309][738]LogModuleManager: Shutting down and abandoning module LogVisualizer (458)
[2018.04.13-15.58.08:358][738]LogModuleManager: Shutting down and abandoning module IntroTutorials (456)
[2018.04.13-15.58.08:386][738]LogModuleManager: Shutting down and abandoning module GameProjectGeneration (455)
[2018.04.13-15.58.08:399][738]LogModuleManager: Shutting down and abandoning module EditorLiveStreaming (452)
[2018.04.13-15.58.08:399][738]LogModuleManager: Shutting down and abandoning module IOSPlatformEditor (450)
[2018.04.13-15.58.08:410][738]LogModuleManager: Shutting down and abandoning module HTML5PlatformEditor (448)
[2018.04.13-15.58.08:411][738]LogModuleManager: Shutting down and abandoning module AndroidPlatformEditor (446)
[2018.04.13-15.58.08:411][738]LogModuleManager: Shutting down and abandoning module AndroidDeviceDetection (445)
[2018.04.13-15.58.08:967][738]LogModuleManager: Shutting down and abandoning module IOSRuntimeSettings (442)
[2018.04.13-15.58.08:967][738]LogModuleManager: Shutting down and abandoning module AndroidRuntimeSettings (440)
[2018.04.13-15.58.08:967][738]LogModuleManager: Shutting down and abandoning module InputBindingEditor (438)
[2018.04.13-15.58.08:978][738]LogModuleManager: Shutting down and abandoning module MergeActors (436)
[2018.04.13-15.58.08:985][738]LogModuleManager: Shutting down and abandoning module SizeMap (434)
[2018.04.13-15.58.08:985][738]LogModuleManager: Shutting down and abandoning module TreeMap (432)
[2018.04.13-15.58.08:990][738]LogModuleManager: Shutting down and abandoning module ReferenceViewer (430)
[2018.04.13-15.58.08:998][738]LogModuleManager: Shutting down and abandoning module LocalizationDashboard (428)
[2018.04.13-15.58.09:010][738]LogModuleManager: Shutting down and abandoning module LocalizationService (427)
[2018.04.13-15.58.09:015][738]LogModuleManager: Shutting down and abandoning module HardwareTargeting (424)
[2018.04.13-15.58.09:015][738]LogModuleManager: Shutting down and abandoning module DeviceProfileEditor (422)
[2018.04.13-15.58.09:018][738]LogModuleManager: Shutting down and abandoning module UndoHistory (420)
[2018.04.13-15.58.09:022][738]LogModuleManager: Shutting down and abandoning module UserFeedback (418)
[2018.04.13-15.58.09:022][738]LogModuleManager: Shutting down and abandoning module XmlParser (416)
[2018.04.13-15.58.09:026][738]LogModuleManager: Shutting down and abandoning module Blutility (414)
[2018.04.13-15.58.09:095][738]LogModuleManager: Shutting down and abandoning module ProjectSettingsViewer (412)
[2018.04.13-15.58.09:095][738]LogModuleManager: Shutting down and abandoning module ProjectTargetPlatformEditor (411)
[2018.04.13-15.58.09:095][738]LogModuleManager: Shutting down and abandoning module EditorSettingsViewer (408)
[2018.04.13-15.58.09:095][738]LogModuleManager: Shutting down and abandoning module SettingsEditor (406)
[2018.04.13-15.58.09:148][738]LogModuleManager: Shutting down and abandoning module ProjectLauncher (404)
[2018.04.13-15.58.09:167][738]LogModuleManager: Shutting down and abandoning module SessionFrontend (402)
[2018.04.13-15.58.09:176][738]LogModuleManager: Shutting down and abandoning module ProfilerClient (400)
[2018.04.13-15.58.09:186][738]LogModuleManager: Shutting down and abandoning module DeviceManager (398)
[2018.04.13-15.58.09:194][738]LogModuleManager: Shutting down and abandoning module TargetDeviceServices (397)
[2018.04.13-15.58.09:249][738]LogModuleManager: Shutting down and abandoning module AutomationController (394)
[2018.04.13-15.58.09:256][738]LogModuleManager: Shutting down and abandoning module AutomationWindow (392)
[2018.04.13-15.58.09:275][738]LogModuleManager: Shutting down and abandoning module Layers (390)
[2018.04.13-15.58.09:287][738]LogModuleManager: Shutting down and abandoning module ComponentVisualizers (388)
[2018.04.13-15.58.09:287][738]LogModuleManager: Shutting down and abandoning module DetailCustomizations (386)
[2018.04.13-15.58.09:310][738]LogModuleManager: Shutting down and abandoning module PackagesDialog (384)
[2018.04.13-15.58.09:310][738]LogModuleManager: Shutting down and abandoning module Persona (382)
[2018.04.13-15.58.09:310][738]LogModuleManager: Shutting down and abandoning module AdvancedPreviewScene (381)
[2018.04.13-15.58.09:310][738]LogModuleManager: Shutting down and abandoning module AnimGraph (379)
[2018.04.13-15.58.09:310][738]LogModuleManager: Shutting down and abandoning module Kismet (376)
[2018.04.13-15.58.09:311][738]LogModuleManager: Shutting down and abandoning module ClassViewer (374)
[2018.04.13-15.58.09:311][738]LogModuleManager: Shutting down and abandoning module Toolbox (372)
[2018.04.13-15.58.09:315][738]LogModuleManager: Shutting down and abandoning module ModuleUI (370)
[2018.04.13-15.58.09:321][738]LogModuleManager: Shutting down and abandoning module MovieSceneTools (368)
[2018.04.13-15.58.09:329][738]LogModuleManager: Shutting down and abandoning module OutputLog (366)
[2018.04.13-15.58.09:329][738]LogModuleManager: Shutting down and abandoning module GammaUI (364)
[2018.04.13-15.58.09:329][738]LogModuleManager: Shutting down and abandoning module Documentation (362)
[2018.04.13-15.58.09:329][738]LogModuleManager: Shutting down and abandoning module MovieSceneTracks (360)
[2018.04.13-15.58.09:329][738]LogModuleManager: Shutting down and abandoning module MovieScene (358)
[2018.04.13-15.58.09:329][738]LogModuleManager: Shutting down and abandoning module Niagara (356)
[2018.04.13-15.58.09:329][738]LogModuleManager: Shutting down and abandoning module NiagaraEditor (355)
[2018.04.13-15.58.09:353][738]LogModuleManager: Shutting down and abandoning module StreamingPauseRendering (352)
[2018.04.13-15.58.09:353][738]LogModuleManager: Shutting down and abandoning module AnalyticsET (350)
[2018.04.13-15.58.09:353][738]LogModuleManager: Shutting down and abandoning module PortalServices (348)
[2018.04.13-15.58.09:353][738]LogModuleManager: Shutting down and abandoning module PortalRpc (346)
[2018.04.13-15.58.09:353][738]LogModuleManager: Shutting down and abandoning module MessagingRpc (344)
[2018.04.13-15.58.09:353][738]LogModuleManager: Shutting down and abandoning module AIModule (342)
[2018.04.13-15.58.09:353][738]LogModuleManager: Shutting down and abandoning module GameplayDebugger (341)
[2018.04.13-15.58.09:353][738]LogModuleManager: Shutting down and abandoning module AITestSuite (339)
[2018.04.13-15.58.09:360][738]LogModuleManager: Shutting down and abandoning module ProfilerService (336)
[2018.04.13-15.58.09:580][738]LogModuleManager: Shutting down and abandoning module TaskGraph (334)
[2018.04.13-15.58.09:600][738]LogModuleManager: Shutting down and abandoning module SubstanceEditor (332)
[2018.04.13-15.58.09:619][738]LogModuleManager: Shutting down and abandoning module SteamVRController (330)
[2018.04.13-15.58.09:619][738]LogModuleManager: Shutting down and abandoning module SteamVR (328)
[2018.04.13-15.58.09:619][738]LogModuleManager: Shutting down and abandoning module ProceduralMeshComponentEditor (326)
[2018.04.13-15.58.09:619][738]LogModuleManager: Shutting down and abandoning module ProceduralMeshComponent (324)
[2018.04.13-15.58.09:626][738]LogModuleManager: Shutting down and abandoning module OculusLibrary (322)
[2018.04.13-15.58.09:626][738]LogModuleManager: Shutting down and abandoning module OculusInput (320)
[2018.04.13-15.58.09:626][738]LogModuleManager: Shutting down and abandoning module MobilePatchingUtils (318)
[2018.04.13-15.58.09:626][738]LogModuleManager: Shutting down and abandoning module CustomMeshComponent (316)
[2018.04.13-15.58.09:626][738]LogModuleManager: Shutting down and abandoning module CableComponent (314)
[2018.04.13-15.58.09:635][738]LogModuleManager: Shutting down and abandoning module ArchVisCharacter (312)
[2018.04.13-15.58.09:635][738]LogModuleManager: Shutting down and abandoning module AndroidPermission (310)
[2018.04.13-15.58.09:635][738]LogModuleManager: Shutting down and abandoning module MediaPlayerEditor (306)
[2018.04.13-15.58.09:653][738]LogModuleManager: Shutting down and abandoning module HTML5Networking (304)
[2018.04.13-15.58.09:653][738]LogModuleManager: Shutting down and abandoning module AlembicImporter (302)
[2018.04.13-15.58.09:657][738]LogModuleManager: Shutting down and abandoning module AlembicLibrary (301)
[2018.04.13-15.58.09:657][738]LogModuleManager: Shutting down and abandoning module GeometryCache (300)
[2018.04.13-15.58.09:661][738]LogModuleManager: Shutting down and abandoning module GeometryCacheEd (299)
[2018.04.13-15.58.09:661][738]LogModuleManager: Shutting down and abandoning module SuperSearchEditor (294)
[2018.04.13-15.58.09:661][738]LogModuleManager: Shutting down and abandoning module SuperSearch (293)
[2018.04.13-15.58.09:661][738]LogModuleManager: Shutting down and abandoning module SpeedTreeImporter (290)
[2018.04.13-15.58.09:661][738]LogModuleManager: Shutting down and abandoning module PluginBrowser (288)
[2018.04.13-15.58.09:678][738]LogModuleManager: Shutting down and abandoning module MobileLauncherProfileWizard (286)
[2018.04.13-15.58.09:696][738]LogModuleManager: Shutting down and abandoning module VisualStudioSourceCodeAccess (284)
[2018.04.13-15.58.09:696][738]LogModuleManager: Shutting down and abandoning module DesktopPlatform (283)
[2018.04.13-15.58.09:706][738]LogModuleManager: Shutting down and abandoning module UObjectPlugin (280)
[2018.04.13-15.58.09:706][738]LogModuleManager: Shutting down and abandoning module SubversionSourceControl (278)
[2018.04.13-15.58.09:715][738]LogModuleManager: Shutting down and abandoning module PerforceSourceControl (276)
[2018.04.13-15.58.09:721][738]LogModuleManager: Shutting down and abandoning module GitSourceControl (274)
[2018.04.13-15.58.09:726][738]LogModuleManager: Shutting down and abandoning module SourceControl (273)
[2018.04.13-15.58.09:726][738]LogModuleManager: Shutting down and abandoning module LightPropagationVolumeEditor (270)
[2018.04.13-15.58.09:726][738]LogModuleManager: Shutting down and abandoning module PaperTiledImporter (268)
[2018.04.13-15.58.09:726][738]LogModuleManager: Shutting down and abandoning module PaperSpriteSheetImporter (266)
[2018.04.13-15.58.09:726][738]LogModuleManager: Shutting down and abandoning module Paper2DEditor (264)
[2018.04.13-15.58.09:740][738]LogModuleManager: Shutting down and abandoning module MeshPaint (263)
[2018.04.13-15.58.09:749][738]LogModuleManager: Shutting down and abandoning module LevelEditor (261)
[2018.04.13-15.58.09:755][738]LogModuleManager: Shutting down and abandoning module PixelInspectorModule (260)
[2018.04.13-15.58.09:771][738]LogModuleManager: Shutting down and abandoning module MainFrame (258)
[2018.04.13-15.58.09:779][738]LogModuleManager: Shutting down and abandoning module HotReload (257)
[2018.04.13-15.58.09:784][738]LogDirectoryWatcher: A directory notification for 'C:/Users/Tsan-research/Desktop/SynEnv_4_16/Binaries/Win64' was aborted.
[2018.04.13-15.58.09:785][738]LogModuleManager: Shutting down and abandoning module SynEnv (252)
[2018.04.13-15.58.09:785][738]LogModuleManager: Shutting down and abandoning module UnrealCV (250)
[2018.04.13-15.58.09:785][738]LogModuleManager: Shutting down and abandoning module PhysXVehiclesEditor (248)
[2018.04.13-15.58.09:788][738]LogModuleManager: Shutting down and abandoning module PhysXVehicles (246)
[2018.04.13-15.58.09:788][738]LogModuleManager: Shutting down and abandoning module LocationServicesBPLibrary (244)
[2018.04.13-15.58.09:788][738]LogModuleManager: Shutting down and abandoning module ImmediatePhysicsEditor (242)
[2018.04.13-15.58.09:788][738]LogModuleManager: Shutting down and abandoning module ImmediatePhysics (240)
[2018.04.13-15.58.09:794][738]LogModuleManager: Shutting down and abandoning module UdpMessaging (238)
[2018.04.13-15.58.09:894][738]LogModuleManager: Shutting down and abandoning module TcpMessaging (236)
[2018.04.13-15.58.10:010][738]LogModuleManager: Shutting down and abandoning module SubstanceCore (234)
[2018.04.13-15.58.10:023][738]LogModuleManager: Shutting down and abandoning module GameplayTagsEditor (232)
[2018.04.13-15.58.10:041][738]LogModuleManager: Shutting down and abandoning module FacialAnimationEditor (230)
[2018.04.13-15.58.10:041][738]LogModuleManager: Shutting down and abandoning module FacialAnimation (228)
[2018.04.13-15.58.10:041][738]LogModuleManager: Shutting down and abandoning module AssetManagerEditor (226)
[2018.04.13-15.58.10:051][738]LogModuleManager: Shutting down and abandoning module GraphEditor (225)
[2018.04.13-15.58.10:051][738]LogModuleManager: Shutting down and abandoning module ContentBrowser (223)
[2018.04.13-15.58.10:052][738]LogModuleManager: Shutting down and abandoning module LightPropagationVolumeRuntime (220)
[2018.04.13-15.58.10:052][738]LogModuleManager: Shutting down and abandoning module Paper2D (218)
[2018.04.13-15.58.10:056][738]LogModuleManager: Shutting down and abandoning module WindowsMoviePlayer (216)
[2018.04.13-15.58.10:057][738]LogModuleManager: Shutting down and abandoning module WmfMedia (214)
[2018.04.13-15.58.10:058][738]LogModuleManager: Shutting down and abandoning module ClothingSystemEditor (212)
[2018.04.13-15.58.10:058][738]LogModuleManager: Shutting down and abandoning module ClothingSystemRuntime (210)
[2018.04.13-15.58.10:070][738]LogModuleManager: Shutting down and abandoning module MediaAssets (208)
[2018.04.13-15.58.10:070][738]LogModuleManager: Shutting down and abandoning module GameLiveStreaming (206)
[2018.04.13-15.58.10:080][738]LogModuleManager: Shutting down and abandoning module VREditor (204)
[2018.04.13-15.58.10:090][738]LogModuleManager: Shutting down and abandoning module StringTableEditor (202)
[2018.04.13-15.58.10:104][738]LogModuleManager: Shutting down and abandoning module GameplayTasksEditor (200)
[2018.04.13-15.58.10:104][738]LogModuleManager: Shutting down and abandoning module BehaviorTreeEditor (198)
[2018.04.13-15.58.10:123][738]LogModuleManager: Shutting down and abandoning module FunctionalTesting (196)
[2018.04.13-15.58.10:123][738]LogModuleManager: Shutting down and abandoning module CollisionAnalyzer (194)
[2018.04.13-15.58.10:138][738]LogModuleManager: Shutting down and abandoning module UMG (192)
[2018.04.13-15.58.10:142][738]LogModuleManager: Shutting down and abandoning module UMGEditor (191)
[2018.04.13-15.58.10:142][738]LogModuleManager: Shutting down and abandoning module Sequencer (190)
[2018.04.13-15.58.10:151][738]LogModuleManager: Shutting down and abandoning module AssetTools (188)
[2018.04.13-15.58.10:191][738]LogModuleManager: Shutting down and abandoning module MessageLog (187)
[2018.04.13-15.58.10:191][738]LogModuleManager: Shutting down and abandoning module WorkspaceMenuStructure (186)
[2018.04.13-15.58.10:191][738]LogModuleManager: Shutting down and abandoning module SlateReflector (180)
[2018.04.13-15.58.10:208][738]LogModuleManager: Shutting down and abandoning module Slate (178)
[2018.04.13-15.58.10:208][738]LogModuleManager: Shutting down and abandoning module EditorStyle (176)
[2018.04.13-15.58.10:211][738]LogModuleManager: Shutting down and abandoning module SourceCodeAccess (174)
[2018.04.13-15.58.10:211][738]LogModuleManager: Shutting down and abandoning module HeadMountedDisplay (172)
[2018.04.13-15.58.10:211][738]LogModuleManager: Shutting down and abandoning module XAudio2 (170)
[2018.04.13-15.58.10:211][738]LogModuleManager: Shutting down and abandoning module Networking (168)
[2018.04.13-15.58.10:211][738]LogModuleManager: Shutting down and abandoning module Core (164)
[2018.04.13-15.58.10:211][738]LogModuleManager: Shutting down and abandoning module AssetRegistry (162)
[2018.04.13-15.58.10:411][738]LogDirectoryWatcher: A directory notification for '../../../Engine/Content/' was aborted.
[2018.04.13-15.58.10:411][738]LogDirectoryWatcher: A directory notification for '../../../../../../Users/Tsan-research/Desktop/SynEnv_4_16/Content/' was aborted.
[2018.04.13-15.58.10:411][738]LogDirectoryWatcher: A directory notification for '../../../Engine/Plugins/2D/Paper2D/Content/' was aborted.
[2018.04.13-15.58.10:411][738]LogDirectoryWatcher: A directory notification for '../../../Engine/Plugins/Runtime/GearVR/Content/' was aborted.
[2018.04.13-15.58.10:411][738]LogDirectoryWatcher: A directory notification for '../../../Engine/Plugins/UnrealCV/Content/' was aborted.
[2018.04.13-15.58.10:440][738]LogModuleManager: Shutting down and abandoning module DirectoryWatcher (161)
[2018.04.13-15.58.10:447][738]LogModuleManager: Shutting down and abandoning module KismetCompiler (158)
[2018.04.13-15.58.10:447][738]LogModuleManager: Shutting down and abandoning module LevelSequence (156)
[2018.04.13-15.58.10:447][738]LogModuleManager: Shutting down and abandoning module PhysXFormats (154)
[2018.04.13-15.58.10:447][738]LogModuleManager: Shutting down and abandoning module MeshUtilities (152)
[2018.04.13-15.58.10:464][738]LogModuleManager: Shutting down and abandoning module SimplygonSwarm (151)
[2018.04.13-15.58.10:474][738]LogModuleManager: Shutting down and abandoning module SimplygonMeshReduction (149)
[2018.04.13-15.58.10:474][738]LogModuleManager: Shutting down and abandoning module QuadricMeshReduction (147)
[2018.04.13-15.58.10:483][738]LogModuleManager: Shutting down and abandoning module DerivedDataCache (144)
[2018.04.13-15.58.10:559][738]LogDerivedDataCache: Shutdown
[2018.04.13-15.58.10:559][738]LogModuleManager: Shutting down and abandoning module TargetPlatform (142)
[2018.04.13-15.58.10:559][738]LogModuleManager: Shutting down and abandoning module VulkanShaderFormat (141)
[2018.04.13-15.58.10:580][738]LogModuleManager: Shutting down and abandoning module ShaderFormatVectorVM (139)
[2018.04.13-15.58.10:591][738]LogModuleManager: Shutting down and abandoning module ShaderFormatOpenGL (137)
[2018.04.13-15.58.10:603][738]LogModuleManager: Shutting down and abandoning module ShaderFormatD3D (135)
[2018.04.13-15.58.10:607][738]LogModuleManager: Shutting down and abandoning module MetalShaderFormat (133)
[2018.04.13-15.58.10:620][738]LogModuleManager: Shutting down and abandoning module TextureFormatUncompressed (131)
[2018.04.13-15.58.10:620][738]LogModuleManager: Shutting down and abandoning module TextureFormatPVR (129)
[2018.04.13-15.58.10:620][738]LogModuleManager: Shutting down and abandoning module TextureFormatDXT (127)
[2018.04.13-15.58.10:625][738]LogModuleManager: Shutting down and abandoning module TextureFormatIntelISPCTexComp (125)
[2018.04.13-15.58.10:627][738]LogModuleManager: Shutting down and abandoning module TextureFormatASTC (123)
[2018.04.13-15.58.10:627][738]LogModuleManager: Shutting down and abandoning module ImageWrapper (122)
[2018.04.13-15.58.10:627][738]LogModuleManager: Shutting down and abandoning module TextureFormatAndroid (119)
[2018.04.13-15.58.10:627][738]LogModuleManager: Shutting down and abandoning module AudioFormatOpus (117)
[2018.04.13-15.58.10:627][738]LogModuleManager: Shutting down and abandoning module AudioFormatOgg (115)
[2018.04.13-15.58.10:627][738]LogModuleManager: Shutting down and abandoning module AudioFormatADPCM (113)
[2018.04.13-15.58.10:627][738]LogModuleManager: Shutting down and abandoning module LinuxTargetPlatform (111)
[2018.04.13-15.58.10:627][738]LogModuleManager: Shutting down and abandoning module LinuxServerTargetPlatform (109)
[2018.04.13-15.58.10:627][738]LogModuleManager: Shutting down and abandoning module LinuxNoEditorTargetPlatform (107)
[2018.04.13-15.58.10:628][738]LogModuleManager: Shutting down and abandoning module LinuxClientTargetPlatform (105)
[2018.04.13-15.58.10:628][738]LogModuleManager: Shutting down and abandoning module TVOSTargetPlatform (103)
[2018.04.13-15.58.10:628][738]LogModuleManager: Shutting down and abandoning module Messaging (101)
[2018.04.13-15.58.10:628][738]LogModuleManager: Shutting down and abandoning module IOSTargetPlatform (99)
[2018.04.13-15.58.10:628][738]LogModuleManager: Shutting down and abandoning module HTML5TargetPlatform (97)
[2018.04.13-15.58.10:628][738]LogModuleManager: Shutting down and abandoning module Android_PVRTCTargetPlatform (95)
[2018.04.13-15.58.10:633][738]LogModuleManager: Shutting down and abandoning module Android_MultiTargetPlatform (93)
[2018.04.13-15.58.10:633][738]LogModuleManager: Shutting down and abandoning module Android_ETC2TargetPlatform (91)
[2018.04.13-15.58.10:638][738]LogModuleManager: Shutting down and abandoning module Android_ETC1TargetPlatform (89)
[2018.04.13-15.58.10:644][738]LogModuleManager: Shutting down and abandoning module Android_DXTTargetPlatform (87)
[2018.04.13-15.58.10:654][738]LogModuleManager: Shutting down and abandoning module Android_ATCTargetPlatform (85)
[2018.04.13-15.58.10:656][738]LogModuleManager: Shutting down and abandoning module Android_ASTCTargetPlatform (83)
[2018.04.13-15.58.10:656][738]LogModuleManager: Shutting down and abandoning module AndroidTargetPlatform (81)
[2018.04.13-15.58.10:664][738]LogModuleManager: Shutting down and abandoning module WindowsTargetPlatform (79)
[2018.04.13-15.58.10:664][738]LogModuleManager: Shutting down and abandoning module WindowsServerTargetPlatform (77)
[2018.04.13-15.58.10:664][738]LogModuleManager: Shutting down and abandoning module WindowsNoEditorTargetPlatform (75)
[2018.04.13-15.58.10:664][738]LogModuleManager: Shutting down and abandoning module WindowsClientTargetPlatform (73)
[2018.04.13-15.58.10:664][738]LogModuleManager: Shutting down and abandoning module MacTargetPlatform (71)
[2018.04.13-15.58.10:664][738]LogModuleManager: Shutting down and abandoning module MacServerTargetPlatform (69)
[2018.04.13-15.58.10:664][738]LogModuleManager: Shutting down and abandoning module MacNoEditorTargetPlatform (67)
[2018.04.13-15.58.10:664][738]LogModuleManager: Shutting down and abandoning module MacClientTargetPlatform (65)
[2018.04.13-15.58.10:664][738]LogModuleManager: Shutting down and abandoning module AllDesktopTargetPlatform (63)
[2018.04.13-15.58.10:664][738]LogModuleManager: Shutting down and abandoning module InputCore (60)
[2018.04.13-15.58.10:664][738]LogModuleManager: Shutting down and abandoning module Settings (58)
[2018.04.13-15.58.10:665][738]LogModuleManager: Shutting down and abandoning module OculusRift (56)
[2018.04.13-15.58.10:672][738]LogModuleManager: Shutting down and abandoning module GearVRController (54)
[2018.04.13-15.58.10:672][738]LogModuleManager: Shutting down and abandoning module GearVR (52)
[2018.04.13-15.58.10:677][738]LogModuleManager: Shutting down and abandoning module ExampleDeviceProfileSelector (50)
[2018.04.13-15.58.10:677][738]LogModuleManager: Shutting down and abandoning module OnlineBlueprintSupport (48)
[2018.04.13-15.58.10:677][738]LogModuleManager: Shutting down and abandoning module OnlineSubsystem (44)
[2018.04.13-15.58.10:677][738]LogOnline:Display: Unloading online subsystem: NULL
[2018.04.13-15.58.10:705][738]LogModuleManager: Shutting down and abandoning module XMPP (43)
[2018.04.13-15.58.10:716][738]LogModuleManager: Shutting down and abandoning module HTTP (41)
[2018.04.13-15.58.10:716][738]LogHttp:Display: Http module shutting down, but needs to wait on 1 outstanding Http requests:
[2018.04.13-15.58.10:719][738]LogHttp:Display: 	verb=[POST] url=[https://datarouter.ol.epicgames.com/datarouter/api/v1/public/data?SessionID=%7BF7AAD42C-49C4-70FF-ADFD-30B1516D2B4F%7D&AppID=UEEditor.Rocket.Release&AppVersion=4.16.3-3561208%2B%2B%2BUE4%2BRelease-4.16&UserID=d15e4f7a4f778860492216bdab12fec4%7C89b082c400b64663a8d953daf1fe55a4%7C55694e95-cfe4-48a9-b5c3-5f9e9abb5ca6&AppEnvironment=datacollector-binary&UploadType=eteventstream] status=Processing
[2018.04.13-15.58.10:736][738]LogModuleManager: Shutting down and abandoning module SSL (40)
[2018.04.13-15.58.10:746][738]LogModuleManager: Shutting down and abandoning module HTTPChunkInstaller (36)
[2018.04.13-15.58.10:755][738]LogModuleManager: Shutting down and abandoning module AnimationModifiers (34)
[2018.04.13-15.58.10:765][738]LogModuleManager: Shutting down and abandoning module PropertyEditor (33)
[2018.04.13-15.58.10:765][738]LogModuleManager: Shutting down and abandoning module AudioEditor (30)
[2018.04.13-15.58.10:777][738]LogModuleManager: Shutting down and abandoning module TextureCompressor (28)
[2018.04.13-15.58.10:777][738]LogModuleManager: Shutting down and abandoning module ShaderCore (26)
[2018.04.13-15.58.10:777][738]LogModuleManager: Shutting down and abandoning module Landscape (24)
[2018.04.13-15.58.10:777][738]LogModuleManager: Shutting down and abandoning module SlateRHIRenderer (22)
[2018.04.13-15.58.10:795][738]LogModuleManager: Shutting down and abandoning module OpenGLDrv (20)
[2018.04.13-15.58.10:810][738]LogModuleManager: Shutting down and abandoning module D3D11RHI (18)
[2018.04.13-15.58.10:810][738]LogModuleManager: Shutting down and abandoning module AnimGraphRuntime (16)
[2018.04.13-15.58.10:813][738]LogModuleManager: Shutting down and abandoning module Renderer (14)
[2018.04.13-15.58.10:813][738]LogModuleManager: Shutting down and abandoning module Engine (12)
[2018.04.13-15.58.10:813][738]LogModuleManager: Shutting down and abandoning module CoreUObject (10)
[2018.04.13-15.58.10:813][738]LogModuleManager: Shutting down and abandoning module NetworkFile (8)
[2018.04.13-15.58.10:813][738]LogModuleManager: Shutting down and abandoning module StreamingFile (6)
[2018.04.13-15.58.10:813][738]LogModuleManager: Shutting down and abandoning module SandboxFile (4)
[2018.04.13-15.58.10:813][738]LogModuleManager: Shutting down and abandoning module PakFile (2)
[2018.04.13-15.58.10:837][738]LogExit: Exiting.
[2018.04.13-15.58.10:857][738]Log file closed, 04/13/18 23:58:10
