Log file open, 08/13/18 10:35:39
LogInit:Display: Running engine for game: SynEnv
LogPlatformFile: Not using cached read wrapper
LogInit:Display: RandInit(1278914032) SRandInit(1278914032).
LogTaskGraph: Started task graph with 5 named threads and 8 total threads with 1 sets of task threads.
LogStats: Stats thread started at 3.686144
LogInit: Using libcurl 7.47.1
LogInit:  - built for x86_64-pc-win32
LogInit:  - supports SSL with OpenSSL/1.0.2g
LogInit:  - supports HTTP deflate (compression) using libz 1.2.8
LogInit:  - other features:
LogInit:      CURL_VERSION_SSL
LogInit:      CURL_VERSION_LIBZ
LogInit:      CURL_VERSION_IPV6
LogInit:      CURL_VERSION_ASYNCHDNS
LogInit:      CURL_VERSION_LARGEFILE
LogInit:      CURL_VERSION_IDN
LogInit:  CurlRequestOptions (configurable via config and command line):
LogInit:  - bVerifyPeer = false  - Libcurl will NOT verify peer certificate
LogInit:  - bUseHttpProxy = false  - Libcurl will NOT use HTTP proxy
LogInit:  - bDontReuseConnections = false  - Libcurl will reuse connections
LogInit:  - CertBundlePath = nullptr  - Libcurl will use whatever was configured at build time.
LogInit: Build: ++UE4+Release-4.16-CL-3561208
LogInit: Engine Version: 4.16.3-3561208+++UE4+Release-4.16
LogInit: Compatible Engine Version: 4.16.0-3452394+++UE4+Release-4.16
LogInit: Net CL: 3452394
LogDevObjectVersion: Number of dev versions registered: 16
LogDevObjectVersion:   Dev-Blueprints (B0D832E4-1F89-4F0D-ACCF-7EB736FD4AA2): 9
LogDevObjectVersion:   Dev-Build (E1C64328-A22C-4D53-A36C-8E866417BD8C): 0
LogDevObjectVersion:   Dev-Core (375EC13C-06E4-48FB-B500-84F0262A717E): 2
LogDevObjectVersion:   Dev-Editor (E4B068ED-F494-42E9-A231-DA0B2E46BB41): 17
LogDevObjectVersion:   Dev-Framework (CFFC743F-43B0-4480-9391-14DF171D2073): 23
LogDevObjectVersion:   Dev-Mobile (B02B49B5-BB20-44E9-A304-32B752E40360): 0
LogDevObjectVersion:   Dev-Networking (A4E4105C-59A1-49B5-A7C5-40C4547EDFEE): 0
LogDevObjectVersion:   Dev-Online (39C831C9-5AE6-47DC-9A44-9C173E1C8E7C): 0
LogDevObjectVersion:   Dev-Physics (78F01B33-EBEA-4F98-B9B4-84EACCB95AA2): 0
LogDevObjectVersion:   Dev-Platform (6631380F-2D4D-43E0-8009-CF276956A95A): 0
LogDevObjectVersion:   Dev-Rendering (12F88B9F-8875-4AFC-A67C-D90C383ABD29): 15
LogDevObjectVersion:   Dev-Sequencer (7B5AE74C-D270-4C10-A958-57980B212A5A): 4
LogDevObjectVersion:   Dev-VR (D7296918-1DD6-4BDD-9DE2-64A83CC13884): 0
LogDevObjectVersion:   Dev-LoadTimes (C2A15278-BFE7-4AFE-6C17-90FF531DF755): 1
LogDevObjectVersion:   Private-Geometry (6EACA3D4-40EC-4CC1-B786-8BED09428FC5): 1
LogDevObjectVersion:   Dev-AnimPhys (29E575DD-E0A3-4627-9D10-D276232CDCEA): 3
LogInit: Compiled (64-bit): Jul 28 2017 11:49:47
LogInit: Compiled with Visual C++: 19.00.24215.01
LogInit: Build Configuration: Development
LogInit: Branch Name: ++UE4+Release-4.16
LogInit: Command line:  
LogInit: Base directory: C:/Program Files/Epic Games/UE_4.16/Engine/Binaries/Win64/
LogInit: Installed Engine Build: 1
LogInit: Presizing for max 8388607 objects, including 0 objects not considered by GC, pre-allocating 0 bytes for permanent pool.
LogInit: Object subsystem initialized
[2018.08.13-17.35.41:075][  0]LogInit: Selected Device Profile: [Windows]
[2018.08.13-17.35.41:075][  0]LogInit: Applying CVar settings loaded from the selected device profile: [Windows]
[2018.08.13-17.35.41:283][  0]LogInit: Computer: DESKTOP-8FR1BU2
[2018.08.13-17.35.41:283][  0]LogInit: User: Tsanresearch
[2018.08.13-17.35.41:283][  0]LogInit: CPU Page size=4096, Cores=4
[2018.08.13-17.35.41:283][  0]LogInit: High frequency timer resolution =3.328128 MHz
[2018.08.13-17.35.41:284][  0]LogMemory: Memory total: Physical=15.9GB (16GB approx)
[2018.08.13-17.35.41:284][  0]LogMemory: Platform Memory Stats for Windows
[2018.08.13-17.35.41:284][  0]LogMemory: Process Physical Memory: 271.84 MB used, 271.84 MB peak
[2018.08.13-17.35.41:284][  0]LogMemory: Process Virtual Memory: 262.96 MB used, 262.96 MB peak
[2018.08.13-17.35.41:284][  0]LogMemory: Physical Memory: 11446.07 MB used,  4840.64 MB free, 16286.71 MB total
[2018.08.13-17.35.41:284][  0]LogMemory: Virtual Memory: 4770.40 MB used,  4840.64 MB free, 134217728.00 MB total
[2018.08.13-17.35.42:643][  0]LogInit: Using OS detected language (en-US).
[2018.08.13-17.35.42:643][  0]LogInit: Using OS detected locale (en-US).
[2018.08.13-17.35.42:864][  0]LogTextLocalizationManager: No specific localization for 'en-US' exists, so the 'en' localization will be used.
[2018.08.13-17.35.51:743][  0]LogD3D11RHI: D3D11 adapters:
[2018.08.13-17.35.51:902][  0]LogD3D11RHI:    0. 'NVIDIA GeForce GTX 1070' (Feature Level 11_0)
[2018.08.13-17.35.51:902][  0]LogD3D11RHI:       8088/0/8143 MB DedicatedVideo/DedicatedSystem/SharedSystem, Outputs:2, VendorId:0x10de
[2018.08.13-17.35.52:208][  0]LogD3D11RHI:    1. 'Intel(R) HD Graphics 530' (Feature Level 11_0)
[2018.08.13-17.35.52:208][  0]LogD3D11RHI:       128/0/8143 MB DedicatedVideo/DedicatedSystem/SharedSystem, Outputs:0, VendorId:0x8086
[2018.08.13-17.35.52:211][  0]LogD3D11RHI:    2. 'Microsoft Basic Render Driver' (Feature Level 11_0)
[2018.08.13-17.35.52:211][  0]LogD3D11RHI:       0/0/8143 MB DedicatedVideo/DedicatedSystem/SharedSystem, Outputs:0, VendorId:0x1414
[2018.08.13-17.35.52:211][  0]LogD3D11RHI: Chosen D3D11 Adapter: 0
[2018.08.13-17.35.52:263][  0]LogD3D11RHI: Creating new Direct3DDevice
[2018.08.13-17.35.52:263][  0]LogD3D11RHI:     GPU DeviceId: 0x1b81 (for the marketing name, search the web for "GPU Device Id")
[2018.08.13-17.35.52:263][  0]LogWindows: EnumDisplayDevices:
[2018.08.13-17.35.52:263][  0]LogWindows:    0. 'NVIDIA GeForce GTX 1070' (P:1 D:1)
[2018.08.13-17.35.52:263][  0]LogWindows:    1. 'NVIDIA GeForce GTX 1070' (P:0 D:1)
[2018.08.13-17.35.52:263][  0]LogWindows:    2. 'NVIDIA GeForce GTX 1070' (P:0 D:0)
[2018.08.13-17.35.52:264][  0]LogWindows:    3. 'NVIDIA GeForce GTX 1070' (P:0 D:0)
[2018.08.13-17.35.52:264][  0]LogWindows:    4. 'Intel(R) HD Graphics 530' (P:0 D:0)
[2018.08.13-17.35.52:264][  0]LogWindows:    5. 'Intel(R) HD Graphics 530' (P:0 D:0)
[2018.08.13-17.35.52:264][  0]LogWindows:    6. 'Intel(R) HD Graphics 530' (P:0 D:0)
[2018.08.13-17.35.52:264][  0]LogWindows: DebugString: GetVideoDriverDetailsInvalid PrimaryIsNotTheChoosenAdapter GetVideoDriverDetailsInvalid PrimaryIsNotTheChoosenAdapter GetVideoDriverDetailsInvalid PrimaryIsNotTheChoosenAdapter GetVideoDriverDetailsInvalid PrimaryIsNotTheChoosenAdapter GetVideoDriverDetailsInvalid PrimaryIsNotTheChoosenAdapter GetVideoDriverDetailsInvalid PrimaryIsNotTheChoosenAdapter GetVideoDriverDetailsInvalid PrimaryIsNotTheChoosenAdapter FoundDriverCount:0 
[2018.08.13-17.35.52:264][  0]LogD3D11RHI:     Adapter Name: NVIDIA GeForce GTX 1070
[2018.08.13-17.35.52:264][  0]LogD3D11RHI:   Driver Version: Unknown (internal:Unknown, unified:Unknown)
[2018.08.13-17.35.52:264][  0]LogD3D11RHI:      Driver Date: Unknown
[2018.08.13-17.35.52:264][  0]LogRHI: Texture pool is 1361 MB (70% of 1945 MB)
[2018.08.13-17.35.52:342][  0]LogD3D11RHI: Async texture creation enabled
[2018.08.13-17.35.52:657][  0]LogD3D11RHI: GPU Timing Frequency: 1000.000000 (Debug: 2 2)
[2018.08.13-17.35.52:842][  0]LogShaderCompilers: Guid format shader working directory is -4 characters bigger than the processId version (../../../../../../Users/Tsan-research/Desktop/SynEnv_4_16/Intermediate/Shaders/WorkingDirectory/18824/).
[2018.08.13-17.35.52:842][  0]LogShaderCompilers: Cleaned the shader compiler working directory 'C:/Users/Tsan-research/AppData/Local/Temp/UnrealShaderWorkingDir/0A25876042C1C48FC91D66B07F2891EC/'.
[2018.08.13-17.35.52:854][  0]LogShaderCompilers:Display: Using Local Shader Compiler.
[2018.08.13-17.35.59:209][  0]LogTemp:Display: Loaded TP AllDesktopTargetPlatform
[2018.08.13-17.35.59:262][  0]LogTemp:Display: Loaded TP MacClientTargetPlatform
[2018.08.13-17.35.59:310][  0]LogTemp:Display: Loaded TP MacNoEditorTargetPlatform
[2018.08.13-17.35.59:356][  0]LogTemp:Display: Loaded TP MacServerTargetPlatform
[2018.08.13-17.35.59:421][  0]LogTemp:Display: Loaded TP MacTargetPlatform
[2018.08.13-17.35.59:468][  0]LogTemp:Display: Loaded TP WindowsClientTargetPlatform
[2018.08.13-17.35.59:514][  0]LogTemp:Display: Loaded TP WindowsNoEditorTargetPlatform
[2018.08.13-17.35.59:569][  0]LogTemp:Display: Loaded TP WindowsServerTargetPlatform
[2018.08.13-17.35.59:621][  0]LogTemp:Display: Loaded TP WindowsTargetPlatform
[2018.08.13-17.35.59:682][  0]LogTemp:Display: Loaded TP AndroidTargetPlatform
[2018.08.13-17.35.59:728][  0]LogTemp:Display: Loaded TP Android_ASTCTargetPlatform
[2018.08.13-17.35.59:844][  0]LogTemp:Display: Loaded TP Android_ATCTargetPlatform
[2018.08.13-17.35.59:897][  0]LogTemp:Display: Loaded TP Android_DXTTargetPlatform
[2018.08.13-17.35.59:945][  0]LogTemp:Display: Loaded TP Android_ETC1TargetPlatform
[2018.08.13-17.35.59:990][  0]LogTemp:Display: Loaded TP Android_ETC2TargetPlatform
[2018.08.13-17.36.00:091][  0]LogTemp:Display: Loaded TP Android_MultiTargetPlatform
[2018.08.13-17.36.00:091][  0]LogTemp:Display: Loaded TP Android_PVRTCTargetPlatform
[2018.08.13-17.36.00:130][  0]LogTemp:Display: Loaded TP HTML5TargetPlatform
[2018.08.13-17.36.00:274][  0]LogTemp:Display: Loaded TP IOSTargetPlatform
[2018.08.13-17.36.00:301][  0]LogTemp:Display: Loaded TP TVOSTargetPlatform
[2018.08.13-17.36.00:375][  0]LogTemp:Display: Loaded TP LinuxClientTargetPlatform
[2018.08.13-17.36.00:455][  0]LogTemp:Display: Loaded TP LinuxNoEditorTargetPlatform
[2018.08.13-17.36.00:502][  0]LogTemp:Display: Loaded TP LinuxServerTargetPlatform
[2018.08.13-17.36.00:579][  0]LogTemp:Display: Loaded TP LinuxTargetPlatform
[2018.08.13-17.36.00:579][  0]LogTargetPlatformManager:Display: Building Assets For Windows
[2018.08.13-17.36.02:187][  0]LogDerivedDataCache:Display: Max Cache Size: 512 MB
[2018.08.13-17.36.02:932][  0]LogDerivedDataCache: Loaded boot cache 0.75s 90MB C:/Users/Tsan-research/AppData/Local/UnrealEngine/4.16/DerivedDataCache/Boot.ddc.
[2018.08.13-17.36.02:932][  0]LogDerivedDataCache:Display: Loaded Boot cache: C:/Users/Tsan-research/AppData/Local/UnrealEngine/4.16/DerivedDataCache/Boot.ddc
[2018.08.13-17.36.02:932][  0]LogDerivedDataCache: FDerivedDataBackendGraph:  Pak pak cache file ../../../../../../Users/Tsan-research/Desktop/SynEnv_4_16/DerivedDataCache/DDC.ddp not found, will not use a pak cache.
[2018.08.13-17.36.02:932][  0]LogDerivedDataCache: Unable to find inner node Pak for hierarchical cache Hierarchy.
[2018.08.13-17.36.02:932][  0]LogDerivedDataCache: FDerivedDataBackendGraph:  CompressedPak pak cache file ../../../../../../Users/Tsan-research/Desktop/SynEnv_4_16/DerivedDataCache/Compressed.ddp not found, will not use a pak cache.
[2018.08.13-17.36.02:932][  0]LogDerivedDataCache: Unable to find inner node CompressedPak for hierarchical cache Hierarchy.
[2018.08.13-17.36.03:046][  0]LogDerivedDataCache:Display: Pak cache opened for reading ../../../Engine/DerivedDataCache/Compressed.ddp.
[2018.08.13-17.36.03:078][  0]LogDerivedDataCache: Using Local data cache path C:/Users/Tsan-research/AppData/Local/UnrealEngine/Common/DerivedDataCache: Writable
[2018.08.13-17.36.03:183][  0]LogMaterial: Verifying Global Shaders for PCD3D_SM5
[2018.08.13-17.36.03:245][  0]LogSlate: Using Freetype 2.6.0
[2018.08.13-17.36.03:315][  0]LogSlate: SlateFontCache - WITH_FREETYPE: 1, WITH_HARFBUZZ: 1
[2018.08.13-17.36.03:315][  0]LogSlate: SlateFontCache - WITH_FREETYPE: 1, WITH_HARFBUZZ: 1
[2018.08.13-17.36.10:286][  0]LogInit: Selected Device Profile: [Windows]
[2018.08.13-17.36.11:453][  0]LogContentStreaming: Texture pool size is 0.00 MB
[2018.08.13-17.36.12:509][  0]LogMeshUtilities: Using QuadricMeshReduction for automatic static mesh reduction
[2018.08.13-17.36.12:641][  0]LogSimplygon: Simplygon DLL not present - disabling.
[2018.08.13-17.36.12:731][  0]LogMeshUtilities: Using SimplygonSwarm for distributed automatic mesh merging
[2018.08.13-17.36.12:731][  0]LogMeshUtilities: No automatic skeletal mesh reduction module available
[2018.08.13-17.36.12:731][  0]LogMeshUtilities: No automatic mesh merging module available
[2018.08.13-17.36.19:466][  0]LogNetVersion: SynEnv , NetCL: 3452394, EngineNetVer: 2, GameNetVer: 0 (Checksum: 277580360)
[2018.08.13-17.36.20:049][  0]LogAssetRegistry: FAssetRegistry took 0.0851 seconds to start up
[2018.08.13-17.36.20:466][  0]LogPackageLocalizationCache: Processed 5 localized package path(s) for 2 prioritized culture(s) in 0.253436 seconds
[2018.08.13-17.36.20:500][  0]LogUObjectArray: 34194 objects as part of root set at end of initial load.
[2018.08.13-17.36.20:501][  0]LogUObjectAllocator: 7260424 out of 0 bytes used by permanent object pool.
[2018.08.13-17.36.20:501][  0]LogUObjectArray: CloseDisregardForGC: 0/0 objects in disregard for GC pool
[2018.08.13-17.36.20:619][  0]LogInit: WinSock: version 1.1 (2.2), MaxSocks=32767, MaxUdp=65467
[2018.08.13-17.36.47:072][  0]LogSubstanceCoreModule: Substance [CPU] Engine Loaded, Max Texture Size = 2048
[2018.08.13-17.36.47:250][  0]LogTcpMessaging: Initializing TcpMessaging bridge
[2018.08.13-17.36.47:343][  0]LogUdpMessaging: Initializing bridge on interface 0.0.0.0:0 to multicast group 230.0.0.1:6666.
[2018.08.13-17.36.48:355][  0]LogUnrealCV:Warning: Can not recognize visualization mode 
[2018.08.13-17.36.48:357][  0]LogUnrealCV:Warning: Loading config
[2018.08.13-17.36.48:360][  0]LogUnrealCV:Warning: Port: 9000
[2018.08.13-17.36.48:360][  0]LogUnrealCV:Warning: Width: 144
[2018.08.13-17.36.48:360][  0]LogUnrealCV:Warning: Height: 81
[2018.08.13-17.36.48:360][  0]LogUnrealCV:Warning: FOV: 84.000000
[2018.08.13-17.36.48:360][  0]LogUnrealCV:Warning: EnableInput: true
[2018.08.13-17.36.48:360][  0]LogUnrealCV:Warning: EnableRightEye: false
[2018.08.13-17.36.48:362][  0]LogUnrealCV:Warning: The UriTemplate vrun ([^ ]*)[ ]*$ already exist, overwrited.
[2018.08.13-17.36.48:374][  0]LogUnrealCV:Warning: Start listening on 9000
[2018.08.13-17.36.49:687][  0]LogMaterial: Uniform references updated for custom material expression Custom.
[2018.08.13-17.36.50:974][  0]SourceControl: Info Source control is disabled
[2018.08.13-17.36.51:157][  0]SourceControl: Info Source control is disabled
[2018.08.13-17.36.51:258][  0]SourceControl: Info Source control is disabled
[2018.08.13-17.36.51:337][  0]SourceControl: Info Source control is disabled
[2018.08.13-17.36.52:753][  0]LogAndroidPermission: UAndroidPermissionCallbackProxy::GetInstance
[2018.08.13-17.36.54:237][  0]LogEngine: Initializing Engine...
[2018.08.13-17.36.54:285][  0]LogHMD: Failed to initialize OpenVR with code 110
[2018.08.13-17.36.55:313][  0]LogStats: UGameplayTagsManager::ConstructGameplayTagTree: Construct from data asset -  0.000 s
[2018.08.13-17.36.55:314][  0]LogStats: UGameplayTagsManager::ConstructGameplayTagTree: GameplayTagTreeChangedEvent.Broadcast -  0.000 s
[2018.08.13-17.36.56:224][  0]LogAIModule: Creating AISystem for world Untitled
[2018.08.13-17.36.56:527][  0]LogInit: XAudio2 using 'VX24A (NVIDIA High Definition Audio)' : 2 channels at 48 kHz using 16 bits per sample (channel mask 0x3)
[2018.08.13-17.36.56:661][  0]LogInit: FAudioDevice initialized.
[2018.08.13-17.36.56:721][  0]LogDerivedDataCache: Saved boot cache 0.05s 90MB C:/Users/Tsan-research/AppData/Local/UnrealEngine/4.16/DerivedDataCache/Boot.ddc.
[2018.08.13-17.36.56:738][  0]LogInit: Texture streaming: Enabled
[2018.08.13-17.36.57:046][  0]LogEngineSessionManager: EngineSessionManager initialized
[2018.08.13-17.36.58:485][  0]LogInit: Transaction tracking system initialized
[2018.08.13-17.37.00:178][  0]BlueprintLog: New page: Editor Load
[2018.08.13-17.37.05:421][  0]LocalizationService: Info Localization service is disabled
[2018.08.13-17.37.08:764][  0]LogConsoleResponse:Display: 
[2018.08.13-17.37.13:787][  0]LogFileCache: Scanning file cache for directory 'C:/Users/Tsan-research/Desktop/SynEnv_4_16/Content/' took 0.04s
[2018.08.13-17.37.13:787][  0]LogCook:Display: Max memory allowance for cook 16384mb min free memory 0mb
[2018.08.13-17.37.13:788][  0]LogCook:Display: Mobile HDR setting 1
[2018.08.13-17.37.25:509][  0]SourceControl: Info Source control is disabled
[2018.08.13-17.37.25:983][  0]Cmd: MAP LOAD FILE="../../../../../../Users/Tsan-research/Desktop/SynEnv_4_16/Content/ThirdPersonBP/Maps/NarrowCorridor.umap" TEMPLATE=0 SHOWPROGRESS=1 FEATURELEVEL=3
[2018.08.13-17.37.26:366][  0]LightingResults: New page: Lighting Build
[2018.08.13-17.37.27:873][  0]MapCheck: New page: Map Check
[2018.08.13-17.37.27:873][  0]LightingResults: New page: Lighting Build
[2018.08.13-17.38.10:323][  0]LogAIModule: Creating AISystem for world NarrowCorridor
[2018.08.13-17.38.16:950][  0]LogEditorServer: Finished looking for orphan Actors (0.116 secs)
[2018.08.13-17.38.19:448][  0]Cmd: MAP CHECKDEP NOCLEARLOG
[2018.08.13-17.38.19:929][  0]MapCheck: Info Map check complete: 0 Error(s), 0 Warning(s), took 354.64ms to complete.
[2018.08.13-17.38.19:929][  0]LogFileHelpers: Loading map 'NarrowCorridor' took 54.230
[2018.08.13-17.38.36:625][  0]LogCollectionManager: Loaded 0 collections in 0.002589 seconds
[2018.08.13-17.38.37:822][  0]LogFileCache: Scanning file cache for directory 'C:/Users/Tsan-research/Desktop/SynEnv_4_16/Saved/Collections/' took 0.01s
[2018.08.13-17.38.37:822][  0]LogFileCache: Scanning file cache for directory 'C:/Users/Tsan-research/Desktop/SynEnv_4_16/Content/Developers/Tsanresearch/Collections/' took 0.01s
[2018.08.13-17.38.37:822][  0]LogFileCache: Scanning file cache for directory 'C:/Users/Tsan-research/Desktop/SynEnv_4_16/Content/Collections/' took 0.01s
[2018.08.13-17.38.37:822][  0]LogCollectionManager: Rebuilt the GUID cache for 0 collections in 0.000002 seconds
[2018.08.13-17.38.38:007][  0]LogContentBrowser: Native class hierarchy populated in 0.0972 seconds. Added 2364 classes and 513 folders.
[2018.08.13-17.38.38:852][  0]LogContentBrowser: Native class hierarchy updated for 'WidgetCarousel' in 0.0024 seconds. Added 0 classes and 0 folders.
[2018.08.13-17.38.44:938][  0]LogContentBrowser: Native class hierarchy updated for 'AddContentDialog' in 0.0027 seconds. Added 0 classes and 0 folders.
[2018.08.13-17.38.45:580][  0]LogContentBrowser: Native class hierarchy updated for 'SceneOutliner' in 0.0023 seconds. Added 1 classes and 2 folders.
[2018.08.13-17.38.48:822][  0]LogCrashTracker: Crashtracker disabled due to settings.
[2018.08.13-17.38.50:622][  0]LogSlate: Took 0.079745 seconds to synchronously load lazily loaded font '../../../Engine/Content/Slate/Fonts/Roboto-Regular.ttf' (155K)
[2018.08.13-17.38.50:662][  0]LogSlate: Took 0.026472 seconds to synchronously load lazily loaded font '../../../Engine/Content/Slate/Fonts/Roboto-Bold.ttf' (160K)
[2018.08.13-17.38.51:076][  0]LogSlate: Took 0.071208 seconds to synchronously load lazily loaded font '../../../Engine/Content/Editor/Slate/Fonts/FontAwesome.ttf' (139K)
[2018.08.13-17.38.52:764][  0]LogRenderer: Reallocating scene render targets to support 256x256 NumSamples 1 (Frame:1).
[2018.08.13-17.38.53:502][  0]LogRenderer: Reallocating scene render targets to support 1152x536 NumSamples 1 (Frame:1).
[2018.08.13-17.38.54:440][  0]LogUObjectGlobals:Warning: Failed to find object 'Class None.'
[2018.08.13-17.38.54:769][  0]LogContentBrowser: Native class hierarchy updated for 'HierarchicalLODOutliner' in 0.0025 seconds. Added 1 classes and 2 folders.
[2018.08.13-17.38.54:769][  0]LogLoad: (Engine Initialization) Total time: 208.97 seconds
[2018.08.13-17.38.54:769][  0]LogLoad: (Engine Initialization) Total Blueprint compile time: 4.01 seconds
[2018.08.13-17.38.54:769][  0]LogExternalProfiler: Found external profiler: VSPerf
[2018.08.13-17.38.54:769][  0]LogExternalProfiler: Using external profiler: VSPerf
[2018.08.13-17.38.55:304][  0]LogOcInput: OculusInput pre-init called
[2018.08.13-17.38.55:311][  0]LogHMD: Starting GearVRController plugin
[2018.08.13-17.38.55:995][  0]LogContentStreaming: Texture pool size now 1000 MB
[2018.08.13-17.38.57:706][  1]LogSlate: Took 0.033761 seconds to synchronously load lazily loaded font '../../../Engine/Content/Slate/Fonts/Roboto-Light.ttf' (159K)
[2018.08.13-17.38.58:867][  5]LogAssetRegistry: Asset discovery search completed in 158.8424 seconds
[2018.08.13-17.38.58:906][  5]LogCollectionManager: Rebuilt the object cache for 0 collections in 0.000001 seconds (found 0 objects)
[2018.08.13-17.38.58:906][  5]LogCollectionManager: Fixed up redirectors for 0 collections in 0.021854 seconds (updated 0 objects)
[2018.08.13-17.40.29:460][ 31]LogSlate: Took 0.022213 seconds to synchronously load lazily loaded font '../../../Engine/Content/Slate/Fonts/Roboto-Light.ttf' (159K)
[2018.08.13-17.40.30:118][ 31]LogSlate: Took 0.023280 seconds to synchronously load lazily loaded font '../../../Engine/Content/Slate/Fonts/Roboto-Regular.ttf' (155K)
[2018.08.13-17.40.30:154][ 31]LogClass:Warning: Enum '/Game/Blueprints/MotionEnum.MotionEnum' was upgraded to use FText to store its display name data. Please re-save this asset to avoid issues with localization and determinstic cooking.
[2018.08.13-17.40.30:452][ 31]LogContentBrowser: Native class hierarchy updated for 'BlueprintGraph' in 0.0029 seconds. Added 112 classes and 0 folders.
[2018.08.13-17.40.32:365][ 31]LogSlate: Took 0.018394 seconds to synchronously load lazily loaded font '../../../Engine/Content/Editor/Slate/Fonts/Roboto-BoldCondensed.ttf' (158K)
[2018.08.13-17.40.34:865][147]LogSlate: Took 0.020389 seconds to synchronously load lazily loaded font '../../../Engine/Content/Editor/Slate/Fonts/Roboto-Italic.ttf' (157K)
[2018.08.13-17.40.42:061][580]LogContentBrowser: Native class hierarchy updated for 'SkeletonEditor' in 0.0027 seconds. Added 1 classes and 2 folders.
[2018.08.13-17.40.42:552][580]LogActorComponent: RegisterComponentWithWorld: (/Engine/Transient.World_12:PersistentLevel.Actor_0.DebugSkelMeshComponent_0) Already registered. Aborting.
[2018.08.13-17.40.42:854][580]LogSkeletalMesh: USkeletalMeshComponent::InitArticulated : Bodies already created (/Engine/Transient.World_12:PersistentLevel.Actor_0.DebugSkelMeshComponent_0) - call TermArticulated first.
[2018.08.13-17.40.43:957][580]LogContentBrowser: Native class hierarchy updated for 'ClothingSystemEditorInterface' in 0.0022 seconds. Added 1 classes and 0 folders.
[2018.08.13-17.40.44:022][581]LogRenderer: Reallocating scene render targets to support 1152x888 NumSamples 1 (Frame:1).
[2018.08.13-17.44.28:163][755]LogEditorViewport: Clicking on Actor (LMB): StaticMeshActor (Wall10)
[2018.08.13-17.44.28:977][786]LogEditorViewport: Clicking on Actor (LMB): StaticMeshActor (Wall8)
[2018.08.13-17.44.51:831][385]LogActorComponent: RegisterComponentWithWorld: (/Engine/Transient.World_16:PersistentLevel.Actor_1.DebugSkelMeshComponent_1) Already registered. Aborting.
[2018.08.13-17.44.51:883][385]LogSkeletalMesh: USkeletalMeshComponent::InitArticulated : Bodies already created (/Engine/Transient.World_16:PersistentLevel.Actor_1.DebugSkelMeshComponent_1) - call TermArticulated first.
[2018.08.13-18.02.17:197][ 71]LogAIModule: Creating AISystem for world NarrowCorridor_2
[2018.08.13-18.02.17:364][ 71]Cmd: MAP LOAD FILE="../../../../../../Users/Tsan-research/Desktop/SynEnv_4_16/Content/ThirdPersonBP/Maps/NarrowCorridor_2.umap" TEMPLATE=0 SHOWPROGRESS=1 FEATURELEVEL=3
[2018.08.13-18.02.17:364][ 71]LightingResults: New page: Lighting Build
[2018.08.13-18.02.17:370][ 71]LoadErrors: New page: Loading map: NarrowCorridor_2.umap
[2018.08.13-18.02.17:426][ 71]MapCheck: New page: Map Check
[2018.08.13-18.02.17:426][ 71]LightingResults: New page: Lighting Build
[2018.08.13-18.02.17:534][ 71]LogEditorServer: Finished looking for orphan Actors (0.000 secs)
[2018.08.13-18.02.17:580][ 71]Cmd: MAP CHECKDEP NOCLEARLOG
[2018.08.13-18.02.17:648][ 71]MapCheck: Info Map check complete: 0 Error(s), 0 Warning(s), took 67.932ms to complete.
[2018.08.13-18.02.17:648][ 71]LogFileHelpers: Loading map 'NarrowCorridor_2' took 0.293
[2018.08.13-18.02.19:826][291]LogTexture:Display: Building textures: HQ_Lightmap0_1 (AutoDXT, 1024X1024)
[2018.08.13-18.02.20:041][291]LogTexture:Display: Building textures: HQ_Lightmap0_2 (AutoDXT, 1024X1024)
[2018.08.13-18.02.20:182][291]LogTexture:Display: Building textures: LQ_Lightmap_0_1 (DXT1, 1024X1024)
[2018.08.13-18.02.20:263][291]LogTexture:Display: Building textures: LQ_Lightmap_0_2 (DXT1, 1024X1024)
[2018.08.13-18.02.20:324][291]LogTexture:Display: Building textures: SkyOcclusion0_1 (AutoDXT, 1024X512)
[2018.08.13-18.02.20:385][291]LogTexture:Display: Building textures: SkyOcclusion0_2 (AutoDXT, 1024X512)
[2018.08.13-18.02.20:453][291]LogTexture:Display: Building textures: ShadowMapTexture2D_0 (BGRA8, 2048X1024)
[2018.08.13-18.02.20:560][291]LogAIModule: Creating AISystem for world OpenSpace
[2018.08.13-18.02.20:613][291]Cmd: MAP LOAD FILE="../../../../../../Users/Tsan-research/Desktop/SynEnv_4_16/Content/ThirdPersonBP/Maps/OpenSpace.umap" TEMPLATE=0 SHOWPROGRESS=1 FEATURELEVEL=3
[2018.08.13-18.02.20:613][291]LightingResults: New page: Lighting Build
[2018.08.13-18.02.20:613][291]LoadErrors: New page: Loading map: OpenSpace.umap
[2018.08.13-18.02.20:614][291]MapCheck: New page: Map Check
[2018.08.13-18.02.20:614][291]LightingResults: New page: Lighting Build
[2018.08.13-18.02.20:640][291]LogEditorServer: Finished looking for orphan Actors (0.000 secs)
[2018.08.13-18.02.20:677][291]Cmd: MAP CHECKDEP NOCLEARLOG
[2018.08.13-18.02.20:743][291]MapCheck: Info Map check complete: 0 Error(s), 0 Warning(s), took 66.547ms to complete.
[2018.08.13-18.02.20:743][291]LogFileHelpers: Loading map 'OpenSpace' took 0.145
[2018.08.13-18.02.23:073][487]LogTexture:Display: Building textures: HQ_Lightmap1_1 (AutoDXT, 1024X1024)
[2018.08.13-18.02.23:250][487]LogTexture:Display: Building textures: HQ_Lightmap1_2 (AutoDXT, 1024X1024)
[2018.08.13-18.02.23:408][487]LogTexture:Display: Building textures: HQ_Lightmap1_3 (AutoDXT, 64X64)
[2018.08.13-18.02.23:423][487]LogTexture:Display: Building textures: LQ_Lightmap_1_1 (DXT1, 1024X1024)
[2018.08.13-18.02.23:506][487]LogTexture:Display: Building textures: LQ_Lightmap_1_2 (DXT1, 1024X1024)
[2018.08.13-18.02.23:573][487]LogTexture:Display: Building textures: LQ_Lightmap_1_3 (DXT1, 64X64)
[2018.08.13-18.02.23:580][487]LogTexture:Display: Building textures: SkyOcclusion1_1 (AutoDXT, 1024X512)
[2018.08.13-18.02.23:619][487]LogTexture:Display: Building textures: SkyOcclusion1_2 (AutoDXT, 1024X512)
[2018.08.13-18.02.23:674][487]LogTexture:Display: Building textures: SkyOcclusion1_3 (AutoDXT, 64X32)
[2018.08.13-18.02.23:720][487]LogTexture:Display: Building textures: ShadowMapTexture2D_10 (BGRA8, 2048X1024)
[2018.08.13-18.02.23:818][487]LogTexture:Display: Building textures: ShadowMapTexture2D_11 (G8, 64X32)
[2018.08.13-18.02.23:881][487]LogAIModule: Creating AISystem for world WideCorridor
[2018.08.13-18.02.23:947][487]Cmd: MAP LOAD FILE="../../../../../../Users/Tsan-research/Desktop/SynEnv_4_16/Content/ThirdPersonBP/Maps/WideCorridor.umap" TEMPLATE=0 SHOWPROGRESS=1 FEATURELEVEL=3
[2018.08.13-18.02.23:947][487]LightingResults: New page: Lighting Build
[2018.08.13-18.02.23:948][487]LoadErrors: New page: Loading map: WideCorridor.umap
[2018.08.13-18.02.23:949][487]MapCheck: New page: Map Check
[2018.08.13-18.02.23:949][487]LightingResults: New page: Lighting Build
[2018.08.13-18.02.23:998][487]LogEditorServer: Finished looking for orphan Actors (0.000 secs)
[2018.08.13-18.02.24:041][487]Cmd: MAP CHECKDEP NOCLEARLOG
[2018.08.13-18.02.24:106][487]MapCheck: Info Map check complete: 0 Error(s), 0 Warning(s), took 64.438ms to complete.
[2018.08.13-18.02.24:106][487]LogFileHelpers: Loading map 'WideCorridor' took 0.159
[2018.08.13-18.02.42:754][483]LogFactory: FactoryCreateFile: StaticMesh with FbxFactory (0 0 ../../../../../../Users/Tsan-research/Desktop/eminem_obj.obj)
[2018.08.13-18.02.52:679][483]LogFbx: Loading FBX Scene from ../../../../../../Users/Tsan-research/Desktop/eminem_obj.obj
[2018.08.13-18.04.15:483][483]LogFbx: FBX Scene Loaded Succesfully
[2018.08.13-18.04.39:549][483]LogFbx: Loading FBX Scene from ../../../../../../Users/Tsan-research/Desktop/eminem_obj.obj
[2018.08.13-18.06.00:810][483]LogFbx: FBX Scene Loaded Succesfully
[2018.08.13-18.06.01:293][483]LogLinker: Can't find file '/Game/ThirdPersonBP/Maps/obj0Mat'
[2018.08.13-18.06.01:295][483]LogLinker: Can't find file '/Game/ThirdPersonBP/Maps/obj0Mat'
[2018.08.13-18.06.02:059][483]LogMaterial: Missing cached shader map for material obj0Mat, compiling. 
[2018.08.13-18.06.02:627][483]LogFbx:Warning: Triangulating static mesh obj0
[2018.08.13-18.09.05:785][483]LogStaticMesh: Building static mesh eminem_obj_obj0...
[2018.08.13-18.09.14:379][483]LogMeshUtilities: Invalid vertex normals found for mesh. Forcing recomputation of vertex normals for MikkTSpace. Fix mesh or disable "Use MikkTSpace Tangent Space" to avoid forced recomputation of normals.
