Log file open, 08/09/18 01:02:44
LogInit:Display: Running engine for game: SynEnv
LogPlatformFile: Not using cached read wrapper
LogInit:Display: RandInit(2057185379) SRandInit(2057185379).
LogTaskGraph: Started task graph with 5 named threads and 8 total threads with 1 sets of task threads.
LogStats: Stats thread started at 19.203480
LogInit: Using libcurl 7.47.1
LogInit:  - built for x86_64-pc-win32
LogInit:  - supports SSL with OpenSSL/1.0.2g
LogInit:  - supports HTTP deflate (compression) using libz 1.2.8
LogInit:  - other features:
LogInit:      CURL_VERSION_SSL
LogInit:      CURL_VERSION_LIBZ
LogInit:      CURL_VERSION_IPV6
LogInit:      CURL_VERSION_ASYNCHDNS
LogInit:      CURL_VERSION_LARGEFILE
LogInit:      CURL_VERSION_IDN
LogInit:  CurlRequestOptions (configurable via config and command line):
LogInit:  - bVerifyPeer = false  - Libcurl will NOT verify peer certificate
LogInit:  - bUseHttpProxy = false  - Libcurl will NOT use HTTP proxy
LogInit:  - bDontReuseConnections = false  - Libcurl will reuse connections
LogInit:  - CertBundlePath = nullptr  - Libcurl will use whatever was configured at build time.
LogInit: Build: ++UE4+Release-4.16-CL-3561208
LogInit: Engine Version: 4.16.3-3561208+++UE4+Release-4.16
LogInit: Compatible Engine Version: 4.16.0-3452394+++UE4+Release-4.16
LogInit: Net CL: 3452394
LogDevObjectVersion: Number of dev versions registered: 16
LogDevObjectVersion:   Dev-Blueprints (B0D832E4-1F89-4F0D-ACCF-7EB736FD4AA2): 9
LogDevObjectVersion:   Dev-Build (E1C64328-A22C-4D53-A36C-8E866417BD8C): 0
LogDevObjectVersion:   Dev-Core (375EC13C-06E4-48FB-B500-84F0262A717E): 2
LogDevObjectVersion:   Dev-Editor (E4B068ED-F494-42E9-A231-DA0B2E46BB41): 17
LogDevObjectVersion:   Dev-Framework (CFFC743F-43B0-4480-9391-14DF171D2073): 23
LogDevObjectVersion:   Dev-Mobile (B02B49B5-BB20-44E9-A304-32B752E40360): 0
LogDevObjectVersion:   Dev-Networking (A4E4105C-59A1-49B5-A7C5-40C4547EDFEE): 0
LogDevObjectVersion:   Dev-Online (39C831C9-5AE6-47DC-9A44-9C173E1C8E7C): 0
LogDevObjectVersion:   Dev-Physics (78F01B33-EBEA-4F98-B9B4-84EACCB95AA2): 0
LogDevObjectVersion:   Dev-Platform (6631380F-2D4D-43E0-8009-CF276956A95A): 0
LogDevObjectVersion:   Dev-Rendering (12F88B9F-8875-4AFC-A67C-D90C383ABD29): 15
LogDevObjectVersion:   Dev-Sequencer (7B5AE74C-D270-4C10-A958-57980B212A5A): 4
LogDevObjectVersion:   Dev-VR (D7296918-1DD6-4BDD-9DE2-64A83CC13884): 0
LogDevObjectVersion:   Dev-LoadTimes (C2A15278-BFE7-4AFE-6C17-90FF531DF755): 1
LogDevObjectVersion:   Private-Geometry (6EACA3D4-40EC-4CC1-B786-8BED09428FC5): 1
LogDevObjectVersion:   Dev-AnimPhys (29E575DD-E0A3-4627-9D10-D276232CDCEA): 3
LogInit: Compiled (64-bit): Jul 28 2017 11:49:47
LogInit: Compiled with Visual C++: 19.00.24215.01
LogInit: Build Configuration: Development
LogInit: Branch Name: ++UE4+Release-4.16
LogInit: Command line:  -skipcompile
LogInit: Base directory: C:/Program Files/Epic Games/UE_4.16/Engine/Binaries/Win64/
LogInit: Installed Engine Build: 1
LogInit: Presizing for max 8388607 objects, including 0 objects not considered by GC, pre-allocating 0 bytes for permanent pool.
LogInit: Object subsystem initialized
[2018.08.09-05.02.50:008][  0]LogInit: Selected Device Profile: [Windows]
[2018.08.09-05.02.50:008][  0]LogInit: Applying CVar settings loaded from the selected device profile: [Windows]
[2018.08.09-05.02.50:160][  0]LogInit: Computer: DESKTOP-8FR1BU2
[2018.08.09-05.02.50:160][  0]LogInit: User: Tsanresearch
[2018.08.09-05.02.50:160][  0]LogInit: CPU Page size=4096, Cores=4
[2018.08.09-05.02.50:160][  0]LogInit: High frequency timer resolution =3.328128 MHz
[2018.08.09-05.02.50:163][  0]LogMemory: Memory total: Physical=15.9GB (16GB approx)
[2018.08.09-05.02.50:163][  0]LogMemory: Platform Memory Stats for Windows
[2018.08.09-05.02.50:163][  0]LogMemory: Process Physical Memory: 274.54 MB used, 274.54 MB peak
[2018.08.09-05.02.50:164][  0]LogMemory: Process Virtual Memory: 263.54 MB used, 263.54 MB peak
[2018.08.09-05.02.50:164][  0]LogMemory: Physical Memory: 8688.98 MB used,  7597.73 MB free, 16286.71 MB total
[2018.08.09-05.02.50:164][  0]LogMemory: Virtual Memory: 4770.95 MB used,  7597.73 MB free, 134217728.00 MB total
[2018.08.09-05.02.55:159][  0]LogInit: Using OS detected language (en-US).
[2018.08.09-05.02.55:159][  0]LogInit: Using OS detected locale (en-US).
[2018.08.09-05.02.55:708][  0]LogTextLocalizationManager: No specific localization for 'en-US' exists, so the 'en' localization will be used.
[2018.08.09-05.03.10:543][  0]LogD3D11RHI: D3D11 adapters:
[2018.08.09-05.03.10:679][  0]LogD3D11RHI:    0. 'NVIDIA GeForce GTX 1070' (Feature Level 11_0)
[2018.08.09-05.03.10:679][  0]LogD3D11RHI:       8088/0/8143 MB DedicatedVideo/DedicatedSystem/SharedSystem, Outputs:2, VendorId:0x10de
[2018.08.09-05.03.10:778][  0]LogD3D11RHI:    1. 'Intel(R) HD Graphics 530' (Feature Level 11_0)
[2018.08.09-05.03.10:778][  0]LogD3D11RHI:       128/0/8143 MB DedicatedVideo/DedicatedSystem/SharedSystem, Outputs:0, VendorId:0x8086
[2018.08.09-05.03.10:817][  0]LogD3D11RHI:    2. 'Microsoft Basic Render Driver' (Feature Level 11_0)
[2018.08.09-05.03.10:817][  0]LogD3D11RHI:       0/0/8143 MB DedicatedVideo/DedicatedSystem/SharedSystem, Outputs:0, VendorId:0x1414
[2018.08.09-05.03.10:817][  0]LogD3D11RHI: Chosen D3D11 Adapter: 0
[2018.08.09-05.03.10:829][  0]LogD3D11RHI: Creating new Direct3DDevice
[2018.08.09-05.03.10:830][  0]LogD3D11RHI:     GPU DeviceId: 0x1b81 (for the marketing name, search the web for "GPU Device Id")
[2018.08.09-05.03.10:830][  0]LogWindows: EnumDisplayDevices:
[2018.08.09-05.03.10:830][  0]LogWindows:    0. 'NVIDIA GeForce GTX 1070' (P:1 D:1)
[2018.08.09-05.03.10:830][  0]LogWindows:    1. 'NVIDIA GeForce GTX 1070' (P:0 D:1)
[2018.08.09-05.03.10:830][  0]LogWindows:    2. 'NVIDIA GeForce GTX 1070' (P:0 D:0)
[2018.08.09-05.03.10:831][  0]LogWindows:    3. 'NVIDIA GeForce GTX 1070' (P:0 D:0)
[2018.08.09-05.03.10:831][  0]LogWindows:    4. 'Intel(R) HD Graphics 530' (P:0 D:0)
[2018.08.09-05.03.10:831][  0]LogWindows:    5. 'Intel(R) HD Graphics 530' (P:0 D:0)
[2018.08.09-05.03.10:831][  0]LogWindows:    6. 'Intel(R) HD Graphics 530' (P:0 D:0)
[2018.08.09-05.03.10:831][  0]LogWindows: DebugString: GetVideoDriverDetailsInvalid PrimaryIsNotTheChoosenAdapter GetVideoDriverDetailsInvalid PrimaryIsNotTheChoosenAdapter GetVideoDriverDetailsInvalid PrimaryIsNotTheChoosenAdapter GetVideoDriverDetailsInvalid PrimaryIsNotTheChoosenAdapter GetVideoDriverDetailsInvalid PrimaryIsNotTheChoosenAdapter GetVideoDriverDetailsInvalid PrimaryIsNotTheChoosenAdapter GetVideoDriverDetailsInvalid PrimaryIsNotTheChoosenAdapter FoundDriverCount:0 
[2018.08.09-05.03.10:831][  0]LogD3D11RHI:     Adapter Name: NVIDIA GeForce GTX 1070
[2018.08.09-05.03.10:831][  0]LogD3D11RHI:   Driver Version: Unknown (internal:Unknown, unified:Unknown)
[2018.08.09-05.03.10:831][  0]LogD3D11RHI:      Driver Date: Unknown
[2018.08.09-05.03.10:832][  0]LogRHI: Texture pool is 1361 MB (70% of 1945 MB)
[2018.08.09-05.03.10:929][  0]LogD3D11RHI: Async texture creation enabled
[2018.08.09-05.03.11:325][  0]LogD3D11RHI: GPU Timing Frequency: 1000.000000 (Debug: 2 2)
[2018.08.09-05.03.11:540][  0]LogShaderCompilers: Guid format shader working directory is -3 characters bigger than the processId version (../../../../../../Users/Tsan-research/Desktop/SynEnv_4_16/Intermediate/Shaders/WorkingDirectory/7636/).
[2018.08.09-05.03.11:540][  0]LogShaderCompilers: Cleaned the shader compiler working directory 'C:/Users/Tsan-research/AppData/Local/Temp/UnrealShaderWorkingDir/26EDADC944B7CBFDFE75C1ACD62207E0/'.
[2018.08.09-05.03.11:556][  0]LogShaderCompilers:Display: Using Local Shader Compiler.
[2018.08.09-05.03.21:029][  0]LogTemp:Display: Loaded TP AllDesktopTargetPlatform
[2018.08.09-05.03.21:213][  0]LogTemp:Display: Loaded TP MacClientTargetPlatform
[2018.08.09-05.03.21:377][  0]LogTemp:Display: Loaded TP MacNoEditorTargetPlatform
[2018.08.09-05.03.21:559][  0]LogTemp:Display: Loaded TP MacServerTargetPlatform
[2018.08.09-05.03.21:770][  0]LogTemp:Display: Loaded TP MacTargetPlatform
[2018.08.09-05.03.21:964][  0]LogTemp:Display: Loaded TP WindowsClientTargetPlatform
[2018.08.09-05.03.22:164][  0]LogTemp:Display: Loaded TP WindowsNoEditorTargetPlatform
[2018.08.09-05.03.22:365][  0]LogTemp:Display: Loaded TP WindowsServerTargetPlatform
[2018.08.09-05.03.22:604][  0]LogTemp:Display: Loaded TP WindowsTargetPlatform
[2018.08.09-05.03.22:735][  0]LogTemp:Display: Loaded TP AndroidTargetPlatform
[2018.08.09-05.03.22:873][  0]LogTemp:Display: Loaded TP Android_ASTCTargetPlatform
[2018.08.09-05.03.23:037][  0]LogTemp:Display: Loaded TP Android_ATCTargetPlatform
[2018.08.09-05.03.23:161][  0]LogTemp:Display: Loaded TP Android_DXTTargetPlatform
[2018.08.09-05.03.23:352][  0]LogTemp:Display: Loaded TP Android_ETC1TargetPlatform
[2018.08.09-05.03.23:492][  0]LogTemp:Display: Loaded TP Android_ETC2TargetPlatform
[2018.08.09-05.03.23:811][  0]LogTemp:Display: Loaded TP Android_MultiTargetPlatform
[2018.08.09-05.03.23:811][  0]LogTemp:Display: Loaded TP Android_PVRTCTargetPlatform
[2018.08.09-05.03.23:935][  0]LogTemp:Display: Loaded TP HTML5TargetPlatform
[2018.08.09-05.03.24:661][  0]LogTemp:Display: Loaded TP IOSTargetPlatform
[2018.08.09-05.03.24:746][  0]LogTemp:Display: Loaded TP TVOSTargetPlatform
[2018.08.09-05.03.24:907][  0]LogTemp:Display: Loaded TP LinuxClientTargetPlatform
[2018.08.09-05.03.25:023][  0]LogTemp:Display: Loaded TP LinuxNoEditorTargetPlatform
[2018.08.09-05.03.25:162][  0]LogTemp:Display: Loaded TP LinuxServerTargetPlatform
[2018.08.09-05.03.25:410][  0]LogTemp:Display: Loaded TP LinuxTargetPlatform
[2018.08.09-05.03.25:410][  0]LogTargetPlatformManager:Display: Building Assets For Windows
[2018.08.09-05.03.32:515][  0]LogDerivedDataCache:Display: Max Cache Size: 512 MB
[2018.08.09-05.03.43:423][  0]LogDerivedDataCache: Loaded boot cache 10.91s 90MB C:/Users/Tsan-research/AppData/Local/UnrealEngine/4.16/DerivedDataCache/Boot.ddc.
[2018.08.09-05.03.43:423][  0]LogDerivedDataCache:Display: Loaded Boot cache: C:/Users/Tsan-research/AppData/Local/UnrealEngine/4.16/DerivedDataCache/Boot.ddc
[2018.08.09-05.03.43:424][  0]LogDerivedDataCache: FDerivedDataBackendGraph:  Pak pak cache file ../../../../../../Users/Tsan-research/Desktop/SynEnv_4_16/DerivedDataCache/DDC.ddp not found, will not use a pak cache.
[2018.08.09-05.03.43:424][  0]LogDerivedDataCache: Unable to find inner node Pak for hierarchical cache Hierarchy.
[2018.08.09-05.03.43:424][  0]LogDerivedDataCache: FDerivedDataBackendGraph:  CompressedPak pak cache file ../../../../../../Users/Tsan-research/Desktop/SynEnv_4_16/DerivedDataCache/Compressed.ddp not found, will not use a pak cache.
[2018.08.09-05.03.43:424][  0]LogDerivedDataCache: Unable to find inner node CompressedPak for hierarchical cache Hierarchy.
[2018.08.09-05.03.43:620][  0]LogDerivedDataCache:Display: Pak cache opened for reading ../../../Engine/DerivedDataCache/Compressed.ddp.
[2018.08.09-05.03.43:655][  0]LogDerivedDataCache: Using Local data cache path C:/Users/Tsan-research/AppData/Local/UnrealEngine/Common/DerivedDataCache: Writable
[2018.08.09-05.03.43:817][  0]LogMaterial: Verifying Global Shaders for PCD3D_SM5
[2018.08.09-05.03.43:929][  0]LogSlate: Using Freetype 2.6.0
[2018.08.09-05.03.44:298][  0]LogSlate: SlateFontCache - WITH_FREETYPE: 1, WITH_HARFBUZZ: 1
[2018.08.09-05.03.44:299][  0]LogSlate: SlateFontCache - WITH_FREETYPE: 1, WITH_HARFBUZZ: 1
[2018.08.09-05.04.03:011][  0]LogInit: Selected Device Profile: [Windows]
[2018.08.09-05.04.05:319][  0]LogContentStreaming: Texture pool size is 0.00 MB
[2018.08.09-05.04.07:424][  0]LogMeshUtilities: Using QuadricMeshReduction for automatic static mesh reduction
[2018.08.09-05.04.07:957][  0]LogSimplygon: Simplygon DLL not present - disabling.
[2018.08.09-05.04.08:244][  0]LogMeshUtilities: Using SimplygonSwarm for distributed automatic mesh merging
[2018.08.09-05.04.08:244][  0]LogMeshUtilities: No automatic skeletal mesh reduction module available
[2018.08.09-05.04.08:244][  0]LogMeshUtilities: No automatic mesh merging module available
[2018.08.09-05.04.21:947][  0]LogNetVersion: SynEnv , NetCL: 3452394, EngineNetVer: 2, GameNetVer: 0 (Checksum: 277580360)
[2018.08.09-05.04.22:659][  0]LogAssetRegistry: FAssetRegistry took 0.1213 seconds to start up
[2018.08.09-05.04.23:649][  0]LogPackageLocalizationCache: Processed 5 localized package path(s) for 2 prioritized culture(s) in 0.564389 seconds
[2018.08.09-05.04.23:656][  0]LogUObjectArray: 34194 objects as part of root set at end of initial load.
[2018.08.09-05.04.23:656][  0]LogUObjectAllocator: 7260416 out of 0 bytes used by permanent object pool.
[2018.08.09-05.04.23:656][  0]LogUObjectArray: CloseDisregardForGC: 0/0 objects in disregard for GC pool
[2018.08.09-05.04.24:137][  0]LogInit: WinSock: version 1.1 (2.2), MaxSocks=32767, MaxUdp=65467
[2018.08.09-05.05.30:072][  0]LogSubstanceCoreModule: Substance [CPU] Engine Loaded, Max Texture Size = 2048
[2018.08.09-05.05.30:969][  0]LogTcpMessaging: Initializing TcpMessaging bridge
[2018.08.09-05.05.32:173][  0]LogUdpMessaging: Initializing bridge on interface 0.0.0.0:0 to multicast group 230.0.0.1:6666.
[2018.08.09-05.05.34:356][  0]LogUnrealCV:Warning: Can not recognize visualization mode 
[2018.08.09-05.05.34:391][  0]LogUnrealCV:Warning: Loading config
[2018.08.09-05.05.34:396][  0]LogUnrealCV:Warning: Port: 9000
[2018.08.09-05.05.34:396][  0]LogUnrealCV:Warning: Width: 144
[2018.08.09-05.05.34:396][  0]LogUnrealCV:Warning: Height: 81
[2018.08.09-05.05.34:396][  0]LogUnrealCV:Warning: FOV: 84.000000
[2018.08.09-05.05.34:396][  0]LogUnrealCV:Warning: EnableInput: true
[2018.08.09-05.05.34:396][  0]LogUnrealCV:Warning: EnableRightEye: false
[2018.08.09-05.05.34:397][  0]LogUnrealCV:Warning: The UriTemplate vrun ([^ ]*)[ ]*$ already exist, overwrited.
[2018.08.09-05.05.34:409][  0]LogUnrealCV:Warning: Start listening on 9000
[2018.08.09-05.05.37:925][  0]LogMaterial: Uniform references updated for custom material expression Custom.
[2018.08.09-05.05.40:635][  0]SourceControl: Info Source control is disabled
[2018.08.09-05.05.40:779][  0]SourceControl: Info Source control is disabled
[2018.08.09-05.05.41:210][  0]SourceControl: Info Source control is disabled
[2018.08.09-05.05.41:527][  0]SourceControl: Info Source control is disabled
[2018.08.09-05.05.46:637][  0]LogAndroidPermission: UAndroidPermissionCallbackProxy::GetInstance
[2018.08.09-05.05.58:388][  0]LogEngine: Initializing Engine...
[2018.08.09-05.05.58:945][  0]LogHMD: Failed to initialize OpenVR with code 110
[2018.08.09-05.06.07:506][  0]LogStats: UGameplayTagsManager::ConstructGameplayTagTree: Construct from data asset -  0.000 s
[2018.08.09-05.06.07:573][  0]LogStats: UGameplayTagsManager::ConstructGameplayTagTree: GameplayTagTreeChangedEvent.Broadcast -  0.052 s
[2018.08.09-05.06.12:050][  0]LogAIModule: Creating AISystem for world Untitled
[2018.08.09-05.06.13:919][  0]LogInit: XAudio2 using 'VX24A (NVIDIA High Definition Audio)' : 2 channels at 48 kHz using 16 bits per sample (channel mask 0x3)
[2018.08.09-05.06.14:148][  0]LogInit: FAudioDevice initialized.
[2018.08.09-05.06.14:357][  0]LogDerivedDataCache: Saved boot cache 0.21s 90MB C:/Users/Tsan-research/AppData/Local/UnrealEngine/4.16/DerivedDataCache/Boot.ddc.
[2018.08.09-05.06.14:378][  0]LogInit: Texture streaming: Enabled
[2018.08.09-05.06.19:889][  0]LogEngineSessionManager: EngineSessionManager initialized
[2018.08.09-05.06.22:892][  0]LogInit: Transaction tracking system initialized
[2018.08.09-05.06.26:368][  0]BlueprintLog: New page: Editor Load
[2018.08.09-05.06.37:828][  0]LocalizationService: Info Localization service is disabled
[2018.08.09-05.06.40:898][  0]LogConsoleResponse:Display: 
[2018.08.09-05.06.45:589][  0]LogFileCache: Scanning file cache for directory 'C:/Users/Tsan-research/Desktop/SynEnv_4_16/Content/' took 0.09s
[2018.08.09-05.06.45:589][  0]LogCook:Display: Max memory allowance for cook 16384mb min free memory 0mb
[2018.08.09-05.06.45:629][  0]LogCook:Display: Mobile HDR setting 1
[2018.08.09-05.06.51:137][  0]SourceControl: Info Source control is disabled
[2018.08.09-05.06.51:191][  0]Cmd: MAP LOAD FILE="../../../../../../Users/Tsan-research/Desktop/SynEnv_4_16/Content/ThirdPersonBP/Maps/NarrowCorridor.umap" TEMPLATE=0 SHOWPROGRESS=1 FEATURELEVEL=3
[2018.08.09-05.06.51:239][  0]LightingResults: New page: Lighting Build
[2018.08.09-05.06.51:646][  0]MapCheck: New page: Map Check
[2018.08.09-05.06.51:647][  0]LightingResults: New page: Lighting Build
[2018.08.09-05.07.05:191][  0]LogAnimationCompression: Building Anim DDC data for AnimSequence /Game/Animations/Pedestrian_Walks_01/Animation/ManWalk1/Walk_4.Walk_4
[2018.08.09-05.07.05:319][  0]LogMaterial: Missing cached shader map for material Shoesmat, compiling. 
[2018.08.09-05.07.05:625][  0]LogTexture:Display: Building textures: Man1_Hair_Roughness (AutoDXT, 512X512)
[2018.08.09-05.07.05:768][  0]LogTexture:Display: Building textures: Man1_Hair_Opacity (AutoDXT, 512X512)
[2018.08.09-05.07.06:340][  0]LogTexture:Display: Building textures: Woman1_Hair_Opacity (AutoDXT, 512X512)
[2018.08.09-05.07.06:549][  0]LogTexture:Display: Building textures: Woman1_Body_Specular (AutoDXT, 1024X1024)
[2018.08.09-05.07.06:894][  0]LogTexture:Display: Building textures: Woman1_Body_Roughness (AutoDXT, 1024X1024)
[2018.08.09-05.07.07:756][  0]LogTexture:Display: Building textures: HQ_Lightmap0_2 (AutoDXT, 1024X1024)
[2018.08.09-05.07.07:993][  0]LogTexture:Display: Building textures: Woman1_Top_Specular (AutoDXT, 512X512)
[2018.08.09-05.07.08:020][  0]LogTexture:Display: Building textures: Woman1_Top_Diffuse (AutoDXT, 512X512)
[2018.08.09-05.07.08:577][  0]LogAnimationCompression: Building Anim DDC data for AnimSequence /Game/Animations/Pedestrian_Walks_01/Animation/WomanWalk1/WomanWalk_1.WomanWalk_1
[2018.08.09-05.07.09:356][  0]LogAIModule: Creating AISystem for world NarrowCorridor
[2018.08.09-05.07.10:281][  0]LogEditorServer: Finished looking for orphan Actors (0.000 secs)
[2018.08.09-05.07.10:707][  0]Cmd: MAP CHECKDEP NOCLEARLOG
[2018.08.09-05.07.10:839][  0]MapCheck: Info Map check complete: 0 Error(s), 0 Warning(s), took 130.551ms to complete.
[2018.08.09-05.07.10:839][  0]LogFileHelpers: Loading map 'NarrowCorridor' took 19.674
[2018.08.09-05.07.14:636][  0]LogCollectionManager: Loaded 0 collections in 0.002566 seconds
[2018.08.09-05.07.14:822][  0]LogFileCache: Scanning file cache for directory 'C:/Users/Tsan-research/Desktop/SynEnv_4_16/Saved/Collections/' took 0.01s
[2018.08.09-05.07.14:822][  0]LogFileCache: Scanning file cache for directory 'C:/Users/Tsan-research/Desktop/SynEnv_4_16/Content/Developers/Tsanresearch/Collections/' took 0.01s
[2018.08.09-05.07.14:823][  0]LogFileCache: Scanning file cache for directory 'C:/Users/Tsan-research/Desktop/SynEnv_4_16/Content/Collections/' took 0.01s
[2018.08.09-05.07.14:823][  0]LogCollectionManager: Rebuilt the GUID cache for 0 collections in 0.000002 seconds
[2018.08.09-05.07.14:846][  0]LogContentBrowser: Native class hierarchy populated in 0.0211 seconds. Added 2364 classes and 513 folders.
[2018.08.09-05.07.15:049][  0]LogContentBrowser: Native class hierarchy updated for 'WidgetCarousel' in 0.0024 seconds. Added 0 classes and 0 folders.
[2018.08.09-05.07.16:404][  0]LogContentBrowser: Native class hierarchy updated for 'AddContentDialog' in 0.0030 seconds. Added 0 classes and 0 folders.
[2018.08.09-05.07.16:668][  0]LogContentBrowser: Native class hierarchy updated for 'SceneOutliner' in 0.0022 seconds. Added 1 classes and 2 folders.
[2018.08.09-05.07.17:135][  0]LogCrashTracker: Crashtracker disabled due to settings.
[2018.08.09-05.07.17:400][  0]LogSlate: Took 0.019612 seconds to synchronously load lazily loaded font '../../../Engine/Content/Slate/Fonts/Roboto-Regular.ttf' (155K)
[2018.08.09-05.07.17:418][  0]LogSlate: Took 0.015491 seconds to synchronously load lazily loaded font '../../../Engine/Content/Slate/Fonts/Roboto-Bold.ttf' (160K)
[2018.08.09-05.07.17:581][  0]LogSlate: Took 0.065653 seconds to synchronously load lazily loaded font '../../../Engine/Content/Editor/Slate/Fonts/FontAwesome.ttf' (139K)
[2018.08.09-05.07.18:601][  0]LogRenderer: Reallocating scene render targets to support 256x256 NumSamples 1 (Frame:1).
[2018.08.09-05.07.20:364][  0]LogRenderer: Reallocating scene render targets to support 1152x536 NumSamples 1 (Frame:1).
[2018.08.09-05.07.20:913][  0]LogUObjectGlobals:Warning: Failed to find object 'Class None.'
[2018.08.09-05.07.21:184][  0]LogContentBrowser: Native class hierarchy updated for 'HierarchicalLODOutliner' in 0.0025 seconds. Added 1 classes and 2 folders.
[2018.08.09-05.07.21:184][  0]LogLoad: (Engine Initialization) Total time: 321.01 seconds
[2018.08.09-05.07.21:185][  0]LogLoad: (Engine Initialization) Total Blueprint compile time: 2.04 seconds
[2018.08.09-05.07.21:185][  0]LogExternalProfiler: Found external profiler: VSPerf
[2018.08.09-05.07.21:185][  0]LogExternalProfiler: Using external profiler: VSPerf
[2018.08.09-05.07.21:566][  0]LogOcInput: OculusInput pre-init called
[2018.08.09-05.07.21:574][  0]LogHMD: Starting GearVRController plugin
[2018.08.09-05.07.21:826][  0]LogContentStreaming: Texture pool size now 1000 MB
[2018.08.09-05.07.22:752][  1]LogSlate: Took 0.033532 seconds to synchronously load lazily loaded font '../../../Engine/Content/Slate/Fonts/Roboto-Light.ttf' (159K)
[2018.08.09-05.07.23:486][  4]LogAssetRegistry: Asset discovery search completed in 180.8535 seconds
[2018.08.09-05.07.23:515][  4]LogCollectionManager: Rebuilt the object cache for 0 collections in 0.000001 seconds (found 0 objects)
[2018.08.09-05.07.23:515][  4]LogCollectionManager: Fixed up redirectors for 0 collections in 0.000259 seconds (updated 0 objects)
[2018.08.09-05.08.16:928][162]LogStreaming:Warning: Failed to open ANSI TEXT file C:/Users/Tsan-research/Desktop/SynEnv_4_16/Saved/HardwareSurvey/dxdiag.txt
[2018.08.09-05.08.17:443][163]LogSynthBenchmark:Display: FSynthBenchmark (V0.95):  requested WorkScale=5.00
[2018.08.09-05.08.17:443][163]LogSynthBenchmark:Display: ===============
[2018.08.09-05.08.17:443][163]LogSynthBenchmark:Display: Main Processor:
[2018.08.09-05.08.17:661][163]LogSynthBenchmark:Display:          ... 0.022370 s/Run 'RayIntersect'
[2018.08.09-05.08.17:661][163]LogSynthBenchmark:Display:          ... 0.020931 s/Run 'Fractal'
[2018.08.09-05.08.17:661][163]LogSynthBenchmark:Display: 
[2018.08.09-05.08.17:661][163]LogSynthBenchmark:Display:   CompiledTarget_x_Bits: 64
[2018.08.09-05.08.17:661][163]LogSynthBenchmark:Display:   UE_BUILD_SHIPPING: 0
[2018.08.09-05.08.17:661][163]LogSynthBenchmark:Display:   UE_BUILD_TEST: 0
[2018.08.09-05.08.17:661][163]LogSynthBenchmark:Display:   UE_BUILD_DEBUG: 0
[2018.08.09-05.08.17:661][163]LogSynthBenchmark:Display:   TotalPhysicalGBRam: 16
[2018.08.09-05.08.17:661][163]LogSynthBenchmark:Display:   NumberOfCores (physical): 4
[2018.08.09-05.08.17:661][163]LogSynthBenchmark:Display:   NumberOfCores (logical): 8
[2018.08.09-05.08.17:661][163]LogSynthBenchmark:Display:   CPU Perf Index 0: 114.5 (weight 1.00)
[2018.08.09-05.08.17:661][163]LogSynthBenchmark:Display:   CPU Perf Index 1: 136.6 (weight 1.50)
[2018.08.09-05.08.17:661][163]LogSynthBenchmark:Display:  
[2018.08.09-05.08.17:661][163]LogSynthBenchmark:Display: Graphics:
[2018.08.09-05.08.17:662][163]LogSynthBenchmark:Display:   Adapter Name: 'NVIDIA GeForce GTX 1070'
[2018.08.09-05.08.17:662][163]LogSynthBenchmark:Display:   (On Optimus the name might be wrong, memory should be ok)
[2018.08.09-05.08.17:662][163]LogSynthBenchmark:Display:   Vendor Id: 0x10DE
[2018.08.09-05.08.17:662][163]LogSynthBenchmark:Display:   Device Id: 0x1B81
[2018.08.09-05.08.17:662][163]LogSynthBenchmark:Display:   Device Revision: 0xA1
[2018.08.09-05.08.17:662][163]LogSynthBenchmark:Display:   GPU Memory: 8088/0/8144 MB
[2018.08.09-05.08.17:963][163]LogSynthBenchmark:Display:   GPU first test: 0.04s
[2018.08.09-05.08.17:963][163]LogSynthBenchmark:Display:          ... 2.597 s/GigaPix, Confidence=100% 'ALUHeavyNoise' (likely to be very inaccurate)
[2018.08.09-05.08.17:964][163]LogSynthBenchmark:Display:          ... 2.047 s/GigaPix, Confidence=89% 'TexHeavy' (likely to be very inaccurate)
[2018.08.09-05.08.17:964][163]LogSynthBenchmark:Display:          ... 1.718 s/GigaPix, Confidence=100% 'DepTexHeavy' (likely to be very inaccurate)
[2018.08.09-05.08.17:964][163]LogSynthBenchmark:Display:          ... 9.161 s/GigaPix, Confidence=100% 'FillOnly' (likely to be very inaccurate)
[2018.08.09-05.08.17:964][163]LogSynthBenchmark:Display:          ... 0.470 s/GigaPix, Confidence=100% 'Bandwidth' (likely to be very inaccurate)
[2018.08.09-05.08.17:964][163]LogSynthBenchmark:Display:          ... 0.449 s/GigaVert, Confidence=100% 'VertThroughPut1' (likely to be very inaccurate)
[2018.08.09-05.08.17:964][163]LogSynthBenchmark:Display:          ... 2.613 s/GigaVert, Confidence=100% 'VertThroughPut2' (likely to be very inaccurate)
[2018.08.09-05.08.18:271][163]LogSynthBenchmark:Display:   GPU second test: 0.22s
[2018.08.09-05.08.18:271][163]LogSynthBenchmark:Display:          ... 12.448 s/GigaPix, Confidence=19% 'ALUHeavyNoise' (likely to be inaccurate)
[2018.08.09-05.08.18:271][163]LogSynthBenchmark:Display:          ... 10.320 s/GigaPix, Confidence=19% 'TexHeavy' (likely to be inaccurate)
[2018.08.09-05.08.18:271][163]LogSynthBenchmark:Display:          ... 9.522 s/GigaPix, Confidence=19% 'DepTexHeavy' (likely to be inaccurate)
[2018.08.09-05.08.18:271][163]LogSynthBenchmark:Display:          ... 55.592 s/GigaPix, Confidence=19% 'FillOnly' (likely to be inaccurate)
[2018.08.09-05.08.18:272][163]LogSynthBenchmark:Display:          ... 1.326 s/GigaPix, Confidence=19% 'Bandwidth' (likely to be inaccurate)
[2018.08.09-05.08.18:272][163]LogSynthBenchmark:Display:          ... 4.383 s/GigaVert, Confidence=11% 'VertThroughPut1' (likely to be inaccurate)
[2018.08.09-05.08.18:272][163]LogSynthBenchmark:Display:          ... 5.392 s/GigaVert, Confidence=19% 'VertThroughPut2' (likely to be inaccurate)
[2018.08.09-05.08.18:272][163]LogSynthBenchmark:Display:   GPU Final Results:
[2018.08.09-05.08.18:272][163]LogSynthBenchmark:Display:          ... 12.448 s/GigaPix, Confidence=19% 'ALUHeavyNoise'
[2018.08.09-05.08.18:272][163]LogSynthBenchmark:Display:          ... 10.320 s/GigaPix, Confidence=19% 'TexHeavy'
[2018.08.09-05.08.18:272][163]LogSynthBenchmark:Display:          ... 9.522 s/GigaPix, Confidence=19% 'DepTexHeavy'
[2018.08.09-05.08.18:272][163]LogSynthBenchmark:Display:          ... 55.592 s/GigaPix, Confidence=19% 'FillOnly'
[2018.08.09-05.08.18:272][163]LogSynthBenchmark:Display:          ... 1.326 s/GigaPix, Confidence=19% 'Bandwidth'
[2018.08.09-05.08.18:272][163]LogSynthBenchmark:Display:          ... 4.383 s/GigaVert, Confidence=11% 'VertThroughPut1'
[2018.08.09-05.08.18:272][163]LogSynthBenchmark:Display:          ... 5.392 s/GigaVert, Confidence=19% 'VertThroughPut2'
[2018.08.09-05.08.18:272][163]LogSynthBenchmark:Display: 
[2018.08.09-05.08.18:272][163]LogSynthBenchmark:Display:   GPU Perf Index 0: 270.6 (weight 1.00)
[2018.08.09-05.08.18:272][163]LogSynthBenchmark:Display:   GPU Perf Index 1: 138.6 (weight 0.10)
[2018.08.09-05.08.18:272][163]LogSynthBenchmark:Display:   GPU Perf Index 2: 247.5 (weight 0.10)
[2018.08.09-05.08.18:273][163]LogSynthBenchmark:Display:   GPU Perf Index 3: 218.3 (weight 3.00)
[2018.08.09-05.08.18:273][163]LogSynthBenchmark:Display:   GPU Perf Index 4: 123.7 (weight 1.00)
[2018.08.09-05.08.18:273][163]LogSynthBenchmark:Display:   GPU Perf Index 5: 285.2 (weight 0.00)
[2018.08.09-05.08.18:273][163]LogSynthBenchmark:Display:   GPU Perf Index 6: 305.2 (weight 0.00)
[2018.08.09-05.08.18:273][163]LogSynthBenchmark:Display:   CPUIndex: 127.8
[2018.08.09-05.08.18:273][163]LogSynthBenchmark:Display:   GPUIndex: 209.2
[2018.08.09-05.08.18:273][163]LogSynthBenchmark:Display: 
[2018.08.09-05.08.18:273][163]LogSynthBenchmark:Display:          ... Total Time: 0.829933 sec
[2018.08.10-04.46.13:548][561]LogWindowsTextInputMethodSystem:Display: IME system now activated using TSF (Microsoft Quick).
[2018.08.10-04.46.15:140][562]Cmd: QUIT_EDITOR
[2018.08.10-04.46.16:291][562]LogExit: Preparing to exit.
[2018.08.10-04.46.18:878][562]LogDirectoryWatcher: A directory notification for 'C:/Users/Tsan-research/Desktop/SynEnv_4_16/Content/' was aborted.
[2018.08.10-04.46.19:736][562]LogExit: Editor shut down
[2018.08.10-04.46.19:765][562]LogExit: Transaction tracking system shut down
[2018.08.10-04.46.22:719][562]LogObj: Freed 0b from 0 cluster array pools.
[2018.08.10-04.46.22:721][562]LogExit: Object subsystem successfully closed.
[2018.08.10-04.46.23:020][562]LogD3D11RHI: Shutdown
[2018.08.10-04.46.23:020][562]LogD3D11RHI: CleanupD3DDevice
[2018.08.10-04.46.23:681][562]LogD3D11RHI: ~FD3D11DynamicRHI
[2018.08.10-04.46.25:654][562]LogModuleManager: Shutting down and abandoning module SynthBenchmark (534)
[2018.08.10-04.46.25:688][562]LogModuleManager: Shutting down and abandoning module HierarchicalLODOutliner (532)
[2018.08.10-04.46.25:713][562]LogModuleManager: Shutting down and abandoning module CrashTracker (530)
[2018.08.10-04.46.25:713][562]LogModuleManager: Shutting down and abandoning module SceneOutliner (528)
[2018.08.10-04.46.25:713][562]LogModuleManager: Shutting down and abandoning module AddContentDialog (526)
[2018.08.10-04.46.25:750][562]LogDirectoryWatcher: A directory notification for 'C:/Program Files/Epic Games/UE_4.16/FeaturePacks/' was aborted.
[2018.08.10-04.46.25:759][562]LogModuleManager: Shutting down and abandoning module WidgetCarousel (525)
[2018.08.10-04.46.25:759][562]LogModuleManager: Shutting down and abandoning module EditorWidgets (522)
[2018.08.10-04.46.25:759][562]LogModuleManager: Shutting down and abandoning module CollectionManager (520)
[2018.08.10-04.46.25:759][562]LogDirectoryWatcher: A directory notification for 'C:/Users/Tsan-research/Desktop/SynEnv_4_16/Content/Collections/' was aborted.
[2018.08.10-04.46.25:760][562]LogDirectoryWatcher: A directory notification for 'C:/Users/Tsan-research/Desktop/SynEnv_4_16/Content/Developers/Tsanresearch/Collections/' was aborted.
[2018.08.10-04.46.25:760][562]LogDirectoryWatcher: A directory notification for 'C:/Users/Tsan-research/Desktop/SynEnv_4_16/Saved/Collections/' was aborted.
[2018.08.10-04.46.25:760][562]LogModuleManager: Shutting down and abandoning module StatsViewer (518)
[2018.08.10-04.46.25:805][562]LogModuleManager: Shutting down and abandoning module FoliageEdit (516)
[2018.08.10-04.46.25:816][562]LogModuleManager: Shutting down and abandoning module LandscapeEditor (514)
[2018.08.10-04.46.25:856][562]LogModuleManager: Shutting down and abandoning module MeshPaintMode (512)
[2018.08.10-04.46.25:856][562]LogModuleManager: Shutting down and abandoning module SceneDepthPickerMode (510)
[2018.08.10-04.46.25:856][562]LogModuleManager: Shutting down and abandoning module ActorPickerMode (508)
[2018.08.10-04.46.25:856][562]LogModuleManager: Shutting down and abandoning module GeometryMode (506)
[2018.08.10-04.46.25:856][562]LogModuleManager: Shutting down and abandoning module TextureAlignMode (504)
[2018.08.10-04.46.25:856][562]LogModuleManager: Shutting down and abandoning module BspMode (502)
[2018.08.10-04.46.25:865][562]LogModuleManager: Shutting down and abandoning module HardwareSurvey (500)
[2018.08.10-04.46.25:865][562]LogModuleManager: Shutting down and abandoning module SequenceRecorderSections (498)
[2018.08.10-04.46.25:876][562]LogModuleManager: Shutting down and abandoning module AutomationWorker (496)
[2018.08.10-04.46.25:904][562]LogModuleManager: Shutting down and abandoning module MatineeToLevelSequence (494)
[2018.08.10-04.46.25:916][562]LogModuleManager: Shutting down and abandoning module LevelSequenceEditor (492)
[2018.08.10-04.46.26:220][562]LogModuleManager: Shutting down and abandoning module PlacementMode (491)
[2018.08.10-04.46.26:220][562]LogModuleManager: Shutting down and abandoning module WmfMediaFactory (488)
[2018.08.10-04.46.26:221][562]LogModuleManager: Shutting down and abandoning module WmfMediaEditor (486)
[2018.08.10-04.46.26:221][562]LogModuleManager: Shutting down and abandoning module AvfMediaFactory (484)
[2018.08.10-04.46.26:221][562]LogModuleManager: Shutting down and abandoning module AvfMediaEditor (482)
[2018.08.10-04.46.26:221][562]LogModuleManager: Shutting down and abandoning module AndroidMediaFactory (480)
[2018.08.10-04.46.26:221][562]LogModuleManager: Shutting down and abandoning module Media (479)
[2018.08.10-04.46.26:221][562]LogModuleManager: Shutting down and abandoning module AndroidMediaEditor (476)
[2018.08.10-04.46.26:221][562]LogModuleManager: Shutting down and abandoning module CharacterAI (474)
[2018.08.10-04.46.26:221][562]LogModuleManager: Shutting down and abandoning module AudioCapture (472)
[2018.08.10-04.46.26:329][562]LogModuleManager: Shutting down and abandoning module SequenceRecorder (471)
[2018.08.10-04.46.26:371][562]LogModuleManager: Shutting down and abandoning module SmartSnapping (468)
[2018.08.10-04.46.26:374][562]LogModuleManager: Shutting down and abandoning module SessionServices (466)
[2018.08.10-04.46.26:378][562]LogModuleManager: Shutting down and abandoning module ViewportSnapping (464)
[2018.08.10-04.46.26:380][562]LogModuleManager: Shutting down and abandoning module ViewportInteraction (462)
[2018.08.10-04.46.26:381][562]LogModuleManager: Shutting down and abandoning module ClothPainter (460)
[2018.08.10-04.46.26:403][562]LogModuleManager: Shutting down and abandoning module LogVisualizer (458)
[2018.08.10-04.46.26:471][562]LogModuleManager: Shutting down and abandoning module IntroTutorials (456)
[2018.08.10-04.46.26:544][562]LogModuleManager: Shutting down and abandoning module GameProjectGeneration (455)
[2018.08.10-04.46.26:876][562]LogModuleManager: Shutting down and abandoning module EditorLiveStreaming (452)
[2018.08.10-04.46.26:877][562]LogModuleManager: Shutting down and abandoning module IOSPlatformEditor (450)
[2018.08.10-04.46.26:891][562]LogModuleManager: Shutting down and abandoning module HTML5PlatformEditor (448)
[2018.08.10-04.46.26:891][562]LogModuleManager: Shutting down and abandoning module AndroidPlatformEditor (446)
[2018.08.10-04.46.26:892][562]LogModuleManager: Shutting down and abandoning module AndroidDeviceDetection (445)
[2018.08.10-04.46.27:663][562]LogModuleManager: Shutting down and abandoning module IOSRuntimeSettings (442)
[2018.08.10-04.46.27:664][562]LogModuleManager: Shutting down and abandoning module AndroidRuntimeSettings (440)
[2018.08.10-04.46.27:664][562]LogModuleManager: Shutting down and abandoning module InputBindingEditor (438)
[2018.08.10-04.46.27:700][562]LogModuleManager: Shutting down and abandoning module MergeActors (436)
[2018.08.10-04.46.27:707][562]LogModuleManager: Shutting down and abandoning module SizeMap (434)
[2018.08.10-04.46.27:728][562]LogModuleManager: Shutting down and abandoning module TreeMap (432)
[2018.08.10-04.46.27:739][562]LogModuleManager: Shutting down and abandoning module ReferenceViewer (430)
[2018.08.10-04.46.27:751][562]LogModuleManager: Shutting down and abandoning module LocalizationDashboard (428)
[2018.08.10-04.46.27:819][562]LogModuleManager: Shutting down and abandoning module LocalizationService (427)
[2018.08.10-04.46.27:834][562]LogModuleManager: Shutting down and abandoning module HardwareTargeting (424)
[2018.08.10-04.46.27:834][562]LogModuleManager: Shutting down and abandoning module DeviceProfileEditor (422)
[2018.08.10-04.46.27:842][562]LogModuleManager: Shutting down and abandoning module UndoHistory (420)
[2018.08.10-04.46.27:846][562]LogModuleManager: Shutting down and abandoning module UserFeedback (418)
[2018.08.10-04.46.27:847][562]LogModuleManager: Shutting down and abandoning module XmlParser (416)
[2018.08.10-04.46.27:866][562]LogModuleManager: Shutting down and abandoning module Blutility (414)
[2018.08.10-04.46.27:914][562]LogModuleManager: Shutting down and abandoning module ProjectSettingsViewer (412)
[2018.08.10-04.46.27:914][562]LogModuleManager: Shutting down and abandoning module ProjectTargetPlatformEditor (411)
[2018.08.10-04.46.27:915][562]LogModuleManager: Shutting down and abandoning module EditorSettingsViewer (408)
[2018.08.10-04.46.27:926][562]LogModuleManager: Shutting down and abandoning module SettingsEditor (406)
[2018.08.10-04.46.27:997][562]LogModuleManager: Shutting down and abandoning module ProjectLauncher (404)
[2018.08.10-04.46.28:059][562]LogModuleManager: Shutting down and abandoning module SessionFrontend (402)
[2018.08.10-04.46.28:076][562]LogModuleManager: Shutting down and abandoning module ProfilerClient (400)
[2018.08.10-04.46.28:120][562]LogModuleManager: Shutting down and abandoning module DeviceManager (398)
[2018.08.10-04.46.28:146][562]LogModuleManager: Shutting down and abandoning module TargetDeviceServices (397)
[2018.08.10-04.46.28:224][562]LogModuleManager: Shutting down and abandoning module AutomationController (394)
[2018.08.10-04.46.28:236][562]LogModuleManager: Shutting down and abandoning module AutomationWindow (392)
[2018.08.10-04.46.28:283][562]LogModuleManager: Shutting down and abandoning module Layers (390)
[2018.08.10-04.46.28:336][562]LogModuleManager: Shutting down and abandoning module ComponentVisualizers (388)
[2018.08.10-04.46.28:336][562]LogModuleManager: Shutting down and abandoning module DetailCustomizations (386)
[2018.08.10-04.46.28:414][562]LogModuleManager: Shutting down and abandoning module PackagesDialog (384)
[2018.08.10-04.46.28:446][562]LogModuleManager: Shutting down and abandoning module Persona (382)
[2018.08.10-04.46.28:562][562]LogModuleManager: Shutting down and abandoning module AdvancedPreviewScene (381)
[2018.08.10-04.46.28:562][562]LogModuleManager: Shutting down and abandoning module AnimGraph (379)
[2018.08.10-04.46.28:563][562]LogModuleManager: Shutting down and abandoning module Kismet (376)
[2018.08.10-04.46.28:591][562]LogModuleManager: Shutting down and abandoning module ClassViewer (374)
[2018.08.10-04.46.28:591][562]LogModuleManager: Shutting down and abandoning module Toolbox (372)
[2018.08.10-04.46.28:591][562]LogModuleManager: Shutting down and abandoning module ModuleUI (370)
[2018.08.10-04.46.28:606][562]LogModuleManager: Shutting down and abandoning module MovieSceneTools (368)
[2018.08.10-04.46.28:654][562]LogModuleManager: Shutting down and abandoning module OutputLog (366)
[2018.08.10-04.46.28:655][562]LogModuleManager: Shutting down and abandoning module GammaUI (364)
[2018.08.10-04.46.28:702][562]LogModuleManager: Shutting down and abandoning module Documentation (362)
[2018.08.10-04.46.28:703][562]LogModuleManager: Shutting down and abandoning module MovieSceneTracks (360)
[2018.08.10-04.46.28:703][562]LogModuleManager: Shutting down and abandoning module MovieScene (358)
[2018.08.10-04.46.28:797][562]LogModuleManager: Shutting down and abandoning module Niagara (356)
[2018.08.10-04.46.28:797][562]LogModuleManager: Shutting down and abandoning module NiagaraEditor (355)
[2018.08.10-04.46.28:855][562]LogModuleManager: Shutting down and abandoning module StreamingPauseRendering (352)
[2018.08.10-04.46.28:855][562]LogModuleManager: Shutting down and abandoning module AnalyticsET (350)
[2018.08.10-04.46.28:855][562]LogModuleManager: Shutting down and abandoning module PortalServices (348)
[2018.08.10-04.46.28:855][562]LogModuleManager: Shutting down and abandoning module PortalRpc (346)
[2018.08.10-04.46.28:855][562]LogModuleManager: Shutting down and abandoning module MessagingRpc (344)
[2018.08.10-04.46.28:855][562]LogModuleManager: Shutting down and abandoning module AIModule (342)
[2018.08.10-04.46.28:855][562]LogModuleManager: Shutting down and abandoning module GameplayDebugger (341)
[2018.08.10-04.46.28:867][562]LogModuleManager: Shutting down and abandoning module AITestSuite (339)
[2018.08.10-04.46.28:881][562]LogModuleManager: Shutting down and abandoning module ProfilerService (336)
[2018.08.10-04.46.29:117][562]LogModuleManager: Shutting down and abandoning module TaskGraph (334)
[2018.08.10-04.46.29:172][562]LogModuleManager: Shutting down and abandoning module SubstanceEditor (332)
[2018.08.10-04.46.29:215][562]LogModuleManager: Shutting down and abandoning module SteamVRController (330)
[2018.08.10-04.46.29:215][562]LogModuleManager: Shutting down and abandoning module SteamVR (328)
[2018.08.10-04.46.29:215][562]LogModuleManager: Shutting down and abandoning module ProceduralMeshComponentEditor (326)
[2018.08.10-04.46.29:226][562]LogModuleManager: Shutting down and abandoning module ProceduralMeshComponent (324)
[2018.08.10-04.46.29:285][562]LogModuleManager: Shutting down and abandoning module OculusLibrary (322)
[2018.08.10-04.46.29:286][562]LogModuleManager: Shutting down and abandoning module OculusInput (320)
[2018.08.10-04.46.29:286][562]LogModuleManager: Shutting down and abandoning module MobilePatchingUtils (318)
[2018.08.10-04.46.29:286][562]LogModuleManager: Shutting down and abandoning module CustomMeshComponent (316)
[2018.08.10-04.46.29:286][562]LogModuleManager: Shutting down and abandoning module CableComponent (314)
[2018.08.10-04.46.29:290][562]LogModuleManager: Shutting down and abandoning module ArchVisCharacter (312)
[2018.08.10-04.46.29:290][562]LogModuleManager: Shutting down and abandoning module AndroidPermission (310)
[2018.08.10-04.46.29:290][562]LogModuleManager: Shutting down and abandoning module MediaPlayerEditor (306)
[2018.08.10-04.46.29:403][562]LogModuleManager: Shutting down and abandoning module HTML5Networking (304)
[2018.08.10-04.46.29:403][562]LogModuleManager: Shutting down and abandoning module AlembicImporter (302)
[2018.08.10-04.46.29:456][562]LogModuleManager: Shutting down and abandoning module AlembicLibrary (301)
[2018.08.10-04.46.29:456][562]LogModuleManager: Shutting down and abandoning module GeometryCache (300)
[2018.08.10-04.46.29:514][562]LogModuleManager: Shutting down and abandoning module GeometryCacheEd (299)
[2018.08.10-04.46.29:514][562]LogModuleManager: Shutting down and abandoning module SuperSearchEditor (294)
[2018.08.10-04.46.29:514][562]LogModuleManager: Shutting down and abandoning module SuperSearch (293)
[2018.08.10-04.46.29:514][562]LogModuleManager: Shutting down and abandoning module SpeedTreeImporter (290)
[2018.08.10-04.46.29:514][562]LogModuleManager: Shutting down and abandoning module PluginBrowser (288)
[2018.08.10-04.46.29:547][562]LogModuleManager: Shutting down and abandoning module MobileLauncherProfileWizard (286)
[2018.08.10-04.46.29:639][562]LogModuleManager: Shutting down and abandoning module VisualStudioSourceCodeAccess (284)
[2018.08.10-04.46.29:639][562]LogModuleManager: Shutting down and abandoning module DesktopPlatform (283)
[2018.08.10-04.46.29:651][562]LogModuleManager: Shutting down and abandoning module UObjectPlugin (280)
[2018.08.10-04.46.29:651][562]LogModuleManager: Shutting down and abandoning module SubversionSourceControl (278)
[2018.08.10-04.46.29:684][562]LogModuleManager: Shutting down and abandoning module PerforceSourceControl (276)
[2018.08.10-04.46.29:734][562]LogModuleManager: Shutting down and abandoning module GitSourceControl (274)
[2018.08.10-04.46.29:742][562]LogModuleManager: Shutting down and abandoning module SourceControl (273)
[2018.08.10-04.46.29:754][562]LogModuleManager: Shutting down and abandoning module LightPropagationVolumeEditor (270)
[2018.08.10-04.46.29:754][562]LogModuleManager: Shutting down and abandoning module PaperTiledImporter (268)
[2018.08.10-04.46.29:754][562]LogModuleManager: Shutting down and abandoning module PaperSpriteSheetImporter (266)
[2018.08.10-04.46.29:754][562]LogModuleManager: Shutting down and abandoning module Paper2DEditor (264)
[2018.08.10-04.46.29:768][562]LogModuleManager: Shutting down and abandoning module MeshPaint (263)
[2018.08.10-04.46.29:776][562]LogModuleManager: Shutting down and abandoning module LevelEditor (261)
[2018.08.10-04.46.29:784][562]LogModuleManager: Shutting down and abandoning module PixelInspectorModule (260)
[2018.08.10-04.46.29:837][562]LogModuleManager: Shutting down and abandoning module MainFrame (258)
[2018.08.10-04.46.29:847][562]LogModuleManager: Shutting down and abandoning module HotReload (257)
[2018.08.10-04.46.29:850][562]LogDirectoryWatcher: A directory notification for 'C:/Users/Tsan-research/Desktop/SynEnv_4_16/Binaries/Win64' was aborted.
[2018.08.10-04.46.29:885][562]LogModuleManager: Shutting down and abandoning module SynEnv (252)
[2018.08.10-04.46.29:885][562]LogModuleManager: Shutting down and abandoning module UnrealCV (250)
[2018.08.10-04.46.29:932][562]LogModuleManager: Shutting down and abandoning module PhysXVehiclesEditor (248)
[2018.08.10-04.46.29:937][562]LogModuleManager: Shutting down and abandoning module PhysXVehicles (246)
[2018.08.10-04.46.29:937][562]LogModuleManager: Shutting down and abandoning module LocationServicesBPLibrary (244)
[2018.08.10-04.46.29:937][562]LogModuleManager: Shutting down and abandoning module ImmediatePhysicsEditor (242)
[2018.08.10-04.46.29:937][562]LogModuleManager: Shutting down and abandoning module ImmediatePhysics (240)
[2018.08.10-04.46.29:972][562]LogModuleManager: Shutting down and abandoning module UdpMessaging (238)
[2018.08.10-04.46.30:080][562]LogModuleManager: Shutting down and abandoning module TcpMessaging (236)
[2018.08.10-04.46.30:196][562]LogModuleManager: Shutting down and abandoning module SubstanceCore (234)
[2018.08.10-04.46.30:289][562]LogModuleManager: Shutting down and abandoning module GameplayTagsEditor (232)
[2018.08.10-04.46.30:338][562]LogModuleManager: Shutting down and abandoning module FacialAnimationEditor (230)
[2018.08.10-04.46.30:359][562]LogModuleManager: Shutting down and abandoning module FacialAnimation (228)
[2018.08.10-04.46.30:359][562]LogModuleManager: Shutting down and abandoning module AssetManagerEditor (226)
[2018.08.10-04.46.30:605][562]LogModuleManager: Shutting down and abandoning module GraphEditor (225)
[2018.08.10-04.46.30:739][562]LogModuleManager: Shutting down and abandoning module ContentBrowser (223)
[2018.08.10-04.46.30:743][562]LogModuleManager: Shutting down and abandoning module LightPropagationVolumeRuntime (220)
[2018.08.10-04.46.30:743][562]LogModuleManager: Shutting down and abandoning module Paper2D (218)
[2018.08.10-04.46.30:795][562]LogModuleManager: Shutting down and abandoning module WindowsMoviePlayer (216)
[2018.08.10-04.46.30:808][562]LogModuleManager: Shutting down and abandoning module WmfMedia (214)
[2018.08.10-04.46.30:856][562]LogModuleManager: Shutting down and abandoning module ClothingSystemEditor (212)
[2018.08.10-04.46.30:887][562]LogModuleManager: Shutting down and abandoning module ClothingSystemRuntime (210)
[2018.08.10-04.46.30:900][562]LogModuleManager: Shutting down and abandoning module MediaAssets (208)
[2018.08.10-04.46.30:900][562]LogModuleManager: Shutting down and abandoning module GameLiveStreaming (206)
[2018.08.10-04.46.30:942][562]LogModuleManager: Shutting down and abandoning module VREditor (204)
[2018.08.10-04.46.30:980][562]LogModuleManager: Shutting down and abandoning module StringTableEditor (202)
[2018.08.10-04.46.31:058][562]LogModuleManager: Shutting down and abandoning module GameplayTasksEditor (200)
[2018.08.10-04.46.31:059][562]LogModuleManager: Shutting down and abandoning module BehaviorTreeEditor (198)
[2018.08.10-04.46.31:260][562]LogModuleManager: Shutting down and abandoning module FunctionalTesting (196)
[2018.08.10-04.46.31:260][562]LogModuleManager: Shutting down and abandoning module CollisionAnalyzer (194)
[2018.08.10-04.46.31:309][562]LogModuleManager: Shutting down and abandoning module UMG (192)
[2018.08.10-04.46.31:326][562]LogModuleManager: Shutting down and abandoning module UMGEditor (191)
[2018.08.10-04.46.31:390][562]LogModuleManager: Shutting down and abandoning module Sequencer (190)
[2018.08.10-04.46.31:505][562]LogModuleManager: Shutting down and abandoning module AssetTools (188)
[2018.08.10-04.46.31:652][562]LogModuleManager: Shutting down and abandoning module MessageLog (187)
[2018.08.10-04.46.31:652][562]LogModuleManager: Shutting down and abandoning module WorkspaceMenuStructure (186)
[2018.08.10-04.46.31:653][562]LogModuleManager: Shutting down and abandoning module SlateReflector (180)
[2018.08.10-04.46.31:714][562]LogModuleManager: Shutting down and abandoning module Slate (178)
[2018.08.10-04.46.31:714][562]LogModuleManager: Shutting down and abandoning module EditorStyle (176)
[2018.08.10-04.46.31:767][562]LogModuleManager: Shutting down and abandoning module SourceCodeAccess (174)
[2018.08.10-04.46.31:767][562]LogModuleManager: Shutting down and abandoning module HeadMountedDisplay (172)
[2018.08.10-04.46.31:767][562]LogModuleManager: Shutting down and abandoning module XAudio2 (170)
[2018.08.10-04.46.31:767][562]LogModuleManager: Shutting down and abandoning module Networking (168)
[2018.08.10-04.46.31:768][562]LogModuleManager: Shutting down and abandoning module Core (164)
[2018.08.10-04.46.31:768][562]LogModuleManager: Shutting down and abandoning module AssetRegistry (162)
[2018.08.10-04.46.31:923][562]LogDirectoryWatcher: A directory notification for '../../../Engine/Content/' was aborted.
[2018.08.10-04.46.31:923][562]LogDirectoryWatcher: A directory notification for '../../../../../../Users/Tsan-research/Desktop/SynEnv_4_16/Content/' was aborted.
[2018.08.10-04.46.31:924][562]LogDirectoryWatcher: A directory notification for '../../../Engine/Plugins/2D/Paper2D/Content/' was aborted.
[2018.08.10-04.46.31:924][562]LogDirectoryWatcher: A directory notification for '../../../Engine/Plugins/Runtime/GearVR/Content/' was aborted.
[2018.08.10-04.46.31:924][562]LogDirectoryWatcher: A directory notification for '../../../Engine/Plugins/UnrealCV/Content/' was aborted.
[2018.08.10-04.46.31:970][562]LogModuleManager: Shutting down and abandoning module DirectoryWatcher (161)
[2018.08.10-04.46.31:975][562]LogModuleManager: Shutting down and abandoning module KismetCompiler (158)
[2018.08.10-04.46.31:976][562]LogModuleManager: Shutting down and abandoning module LevelSequence (156)
[2018.08.10-04.46.31:976][562]LogModuleManager: Shutting down and abandoning module PhysXFormats (154)
[2018.08.10-04.46.31:976][562]LogModuleManager: Shutting down and abandoning module MeshUtilities (152)
[2018.08.10-04.46.32:068][562]LogModuleManager: Shutting down and abandoning module SimplygonSwarm (151)
[2018.08.10-04.46.32:077][562]LogModuleManager: Shutting down and abandoning module SimplygonMeshReduction (149)
[2018.08.10-04.46.32:077][562]LogModuleManager: Shutting down and abandoning module QuadricMeshReduction (147)
[2018.08.10-04.46.32:098][562]LogModuleManager: Shutting down and abandoning module DerivedDataCache (144)
[2018.08.10-04.46.32:138][562]LogDerivedDataCache: Shutdown
[2018.08.10-04.46.32:138][562]LogModuleManager: Shutting down and abandoning module TargetPlatform (142)
[2018.08.10-04.46.32:139][562]LogModuleManager: Shutting down and abandoning module VulkanShaderFormat (141)
[2018.08.10-04.46.32:171][562]LogModuleManager: Shutting down and abandoning module ShaderFormatVectorVM (139)
[2018.08.10-04.46.32:199][562]LogModuleManager: Shutting down and abandoning module ShaderFormatOpenGL (137)
[2018.08.10-04.46.32:279][562]LogModuleManager: Shutting down and abandoning module ShaderFormatD3D (135)
[2018.08.10-04.46.32:313][562]LogModuleManager: Shutting down and abandoning module MetalShaderFormat (133)
[2018.08.10-04.46.32:326][562]LogModuleManager: Shutting down and abandoning module TextureFormatUncompressed (131)
[2018.08.10-04.46.32:326][562]LogModuleManager: Shutting down and abandoning module TextureFormatPVR (129)
[2018.08.10-04.46.32:326][562]LogModuleManager: Shutting down and abandoning module TextureFormatDXT (127)
[2018.08.10-04.46.32:327][562]LogModuleManager: Shutting down and abandoning module TextureFormatIntelISPCTexComp (125)
[2018.08.10-04.46.32:379][562]LogModuleManager: Shutting down and abandoning module TextureFormatASTC (123)
[2018.08.10-04.46.32:379][562]LogModuleManager: Shutting down and abandoning module ImageWrapper (122)
[2018.08.10-04.46.32:379][562]LogModuleManager: Shutting down and abandoning module TextureFormatAndroid (119)
[2018.08.10-04.46.32:379][562]LogModuleManager: Shutting down and abandoning module AudioFormatOpus (117)
[2018.08.10-04.46.32:379][562]LogModuleManager: Shutting down and abandoning module AudioFormatOgg (115)
[2018.08.10-04.46.32:400][562]LogModuleManager: Shutting down and abandoning module AudioFormatADPCM (113)
[2018.08.10-04.46.32:400][562]LogModuleManager: Shutting down and abandoning module LinuxTargetPlatform (111)
[2018.08.10-04.46.32:400][562]LogModuleManager: Shutting down and abandoning module LinuxServerTargetPlatform (109)
[2018.08.10-04.46.32:400][562]LogModuleManager: Shutting down and abandoning module LinuxNoEditorTargetPlatform (107)
[2018.08.10-04.46.32:401][562]LogModuleManager: Shutting down and abandoning module LinuxClientTargetPlatform (105)
[2018.08.10-04.46.32:401][562]LogModuleManager: Shutting down and abandoning module TVOSTargetPlatform (103)
[2018.08.10-04.46.32:401][562]LogModuleManager: Shutting down and abandoning module Messaging (101)
[2018.08.10-04.46.32:401][562]LogModuleManager: Shutting down and abandoning module IOSTargetPlatform (99)
[2018.08.10-04.46.32:401][562]LogModuleManager: Shutting down and abandoning module HTML5TargetPlatform (97)
[2018.08.10-04.46.32:401][562]LogModuleManager: Shutting down and abandoning module Android_PVRTCTargetPlatform (95)
[2018.08.10-04.46.32:434][562]LogModuleManager: Shutting down and abandoning module Android_MultiTargetPlatform (93)
[2018.08.10-04.46.32:434][562]LogModuleManager: Shutting down and abandoning module Android_ETC2TargetPlatform (91)
[2018.08.10-04.46.32:455][562]LogModuleManager: Shutting down and abandoning module Android_ETC1TargetPlatform (89)
[2018.08.10-04.46.32:529][562]LogModuleManager: Shutting down and abandoning module Android_DXTTargetPlatform (87)
[2018.08.10-04.46.32:532][562]LogModuleManager: Shutting down and abandoning module Android_ATCTargetPlatform (85)
[2018.08.10-04.46.32:553][562]LogModuleManager: Shutting down and abandoning module Android_ASTCTargetPlatform (83)
[2018.08.10-04.46.32:553][562]LogModuleManager: Shutting down and abandoning module AndroidTargetPlatform (81)
[2018.08.10-04.46.32:562][562]LogModuleManager: Shutting down and abandoning module WindowsTargetPlatform (79)
[2018.08.10-04.46.32:563][562]LogModuleManager: Shutting down and abandoning module WindowsServerTargetPlatform (77)
[2018.08.10-04.46.32:563][562]LogModuleManager: Shutting down and abandoning module WindowsNoEditorTargetPlatform (75)
[2018.08.10-04.46.32:563][562]LogModuleManager: Shutting down and abandoning module WindowsClientTargetPlatform (73)
[2018.08.10-04.46.32:563][562]LogModuleManager: Shutting down and abandoning module MacTargetPlatform (71)
[2018.08.10-04.46.32:563][562]LogModuleManager: Shutting down and abandoning module MacServerTargetPlatform (69)
[2018.08.10-04.46.32:563][562]LogModuleManager: Shutting down and abandoning module MacNoEditorTargetPlatform (67)
[2018.08.10-04.46.32:563][562]LogModuleManager: Shutting down and abandoning module MacClientTargetPlatform (65)
[2018.08.10-04.46.32:564][562]LogModuleManager: Shutting down and abandoning module AllDesktopTargetPlatform (63)
[2018.08.10-04.46.32:564][562]LogModuleManager: Shutting down and abandoning module InputCore (60)
[2018.08.10-04.46.32:564][562]LogModuleManager: Shutting down and abandoning module Settings (58)
[2018.08.10-04.46.32:564][562]LogModuleManager: Shutting down and abandoning module OculusRift (56)
[2018.08.10-04.46.32:598][562]LogModuleManager: Shutting down and abandoning module GearVRController (54)
[2018.08.10-04.46.32:599][562]LogModuleManager: Shutting down and abandoning module GearVR (52)
[2018.08.10-04.46.32:733][562]LogModuleManager: Shutting down and abandoning module ExampleDeviceProfileSelector (50)
[2018.08.10-04.46.32:733][562]LogModuleManager: Shutting down and abandoning module OnlineBlueprintSupport (48)
[2018.08.10-04.46.32:733][562]LogModuleManager: Shutting down and abandoning module OnlineSubsystem (44)
[2018.08.10-04.46.32:734][562]LogOnline:Display: Unloading online subsystem: NULL
[2018.08.10-04.46.32:907][562]LogModuleManager: Shutting down and abandoning module XMPP (43)
[2018.08.10-04.46.32:987][562]LogModuleManager: Shutting down and abandoning module HTTP (41)
[2018.08.10-04.46.32:987][562]LogHttp:Display: Http module shutting down, but needs to wait on 1 outstanding Http requests:
[2018.08.10-04.46.33:016][562]LogHttp:Display: 	verb=[POST] url=[https://datarouter.ol.epicgames.com/datarouter/api/v1/public/data?SessionID=%7BC8F212AE-480C-5518-93CA-16ABB5D3CAA7%7D&AppID=UEEditor.Rocket.Release&AppVersion=4.16.3-3561208%2B%2B%2BUE4%2BRelease-4.16&UserID=d15e4f7a4f778860492216bdab12fec4%7C89b082c400b64663a8d953daf1fe55a4%7C55694e95-cfe4-48a9-b5c3-5f9e9abb5ca6&AppEnvironment=datacollector-binary&UploadType=eteventstream] status=Processing
[2018.08.10-04.46.33:052][562]LogModuleManager: Shutting down and abandoning module SSL (40)
[2018.08.10-04.46.33:078][562]LogModuleManager: Shutting down and abandoning module HTTPChunkInstaller (36)
[2018.08.10-04.46.33:131][562]LogModuleManager: Shutting down and abandoning module AnimationModifiers (34)
[2018.08.10-04.46.33:188][562]LogModuleManager: Shutting down and abandoning module PropertyEditor (33)
[2018.08.10-04.46.33:210][562]LogModuleManager: Shutting down and abandoning module AudioEditor (30)
[2018.08.10-04.46.33:285][562]LogModuleManager: Shutting down and abandoning module TextureCompressor (28)
[2018.08.10-04.46.33:285][562]LogModuleManager: Shutting down and abandoning module ShaderCore (26)
[2018.08.10-04.46.33:285][562]LogModuleManager: Shutting down and abandoning module Landscape (24)
[2018.08.10-04.46.33:285][562]LogModuleManager: Shutting down and abandoning module SlateRHIRenderer (22)
[2018.08.10-04.46.33:327][562]LogModuleManager: Shutting down and abandoning module OpenGLDrv (20)
[2018.08.10-04.46.33:441][562]LogModuleManager: Shutting down and abandoning module D3D11RHI (18)
[2018.08.10-04.46.33:441][562]LogModuleManager: Shutting down and abandoning module AnimGraphRuntime (16)
[2018.08.10-04.46.33:458][562]LogModuleManager: Shutting down and abandoning module Renderer (14)
[2018.08.10-04.46.33:458][562]LogModuleManager: Shutting down and abandoning module Engine (12)
[2018.08.10-04.46.33:458][562]LogModuleManager: Shutting down and abandoning module CoreUObject (10)
[2018.08.10-04.46.33:458][562]LogModuleManager: Shutting down and abandoning module NetworkFile (8)
[2018.08.10-04.46.33:504][562]LogModuleManager: Shutting down and abandoning module StreamingFile (6)
[2018.08.10-04.46.33:530][562]LogModuleManager: Shutting down and abandoning module SandboxFile (4)
[2018.08.10-04.46.33:539][562]LogModuleManager: Shutting down and abandoning module PakFile (2)
[2018.08.10-04.46.33:613][562]LogExit: Exiting.
[2018.08.10-04.46.33:631][562]Log file closed, 08/09/18 21:46:33
