Log file open, 08/13/18 13:27:09
LogInit:Display: Running engine for game: SynEnv
LogPlatformFile: Not using cached read wrapper
LogInit:Display: RandInit(1153499590) SRandInit(1153499590).
LogTaskGraph: Started task graph with 5 named threads and 8 total threads with 1 sets of task threads.
LogStats: Stats thread started at 0.171041
LogInit: Using libcurl 7.47.1
LogInit:  - built for x86_64-pc-win32
LogInit:  - supports SSL with OpenSSL/1.0.2g
LogInit:  - supports HTTP deflate (compression) using libz 1.2.8
LogInit:  - other features:
LogInit:      CURL_VERSION_SSL
LogInit:      CURL_VERSION_LIBZ
LogInit:      CURL_VERSION_IPV6
LogInit:      CURL_VERSION_ASYNCHDNS
LogInit:      CURL_VERSION_LARGEFILE
LogInit:      CURL_VERSION_IDN
LogInit:  CurlRequestOptions (configurable via config and command line):
LogInit:  - bVerifyPeer = false  - Libcurl will NOT verify peer certificate
LogInit:  - bUseHttpProxy = false  - Libcurl will NOT use HTTP proxy
LogInit:  - bDontReuseConnections = false  - Libcurl will reuse connections
LogInit:  - CertBundlePath = nullptr  - Libcurl will use whatever was configured at build time.
LogInit: Build: ++UE4+Release-4.16-CL-3561208
LogInit: Engine Version: 4.16.3-3561208+++UE4+Release-4.16
LogInit: Compatible Engine Version: 4.16.0-3452394+++UE4+Release-4.16
LogInit: Net CL: 3452394
LogDevObjectVersion: Number of dev versions registered: 16
LogDevObjectVersion:   Dev-Blueprints (B0D832E4-1F89-4F0D-ACCF-7EB736FD4AA2): 9
LogDevObjectVersion:   Dev-Build (E1C64328-A22C-4D53-A36C-8E866417BD8C): 0
LogDevObjectVersion:   Dev-Core (375EC13C-06E4-48FB-B500-84F0262A717E): 2
LogDevObjectVersion:   Dev-Editor (E4B068ED-F494-42E9-A231-DA0B2E46BB41): 17
LogDevObjectVersion:   Dev-Framework (CFFC743F-43B0-4480-9391-14DF171D2073): 23
LogDevObjectVersion:   Dev-Mobile (B02B49B5-BB20-44E9-A304-32B752E40360): 0
LogDevObjectVersion:   Dev-Networking (A4E4105C-59A1-49B5-A7C5-40C4547EDFEE): 0
LogDevObjectVersion:   Dev-Online (39C831C9-5AE6-47DC-9A44-9C173E1C8E7C): 0
LogDevObjectVersion:   Dev-Physics (78F01B33-EBEA-4F98-B9B4-84EACCB95AA2): 0
LogDevObjectVersion:   Dev-Platform (6631380F-2D4D-43E0-8009-CF276956A95A): 0
LogDevObjectVersion:   Dev-Rendering (12F88B9F-8875-4AFC-A67C-D90C383ABD29): 15
LogDevObjectVersion:   Dev-Sequencer (7B5AE74C-D270-4C10-A958-57980B212A5A): 4
LogDevObjectVersion:   Dev-VR (D7296918-1DD6-4BDD-9DE2-64A83CC13884): 0
LogDevObjectVersion:   Dev-LoadTimes (C2A15278-BFE7-4AFE-6C17-90FF531DF755): 1
LogDevObjectVersion:   Private-Geometry (6EACA3D4-40EC-4CC1-B786-8BED09428FC5): 1
LogDevObjectVersion:   Dev-AnimPhys (29E575DD-E0A3-4627-9D10-D276232CDCEA): 3
LogInit: Compiled (64-bit): Jul 28 2017 11:49:47
LogInit: Compiled with Visual C++: 19.00.24215.01
LogInit: Build Configuration: Development
LogInit: Branch Name: ++UE4+Release-4.16
LogInit: Command line:  
LogInit: Base directory: C:/Program Files/Epic Games/UE_4.16/Engine/Binaries/Win64/
LogInit: Installed Engine Build: 1
LogInit: Presizing for max 8388607 objects, including 0 objects not considered by GC, pre-allocating 0 bytes for permanent pool.
LogInit: Object subsystem initialized
[2018.08.13-20.27.12:981][  0]LogInit: Selected Device Profile: [Windows]
[2018.08.13-20.27.12:981][  0]LogInit: Applying CVar settings loaded from the selected device profile: [Windows]
[2018.08.13-20.27.13:297][  0]LogInit: Computer: DESKTOP-8FR1BU2
[2018.08.13-20.27.13:297][  0]LogInit: User: Tsanresearch
[2018.08.13-20.27.13:297][  0]LogInit: CPU Page size=4096, Cores=4
[2018.08.13-20.27.13:297][  0]LogInit: High frequency timer resolution =3.328128 MHz
[2018.08.13-20.27.13:317][  0]LogMemory: Memory total: Physical=15.9GB (16GB approx)
[2018.08.13-20.27.13:317][  0]LogMemory: Platform Memory Stats for Windows
[2018.08.13-20.27.13:317][  0]LogMemory: Process Physical Memory: 273.19 MB used, 273.19 MB peak
[2018.08.13-20.27.13:317][  0]LogMemory: Process Virtual Memory: 262.88 MB used, 262.88 MB peak
[2018.08.13-20.27.13:317][  0]LogMemory: Physical Memory: 14462.42 MB used,  1824.29 MB free, 16286.71 MB total
[2018.08.13-20.27.13:317][  0]LogMemory: Virtual Memory: 4770.40 MB used,  1824.29 MB free, 134217728.00 MB total
[2018.08.13-20.27.15:548][  0]LogInit: Using OS detected language (en-US).
[2018.08.13-20.27.15:548][  0]LogInit: Using OS detected locale (en-US).
[2018.08.13-20.27.16:036][  0]LogTextLocalizationManager: No specific localization for 'en-US' exists, so the 'en' localization will be used.
[2018.08.13-20.27.27:118][  0]LogD3D11RHI: D3D11 adapters:
[2018.08.13-20.27.27:184][  0]LogD3D11RHI:    0. 'NVIDIA GeForce GTX 1070' (Feature Level 11_0)
[2018.08.13-20.27.27:184][  0]LogD3D11RHI:       8088/0/8143 MB DedicatedVideo/DedicatedSystem/SharedSystem, Outputs:2, VendorId:0x10de
[2018.08.13-20.27.27:296][  0]LogD3D11RHI:    1. 'Intel(R) HD Graphics 530' (Feature Level 11_0)
[2018.08.13-20.27.27:296][  0]LogD3D11RHI:       128/0/8143 MB DedicatedVideo/DedicatedSystem/SharedSystem, Outputs:0, VendorId:0x8086
[2018.08.13-20.27.27:298][  0]LogD3D11RHI:    2. 'Microsoft Basic Render Driver' (Feature Level 11_0)
[2018.08.13-20.27.27:298][  0]LogD3D11RHI:       0/0/8143 MB DedicatedVideo/DedicatedSystem/SharedSystem, Outputs:0, VendorId:0x1414
[2018.08.13-20.27.27:298][  0]LogD3D11RHI: Chosen D3D11 Adapter: 0
[2018.08.13-20.27.27:378][  0]LogD3D11RHI: Creating new Direct3DDevice
[2018.08.13-20.27.27:399][  0]LogD3D11RHI:     GPU DeviceId: 0x1b81 (for the marketing name, search the web for "GPU Device Id")
[2018.08.13-20.27.27:400][  0]LogWindows: EnumDisplayDevices:
[2018.08.13-20.27.27:400][  0]LogWindows:    0. 'NVIDIA GeForce GTX 1070' (P:1 D:1)
[2018.08.13-20.27.27:400][  0]LogWindows:    1. 'NVIDIA GeForce GTX 1070' (P:0 D:1)
[2018.08.13-20.27.27:400][  0]LogWindows:    2. 'NVIDIA GeForce GTX 1070' (P:0 D:0)
[2018.08.13-20.27.27:400][  0]LogWindows:    3. 'NVIDIA GeForce GTX 1070' (P:0 D:0)
[2018.08.13-20.27.27:400][  0]LogWindows:    4. 'Intel(R) HD Graphics 530' (P:0 D:0)
[2018.08.13-20.27.27:400][  0]LogWindows:    5. 'Intel(R) HD Graphics 530' (P:0 D:0)
[2018.08.13-20.27.27:400][  0]LogWindows:    6. 'Intel(R) HD Graphics 530' (P:0 D:0)
[2018.08.13-20.27.27:400][  0]LogWindows: DebugString: GetVideoDriverDetailsInvalid PrimaryIsNotTheChoosenAdapter GetVideoDriverDetailsInvalid PrimaryIsNotTheChoosenAdapter GetVideoDriverDetailsInvalid PrimaryIsNotTheChoosenAdapter GetVideoDriverDetailsInvalid PrimaryIsNotTheChoosenAdapter GetVideoDriverDetailsInvalid PrimaryIsNotTheChoosenAdapter GetVideoDriverDetailsInvalid PrimaryIsNotTheChoosenAdapter GetVideoDriverDetailsInvalid PrimaryIsNotTheChoosenAdapter FoundDriverCount:0 
[2018.08.13-20.27.27:400][  0]LogD3D11RHI:     Adapter Name: NVIDIA GeForce GTX 1070
[2018.08.13-20.27.27:400][  0]LogD3D11RHI:   Driver Version: Unknown (internal:Unknown, unified:Unknown)
[2018.08.13-20.27.27:400][  0]LogD3D11RHI:      Driver Date: Unknown
[2018.08.13-20.27.27:413][  0]LogRHI: Texture pool is 1361 MB (70% of 1945 MB)
[2018.08.13-20.27.27:825][  0]LogD3D11RHI: Async texture creation enabled
[2018.08.13-20.27.28:972][  0]LogD3D11RHI: GPU Timing Frequency: 1000.000000 (Debug: 2 2)
[2018.08.13-20.27.29:641][  0]LogShaderCompilers: Guid format shader working directory is -4 characters bigger than the processId version (../../../../../../Users/Tsan-research/Desktop/SynEnv_4_16/Intermediate/Shaders/WorkingDirectory/14216/).
[2018.08.13-20.27.29:641][  0]LogShaderCompilers: Cleaned the shader compiler working directory 'C:/Users/Tsan-research/AppData/Local/Temp/UnrealShaderWorkingDir/27B7EF234979C9E5338CD49C092B7B4B/'.
[2018.08.13-20.27.29:711][  0]LogShaderCompilers:Display: Using Local Shader Compiler.
[2018.08.13-20.27.44:671][  0]LogTemp:Display: Loaded TP AllDesktopTargetPlatform
[2018.08.13-20.27.44:761][  0]LogTemp:Display: Loaded TP MacClientTargetPlatform
[2018.08.13-20.27.44:851][  0]LogTemp:Display: Loaded TP MacNoEditorTargetPlatform
[2018.08.13-20.27.44:953][  0]LogTemp:Display: Loaded TP MacServerTargetPlatform
[2018.08.13-20.27.45:071][  0]LogTemp:Display: Loaded TP MacTargetPlatform
[2018.08.13-20.27.45:145][  0]LogTemp:Display: Loaded TP WindowsClientTargetPlatform
[2018.08.13-20.27.45:225][  0]LogTemp:Display: Loaded TP WindowsNoEditorTargetPlatform
[2018.08.13-20.27.45:305][  0]LogTemp:Display: Loaded TP WindowsServerTargetPlatform
[2018.08.13-20.27.45:436][  0]LogTemp:Display: Loaded TP WindowsTargetPlatform
[2018.08.13-20.27.45:526][  0]LogTemp:Display: Loaded TP AndroidTargetPlatform
[2018.08.13-20.27.45:616][  0]LogTemp:Display: Loaded TP Android_ASTCTargetPlatform
[2018.08.13-20.27.45:705][  0]LogTemp:Display: Loaded TP Android_ATCTargetPlatform
[2018.08.13-20.27.45:818][  0]LogTemp:Display: Loaded TP Android_DXTTargetPlatform
[2018.08.13-20.27.45:905][  0]LogTemp:Display: Loaded TP Android_ETC1TargetPlatform
[2018.08.13-20.27.46:026][  0]LogTemp:Display: Loaded TP Android_ETC2TargetPlatform
[2018.08.13-20.27.46:223][  0]LogTemp:Display: Loaded TP Android_MultiTargetPlatform
[2018.08.13-20.27.46:223][  0]LogTemp:Display: Loaded TP Android_PVRTCTargetPlatform
[2018.08.13-20.27.46:300][  0]LogTemp:Display: Loaded TP HTML5TargetPlatform
[2018.08.13-20.27.46:593][  0]LogTemp:Display: Loaded TP IOSTargetPlatform
[2018.08.13-20.27.46:628][  0]LogTemp:Display: Loaded TP TVOSTargetPlatform
[2018.08.13-20.27.46:803][  0]LogTemp:Display: Loaded TP LinuxClientTargetPlatform
[2018.08.13-20.27.46:890][  0]LogTemp:Display: Loaded TP LinuxNoEditorTargetPlatform
[2018.08.13-20.27.46:971][  0]LogTemp:Display: Loaded TP LinuxServerTargetPlatform
[2018.08.13-20.27.47:120][  0]LogTemp:Display: Loaded TP LinuxTargetPlatform
[2018.08.13-20.27.47:120][  0]LogTargetPlatformManager:Display: Building Assets For Windows
[2018.08.13-20.27.52:169][  0]LogDerivedDataCache:Display: Max Cache Size: 512 MB
[2018.08.13-20.27.55:218][  0]LogDerivedDataCache: Loaded boot cache 3.05s 90MB C:/Users/Tsan-research/AppData/Local/UnrealEngine/4.16/DerivedDataCache/Boot.ddc.
[2018.08.13-20.27.55:218][  0]LogDerivedDataCache:Display: Loaded Boot cache: C:/Users/Tsan-research/AppData/Local/UnrealEngine/4.16/DerivedDataCache/Boot.ddc
[2018.08.13-20.27.55:219][  0]LogDerivedDataCache: FDerivedDataBackendGraph:  Pak pak cache file ../../../../../../Users/Tsan-research/Desktop/SynEnv_4_16/DerivedDataCache/DDC.ddp not found, will not use a pak cache.
[2018.08.13-20.27.55:219][  0]LogDerivedDataCache: Unable to find inner node Pak for hierarchical cache Hierarchy.
[2018.08.13-20.27.55:219][  0]LogDerivedDataCache: FDerivedDataBackendGraph:  CompressedPak pak cache file ../../../../../../Users/Tsan-research/Desktop/SynEnv_4_16/DerivedDataCache/Compressed.ddp not found, will not use a pak cache.
[2018.08.13-20.27.55:219][  0]LogDerivedDataCache: Unable to find inner node CompressedPak for hierarchical cache Hierarchy.
[2018.08.13-20.27.55:366][  0]LogDerivedDataCache:Display: Pak cache opened for reading ../../../Engine/DerivedDataCache/Compressed.ddp.
[2018.08.13-20.27.55:378][  0]LogDerivedDataCache: Using Local data cache path C:/Users/Tsan-research/AppData/Local/UnrealEngine/Common/DerivedDataCache: Writable
[2018.08.13-20.27.55:704][  0]LogMaterial: Verifying Global Shaders for PCD3D_SM5
[2018.08.13-20.27.55:882][  0]LogSlate: Using Freetype 2.6.0
[2018.08.13-20.27.56:031][  0]LogSlate: SlateFontCache - WITH_FREETYPE: 1, WITH_HARFBUZZ: 1
[2018.08.13-20.27.56:031][  0]LogSlate: SlateFontCache - WITH_FREETYPE: 1, WITH_HARFBUZZ: 1
[2018.08.13-20.28.18:433][  0]LogInit: Selected Device Profile: [Windows]
[2018.08.13-20.28.20:554][  0]LogContentStreaming: Texture pool size is 0.00 MB
[2018.08.13-20.28.22:918][  0]LogMeshUtilities: Using QuadricMeshReduction for automatic static mesh reduction
[2018.08.13-20.28.23:292][  0]LogSimplygon: Simplygon DLL not present - disabling.
[2018.08.13-20.28.23:526][  0]LogMeshUtilities: Using SimplygonSwarm for distributed automatic mesh merging
[2018.08.13-20.28.23:526][  0]LogMeshUtilities: No automatic skeletal mesh reduction module available
[2018.08.13-20.28.23:526][  0]LogMeshUtilities: No automatic mesh merging module available
[2018.08.13-20.28.36:997][  0]LogNetVersion: SynEnv , NetCL: 3452394, EngineNetVer: 2, GameNetVer: 0 (Checksum: 277580360)
[2018.08.13-20.28.37:889][  0]LogAssetRegistry: FAssetRegistry took 0.1062 seconds to start up
[2018.08.13-20.28.38:550][  0]LogPackageLocalizationCache: Processed 5 localized package path(s) for 2 prioritized culture(s) in 0.430746 seconds
[2018.08.13-20.28.38:661][  0]LogUObjectArray: 34194 objects as part of root set at end of initial load.
[2018.08.13-20.28.38:661][  0]LogUObjectAllocator: 7260416 out of 0 bytes used by permanent object pool.
[2018.08.13-20.28.38:661][  0]LogUObjectArray: CloseDisregardForGC: 0/0 objects in disregard for GC pool
[2018.08.13-20.28.39:159][  0]LogInit: WinSock: version 1.1 (2.2), MaxSocks=32767, MaxUdp=65467
[2018.08.13-20.29.35:510][  0]LogSubstanceCoreModule: Substance [CPU] Engine Loaded, Max Texture Size = 2048
[2018.08.13-20.29.35:636][  0]LogTcpMessaging: Initializing TcpMessaging bridge
[2018.08.13-20.29.35:741][  0]LogUdpMessaging: Initializing bridge on interface 0.0.0.0:0 to multicast group 230.0.0.1:6666.
[2018.08.13-20.29.37:124][  0]LogUnrealCV:Warning: Can not recognize visualization mode 
[2018.08.13-20.29.37:144][  0]LogUnrealCV:Warning: Loading config
[2018.08.13-20.29.37:149][  0]LogUnrealCV:Warning: Port: 9000
[2018.08.13-20.29.37:149][  0]LogUnrealCV:Warning: Width: 144
[2018.08.13-20.29.37:149][  0]LogUnrealCV:Warning: Height: 81
[2018.08.13-20.29.37:149][  0]LogUnrealCV:Warning: FOV: 84.000000
[2018.08.13-20.29.37:149][  0]LogUnrealCV:Warning: EnableInput: true
[2018.08.13-20.29.37:149][  0]LogUnrealCV:Warning: EnableRightEye: false
[2018.08.13-20.29.37:149][  0]LogUnrealCV:Warning: The UriTemplate vrun ([^ ]*)[ ]*$ already exist, overwrited.
[2018.08.13-20.29.37:161][  0]LogUnrealCV:Warning: Start listening on 9000
[2018.08.13-20.29.39:234][  0]LogMaterial: Uniform references updated for custom material expression Custom.
[2018.08.13-20.29.40:641][  0]SourceControl: Info Source control is disabled
[2018.08.13-20.29.40:795][  0]SourceControl: Info Source control is disabled
[2018.08.13-20.29.40:928][  0]SourceControl: Info Source control is disabled
[2018.08.13-20.29.41:052][  0]SourceControl: Info Source control is disabled
[2018.08.13-20.29.42:982][  0]LogAndroidPermission: UAndroidPermissionCallbackProxy::GetInstance
[2018.08.13-20.29.45:100][  0]LogEngine: Initializing Engine...
[2018.08.13-20.29.45:139][  0]LogHMD: Failed to initialize OpenVR with code 110
[2018.08.13-20.29.46:344][  0]LogStats: UGameplayTagsManager::ConstructGameplayTagTree: Construct from data asset -  0.000 s
[2018.08.13-20.29.46:345][  0]LogStats: UGameplayTagsManager::ConstructGameplayTagTree: GameplayTagTreeChangedEvent.Broadcast -  0.000 s
[2018.08.13-20.29.47:395][  0]LogAIModule: Creating AISystem for world Untitled
[2018.08.13-20.29.47:788][  0]LogInit: XAudio2 using 'VX24A (NVIDIA High Definition Audio)' : 2 channels at 48 kHz using 16 bits per sample (channel mask 0x3)
[2018.08.13-20.29.47:843][  0]LogInit: FAudioDevice initialized.
[2018.08.13-20.29.47:927][  0]LogDerivedDataCache: Saved boot cache 0.08s 90MB C:/Users/Tsan-research/AppData/Local/UnrealEngine/4.16/DerivedDataCache/Boot.ddc.
[2018.08.13-20.29.48:428][  0]LogInit: Texture streaming: Enabled
[2018.08.13-20.29.48:865][  0]LogEngineSessionManager: EngineSessionManager initialized
[2018.08.13-20.29.52:244][  0]LogInit: Transaction tracking system initialized
[2018.08.13-20.29.53:567][  0]BlueprintLog: New page: Editor Load
[2018.08.13-20.29.57:593][  0]LocalizationService: Info Localization service is disabled
[2018.08.13-20.30.00:411][  0]LogConsoleResponse:Display: 
[2018.08.13-20.30.05:018][  0]LogFileCache: Scanning file cache for directory 'C:/Users/Tsan-research/Desktop/SynEnv_4_16/Content/' took 0.09s
[2018.08.13-20.30.05:018][  0]LogCook:Display: Max memory allowance for cook 16384mb min free memory 0mb
[2018.08.13-20.30.05:029][  0]LogCook:Display: Mobile HDR setting 1
[2018.08.13-20.30.09:686][  0]SourceControl: Info Source control is disabled
[2018.08.13-20.30.09:769][  0]Cmd: MAP LOAD FILE="../../../../../../Users/Tsan-research/Desktop/SynEnv_4_16/Content/ThirdPersonBP/Maps/NarrowCorridor.umap" TEMPLATE=0 SHOWPROGRESS=1 FEATURELEVEL=3
[2018.08.13-20.30.09:839][  0]LightingResults: New page: Lighting Build
[2018.08.13-20.30.10:491][  0]MapCheck: New page: Map Check
[2018.08.13-20.30.10:491][  0]LightingResults: New page: Lighting Build
[2018.08.13-20.30.24:334][  0]LogAIModule: Creating AISystem for world NarrowCorridor
[2018.08.13-20.30.25:318][  0]LogEditorServer: Finished looking for orphan Actors (0.000 secs)
[2018.08.13-20.30.25:526][  0]Cmd: MAP CHECKDEP NOCLEARLOG
[2018.08.13-20.30.25:640][  0]MapCheck: Info Map check complete: 0 Error(s), 0 Warning(s), took 93.686ms to complete.
[2018.08.13-20.30.25:641][  0]LogFileHelpers: Loading map 'NarrowCorridor' took 15.922
[2018.08.13-20.30.28:249][  0]LogCollectionManager: Loaded 0 collections in 0.003027 seconds
[2018.08.13-20.30.28:475][  0]LogFileCache: Scanning file cache for directory 'C:/Users/Tsan-research/Desktop/SynEnv_4_16/Saved/Collections/' took 0.01s
[2018.08.13-20.30.28:475][  0]LogFileCache: Scanning file cache for directory 'C:/Users/Tsan-research/Desktop/SynEnv_4_16/Content/Developers/Tsanresearch/Collections/' took 0.01s
[2018.08.13-20.30.28:475][  0]LogFileCache: Scanning file cache for directory 'C:/Users/Tsan-research/Desktop/SynEnv_4_16/Content/Collections/' took 0.01s
[2018.08.13-20.30.28:475][  0]LogCollectionManager: Rebuilt the GUID cache for 0 collections in 0.000002 seconds
[2018.08.13-20.30.28:500][  0]LogContentBrowser: Native class hierarchy populated in 0.0226 seconds. Added 2364 classes and 513 folders.
[2018.08.13-20.30.28:696][  0]LogContentBrowser: Native class hierarchy updated for 'WidgetCarousel' in 0.0022 seconds. Added 0 classes and 0 folders.
[2018.08.13-20.30.31:765][  0]LogContentBrowser: Native class hierarchy updated for 'AddContentDialog' in 0.0027 seconds. Added 0 classes and 0 folders.
[2018.08.13-20.30.32:043][  0]LogContentBrowser: Native class hierarchy updated for 'SceneOutliner' in 0.0032 seconds. Added 1 classes and 2 folders.
[2018.08.13-20.30.33:234][  0]LogCrashTracker: Crashtracker disabled due to settings.
[2018.08.13-20.30.33:553][  0]LogSlate: Took 0.019794 seconds to synchronously load lazily loaded font '../../../Engine/Content/Slate/Fonts/Roboto-Regular.ttf' (155K)
[2018.08.13-20.30.33:572][  0]LogSlate: Took 0.016474 seconds to synchronously load lazily loaded font '../../../Engine/Content/Slate/Fonts/Roboto-Bold.ttf' (160K)
[2018.08.13-20.30.33:676][  0]LogSlate: Took 0.022534 seconds to synchronously load lazily loaded font '../../../Engine/Content/Editor/Slate/Fonts/FontAwesome.ttf' (139K)
[2018.08.13-20.30.34:605][  0]LogRenderer: Reallocating scene render targets to support 256x256 NumSamples 1 (Frame:1).
[2018.08.13-20.30.35:053][  0]LogRenderer: Reallocating scene render targets to support 1152x536 NumSamples 1 (Frame:1).
[2018.08.13-20.30.35:807][  0]LogUObjectGlobals:Warning: Failed to find object 'Class None.'
[2018.08.13-20.30.36:165][  0]LogContentBrowser: Native class hierarchy updated for 'HierarchicalLODOutliner' in 0.0030 seconds. Added 1 classes and 2 folders.
[2018.08.13-20.30.36:165][  0]LogLoad: (Engine Initialization) Total time: 220.54 seconds
[2018.08.13-20.30.36:165][  0]LogLoad: (Engine Initialization) Total Blueprint compile time: 2.71 seconds
[2018.08.13-20.30.36:165][  0]LogExternalProfiler: Found external profiler: VSPerf
[2018.08.13-20.30.36:165][  0]LogExternalProfiler: Using external profiler: VSPerf
[2018.08.13-20.30.36:389][  0]LogWindowsTextInputMethodSystem:Display: IME system now activated using TSF (Microsoft Quick).
[2018.08.13-20.30.36:420][  0]LogOcInput: OculusInput pre-init called
[2018.08.13-20.30.36:444][  0]LogHMD: Starting GearVRController plugin
[2018.08.13-20.30.36:861][  0]LogContentStreaming: Texture pool size now 1000 MB
[2018.08.13-20.30.37:756][  1]LogSlate: Took 0.042751 seconds to synchronously load lazily loaded font '../../../Engine/Content/Slate/Fonts/Roboto-Light.ttf' (159K)
[2018.08.13-20.30.38:083][  4]LogAssetRegistry: Asset discovery search completed in 120.2173 seconds
[2018.08.13-20.30.38:155][  4]LogCollectionManager: Rebuilt the object cache for 0 collections in 0.000001 seconds (found 0 objects)
[2018.08.13-20.30.38:155][  4]LogCollectionManager: Fixed up redirectors for 0 collections in 0.043590 seconds (updated 0 objects)
[2018.08.13-20.31.13:463][594]LogSlate: Took 0.000132 seconds to synchronously load lazily loaded font '../../../Engine/Content/Slate/Fonts/Roboto-Light.ttf' (159K)
[2018.08.13-20.31.14:527][594]LogSlate: Took 0.000143 seconds to synchronously load lazily loaded font '../../../Engine/Content/Slate/Fonts/Roboto-Regular.ttf' (155K)
[2018.08.13-20.31.14:993][594]LogAIModule: Creating AISystem for world WideCorridor
[2018.08.13-20.31.15:504][594]Cmd: MAP LOAD FILE="../../../../../../Users/Tsan-research/Desktop/SynEnv_4_16/Content/ThirdPersonBP/Maps/WideCorridor.umap" TEMPLATE=0 SHOWPROGRESS=1 FEATURELEVEL=3
[2018.08.13-20.31.15:504][594]LightingResults: New page: Lighting Build
[2018.08.13-20.31.15:505][594]LoadErrors: New page: Loading map: WideCorridor.umap
[2018.08.13-20.31.15:550][594]MapCheck: New page: Map Check
[2018.08.13-20.31.15:551][594]LightingResults: New page: Lighting Build
[2018.08.13-20.31.15:935][594]LogEditorServer: Finished looking for orphan Actors (0.000 secs)
[2018.08.13-20.31.15:983][594]Cmd: MAP CHECKDEP NOCLEARLOG
[2018.08.13-20.31.16:052][594]MapCheck: Info Map check complete: 0 Error(s), 0 Warning(s), took 68.932ms to complete.
[2018.08.13-20.31.16:052][594]LogFileHelpers: Loading map 'WideCorridor' took 0.638
[2018.08.13-20.31.24:895][691]LogFactory: FactoryCreateFile: StaticMesh with FbxFactory (0 0 ../../../../../../Users/Tsan-research/Desktop/Samuel.fbx)
[2018.08.13-20.31.25:220][691]LogFbx: ItemName: Model, ItemCount : 14
[2018.08.13-20.31.25:228][691]LogFbx: Loading FBX Scene from ../../../../../../Users/Tsan-research/Desktop/Samuel.fbx
[2018.08.13-20.31.25:409][691]LogFbx: FBX Scene Loaded Succesfully
[2018.08.13-20.31.25:414][691]FBXImport:Warning: Warning FBX Scene Loading: Found material name clash, name clash can be wrongly reassign at reimport , material 'SphereMat' was rename 'SphereMat_ncl1_1' 
[2018.08.13-20.31.25:414][691]FBXImport:Warning: Warning FBX Scene Loading: Found material name clash, name clash can be wrongly reassign at reimport , material 'Sphere.2Mat' was rename 'Sphere.2Mat_ncl1_1' 
[2018.08.13-20.31.25:414][691]FBXImport:Warning: Warning FBX Scene Loading: Found material name clash, name clash can be wrongly reassign at reimport , material 'PlaneMat' was rename 'PlaneMat_ncl1_1' 
[2018.08.13-20.31.29:307][691]LogFbx: Loading FBX Scene from ../../../../../../Users/Tsan-research/Desktop/Samuel.fbx
[2018.08.13-20.31.29:351][691]LogFbx: FBX Scene Loaded Succesfully
[2018.08.13-20.31.29:412][691]LogLinker: Can't find file '/Game/ThirdPersonBP/Maps/SphereMat_ncl1_1'
[2018.08.13-20.31.29:412][691]LogLinker: Can't find file '/Game/ThirdPersonBP/Maps/SphereMat_ncl1_1'
[2018.08.13-20.31.29:583][691]LogMaterial: Missing cached shader map for material SphereMat_ncl1_1, compiling. 
[2018.08.13-20.31.29:835][691]LogFbx:Warning: Triangulating static mesh Sphere
[2018.08.13-20.31.29:961][691]LogStaticMesh: Building static mesh Samuel_Sphere...
[2018.08.13-20.31.30:141][691]LogStaticMesh: Built static mesh [0.18s] /Game/ThirdPersonBP/Maps/Samuel_Sphere.Samuel_Sphere
[2018.08.13-20.31.31:197][691]LogLinker: Can't find file '/Game/ThirdPersonBP/Maps/Sphere_2Mat_ncl1_1'
[2018.08.13-20.31.31:198][691]LogLinker: Can't find file '/Game/ThirdPersonBP/Maps/Sphere_2Mat_ncl1_1'
[2018.08.13-20.31.31:215][691]LogMaterial: Missing cached shader map for material Sphere_2Mat_ncl1_1, compiling. 
[2018.08.13-20.31.31:234][691]LogFbx:Warning: Triangulating static mesh Sphere.2
[2018.08.13-20.31.31:278][691]LogStaticMesh: Building static mesh Samuel_Sphere_2...
[2018.08.13-20.31.31:281][691]LogStaticMesh: Built static mesh [0.01s] /Game/ThirdPersonBP/Maps/Samuel_Sphere_2.Samuel_Sphere_2
[2018.08.13-20.31.31:312][691]LogLinker: Can't find file '/Game/ThirdPersonBP/Maps/PlaneMat_ncl1_1'
[2018.08.13-20.31.31:312][691]LogLinker: Can't find file '/Game/ThirdPersonBP/Maps/PlaneMat_ncl1_1'
[2018.08.13-20.31.31:318][691]LogMaterial: Missing cached shader map for material PlaneMat_ncl1_1, compiling. 
[2018.08.13-20.31.31:343][691]LogFbx:Warning: Triangulating static mesh Plane
[2018.08.13-20.31.42:468][691]LogStaticMesh: Building static mesh Samuel_Plane...
[2018.08.13-20.31.43:524][691]LogStaticMesh: Built static mesh [1.06s] /Game/ThirdPersonBP/Maps/Samuel_Plane.Samuel_Plane
[2018.08.13-20.31.44:681][691]FBXImport:Warning: Warning FBX Scene Loading: Found material name clash, name clash can be wrongly reassign at reimport , material 'SphereMat' was rename 'SphereMat_ncl1_1' 
[2018.08.13-20.31.44:682][691]FBXImport:Warning: Warning FBX Scene Loading: Found material name clash, name clash can be wrongly reassign at reimport , material 'Sphere.2Mat' was rename 'Sphere.2Mat_ncl1_1' 
[2018.08.13-20.31.44:682][691]FBXImport:Warning: Warning FBX Scene Loading: Found material name clash, name clash can be wrongly reassign at reimport , material 'PlaneMat' was rename 'PlaneMat_ncl1_1' 
[2018.08.13-20.31.44:682][691]FBXImport:Warning: Warning No smoothing group information was found in this FBX scene.  Please make sure to enable the 'Export Smoothing Groups' option in the FBX Exporter plug-in before exporting the file.  Even for tools that don't support smoothing groups, the FBX Exporter will generate appropriate smoothing data at export-time so that correct vertex normals can be inferred while importing. 
[2018.08.13-20.32.03:434][510]LogRenderer: Reallocating scene render targets to support 1432x924 NumSamples 1 (Frame:1).
[2018.08.13-20.34.06:937][648]LogMaterial: Missing cached shader map for material PlaneMat_ncl1_1, compiling. 
[2018.08.13-20.34.07:342][648]LogMaterial: Missing cached shader map for material PlaneMat_ncl1_1, compiling. 
[2018.08.13-20.34.07:407][648]LogMaterial: Missing cached shader map for material FMatExpressionPreview MaterialExpressionVectorParameter_0, compiling. 
[2018.08.13-20.34.07:446][648]LogSlate: Took 0.024205 seconds to synchronously load lazily loaded font '../../../Engine/Content/Editor/Slate/Fonts/Roboto-BoldCondensed.ttf' (158K)
[2018.08.13-20.34.08:034][649]LogSlate: Took 0.021068 seconds to synchronously load lazily loaded font '../../../Engine/Content/Editor/Slate/Fonts/Roboto-Italic.ttf' (157K)
[2018.08.13-20.34.18:105][448]LogActorFactory: Actor Factory created Samuel_Plane
[2018.08.13-20.34.21:001][689]LogActorFactory: Actor Factory created Samuel_Plane
[2018.08.13-20.34.21:958][715]LogEditorViewport: Clicking on Actor (LMB): StaticMeshActor (Samuel_Plane)
[2018.08.13-20.34.47:898][122]LogEditorViewport: Clicking on Actor (LMB): StaticMeshActor (Samuel_Plane)
[2018.08.13-20.34.48:301][162]Cmd: DELETE
[2018.08.13-20.34.48:301][162]Cmd: ACTOR DELETE
[2018.08.13-20.34.48:651][162]LogEditorActor: Deleted Actor: StaticMeshActor
[2018.08.13-20.34.48:706][162]LogEditorActor: Deleted 1 Actors (0.082 secs)
[2018.08.13-20.35.41:326][788]LogClass:Warning: Enum '/Game/Blueprints/MotionEnum.MotionEnum' was upgraded to use FText to store its display name data. Please re-save this asset to avoid issues with localization and determinstic cooking.
[2018.08.13-20.35.41:592][788]LogContentBrowser: Native class hierarchy updated for 'BlueprintGraph' in 0.0039 seconds. Added 112 classes and 0 folders.
[2018.08.13-20.35.52:885][473]LogMetaData: Removing '/Game/ThirdPersonBP/Maps/Samuel.Samuel:UserConstructionScript.K2Node_FunctionEntry_0' ref from Metadata '/Game/Maps/Samuel.PackageMetaData'
[2018.08.13-20.35.52:885][473]LogMetaData: Removing '/Game/ThirdPersonBP/Maps/Samuel.SKEL_Samuel_C' ref from Metadata '/Game/Maps/Samuel.PackageMetaData'
[2018.08.13-20.35.52:885][473]LogMetaData: Removing '/Game/ThirdPersonBP/Maps/Samuel.Samuel_C:DefaultSceneRoot' ref from Metadata '/Game/Maps/Samuel.PackageMetaData'
[2018.08.13-20.35.52:885][473]LogMetaData: Removing '/Game/ThirdPersonBP/Maps/Samuel.Samuel_C:UserConstructionScript' ref from Metadata '/Game/Maps/Samuel.PackageMetaData'
[2018.08.13-20.35.52:885][473]LogMetaData: Removing '/Game/ThirdPersonBP/Maps/Samuel.Samuel_C' ref from Metadata '/Game/Maps/Samuel.PackageMetaData'
[2018.08.13-20.35.52:885][473]LogMetaData: Removing '/Game/ThirdPersonBP/Maps/Samuel.Samuel:EventGraph.K2Node_Event_0' ref from Metadata '/Game/Maps/Samuel.PackageMetaData'
[2018.08.13-20.35.52:885][473]LogMetaData: Removing '/Game/ThirdPersonBP/Maps/Samuel.Samuel:EventGraph.K2Node_Event_1' ref from Metadata '/Game/Maps/Samuel.PackageMetaData'
[2018.08.13-20.35.52:885][473]LogMetaData: Removing '/Game/ThirdPersonBP/Maps/Samuel.Samuel:EventGraph.K2Node_Event_2' ref from Metadata '/Game/Maps/Samuel.PackageMetaData'
[2018.08.13-20.35.52:885][473]LogMetaData: Removing '/Game/ThirdPersonBP/Maps/Samuel.SKEL_Samuel_C:StaticMesh' ref from Metadata '/Game/Maps/Samuel.PackageMetaData'
[2018.08.13-20.35.52:885][473]LogMetaData: Removing '/Game/ThirdPersonBP/Maps/Samuel.SKEL_Samuel_C:UserConstructionScript' ref from Metadata '/Game/Maps/Samuel.PackageMetaData'
[2018.08.13-20.35.52:976][473]Cmd: OBJ SAVEPACKAGE PACKAGE="/Game/ThirdPersonBP/Maps/Samuel" FILE="../../../../../../Users/Tsan-research/Desktop/SynEnv_4_16/Content/ThirdPersonBP/Maps/Samuel.uasset" SILENT=true
[2018.08.13-20.35.53:172][473]LogSavePackage: Save=176.53ms
[2018.08.13-20.35.53:172][473]LogSavePackage: Moving '../../../../../../Users/Tsan-research/Desktop/SynEnv_4_16/Saved/Samuel5555631A4BB32F82B59C8190BA7EED79.tmp' to '../../../../../../Users/Tsan-research/Desktop/SynEnv_4_16/Content/ThirdPersonBP/Maps/Samuel.uasset'
[2018.08.13-20.35.53:186][473]LogSavePackage:Display: Finished SavePackage ../../../../../../Users/Tsan-research/Desktop/SynEnv_4_16/Content/ThirdPersonBP/Maps/Samuel.uasset
[2018.08.13-20.37.58:741][334]Cmd: QUIT_EDITOR
[2018.08.13-20.37.59:772][334]LogWindowsTextInputMethodSystem:Display: IME system now activated using TSF (Microsoft Quick).
[2018.08.13-20.37.59:870][334]LogExit: Preparing to exit.
[2018.08.13-20.38.00:480][334]LogDirectoryWatcher: A directory notification for 'C:/Users/Tsan-research/Desktop/SynEnv_4_16/Content/' was aborted.
[2018.08.13-20.38.00:657][334]LogExit: Editor shut down
[2018.08.13-20.38.00:661][334]LogExit: Transaction tracking system shut down
[2018.08.13-20.38.02:284][334]LogObj: Freed 0b from 0 cluster array pools.
[2018.08.13-20.38.02:284][334]LogExit: Object subsystem successfully closed.
[2018.08.13-20.38.02:425][334]LogD3D11RHI: Shutdown
[2018.08.13-20.38.02:425][334]LogD3D11RHI: CleanupD3DDevice
[2018.08.13-20.38.02:590][334]LogD3D11RHI: ~FD3D11DynamicRHI
[2018.08.13-20.38.03:413][334]LogModuleManager: Shutting down and abandoning module BlueprintGraph (540)
[2018.08.13-20.38.03:413][334]LogModuleManager: Shutting down and abandoning module BlueprintProfiler (538)
[2018.08.13-20.38.03:439][334]LogModuleManager: Shutting down and abandoning module MaterialEditor (536)
[2018.08.13-20.38.03:439][334]LogModuleManager: Shutting down and abandoning module StaticMeshEditor (534)
[2018.08.13-20.38.03:439][334]LogModuleManager: Shutting down and abandoning module HierarchicalLODOutliner (532)
[2018.08.13-20.38.03:455][334]LogModuleManager: Shutting down and abandoning module CrashTracker (530)
[2018.08.13-20.38.03:455][334]LogModuleManager: Shutting down and abandoning module SceneOutliner (528)
[2018.08.13-20.38.03:455][334]LogModuleManager: Shutting down and abandoning module AddContentDialog (526)
[2018.08.13-20.38.03:466][334]LogDirectoryWatcher: A directory notification for 'C:/Program Files/Epic Games/UE_4.16/FeaturePacks/' was aborted.
[2018.08.13-20.38.03:468][334]LogModuleManager: Shutting down and abandoning module WidgetCarousel (525)
[2018.08.13-20.38.03:468][334]LogModuleManager: Shutting down and abandoning module EditorWidgets (522)
[2018.08.13-20.38.03:468][334]LogModuleManager: Shutting down and abandoning module CollectionManager (520)
[2018.08.13-20.38.03:468][334]LogDirectoryWatcher: A directory notification for 'C:/Users/Tsan-research/Desktop/SynEnv_4_16/Content/Collections/' was aborted.
[2018.08.13-20.38.03:468][334]LogDirectoryWatcher: A directory notification for 'C:/Users/Tsan-research/Desktop/SynEnv_4_16/Content/Developers/Tsanresearch/Collections/' was aborted.
[2018.08.13-20.38.03:468][334]LogDirectoryWatcher: A directory notification for 'C:/Users/Tsan-research/Desktop/SynEnv_4_16/Saved/Collections/' was aborted.
[2018.08.13-20.38.03:468][334]LogModuleManager: Shutting down and abandoning module StatsViewer (518)
[2018.08.13-20.38.03:472][334]LogModuleManager: Shutting down and abandoning module FoliageEdit (516)
[2018.08.13-20.38.03:472][334]LogModuleManager: Shutting down and abandoning module LandscapeEditor (514)
[2018.08.13-20.38.03:498][334]LogModuleManager: Shutting down and abandoning module MeshPaintMode (512)
[2018.08.13-20.38.03:498][334]LogModuleManager: Shutting down and abandoning module SceneDepthPickerMode (510)
[2018.08.13-20.38.03:498][334]LogModuleManager: Shutting down and abandoning module ActorPickerMode (508)
[2018.08.13-20.38.03:498][334]LogModuleManager: Shutting down and abandoning module GeometryMode (506)
[2018.08.13-20.38.03:498][334]LogModuleManager: Shutting down and abandoning module TextureAlignMode (504)
[2018.08.13-20.38.03:498][334]LogModuleManager: Shutting down and abandoning module BspMode (502)
[2018.08.13-20.38.03:507][334]LogModuleManager: Shutting down and abandoning module HardwareSurvey (500)
[2018.08.13-20.38.03:512][334]LogModuleManager: Shutting down and abandoning module SequenceRecorderSections (498)
[2018.08.13-20.38.03:518][334]LogModuleManager: Shutting down and abandoning module AutomationWorker (496)
[2018.08.13-20.38.03:529][334]LogModuleManager: Shutting down and abandoning module MatineeToLevelSequence (494)
[2018.08.13-20.38.03:559][334]LogModuleManager: Shutting down and abandoning module LevelSequenceEditor (492)
[2018.08.13-20.38.03:677][334]LogModuleManager: Shutting down and abandoning module PlacementMode (491)
[2018.08.13-20.38.03:677][334]LogModuleManager: Shutting down and abandoning module WmfMediaFactory (488)
[2018.08.13-20.38.03:677][334]LogModuleManager: Shutting down and abandoning module WmfMediaEditor (486)
[2018.08.13-20.38.03:677][334]LogModuleManager: Shutting down and abandoning module AvfMediaFactory (484)
[2018.08.13-20.38.03:677][334]LogModuleManager: Shutting down and abandoning module AvfMediaEditor (482)
[2018.08.13-20.38.03:677][334]LogModuleManager: Shutting down and abandoning module AndroidMediaFactory (480)
[2018.08.13-20.38.03:677][334]LogModuleManager: Shutting down and abandoning module Media (479)
[2018.08.13-20.38.03:677][334]LogModuleManager: Shutting down and abandoning module AndroidMediaEditor (476)
[2018.08.13-20.38.03:677][334]LogModuleManager: Shutting down and abandoning module CharacterAI (474)
[2018.08.13-20.38.03:677][334]LogModuleManager: Shutting down and abandoning module AudioCapture (472)
[2018.08.13-20.38.03:713][334]LogModuleManager: Shutting down and abandoning module SequenceRecorder (471)
[2018.08.13-20.38.03:754][334]LogModuleManager: Shutting down and abandoning module SmartSnapping (468)
[2018.08.13-20.38.03:754][334]LogModuleManager: Shutting down and abandoning module SessionServices (466)
[2018.08.13-20.38.03:754][334]LogModuleManager: Shutting down and abandoning module ViewportSnapping (464)
[2018.08.13-20.38.03:754][334]LogModuleManager: Shutting down and abandoning module ViewportInteraction (462)
[2018.08.13-20.38.03:754][334]LogModuleManager: Shutting down and abandoning module ClothPainter (460)
[2018.08.13-20.38.03:812][334]LogModuleManager: Shutting down and abandoning module LogVisualizer (458)
[2018.08.13-20.38.03:824][334]LogModuleManager: Shutting down and abandoning module IntroTutorials (456)
[2018.08.13-20.38.04:003][334]LogModuleManager: Shutting down and abandoning module GameProjectGeneration (455)
[2018.08.13-20.38.04:026][334]LogModuleManager: Shutting down and abandoning module EditorLiveStreaming (452)
[2018.08.13-20.38.04:026][334]LogModuleManager: Shutting down and abandoning module IOSPlatformEditor (450)
[2018.08.13-20.38.04:048][334]LogModuleManager: Shutting down and abandoning module HTML5PlatformEditor (448)
[2018.08.13-20.38.04:048][334]LogModuleManager: Shutting down and abandoning module AndroidPlatformEditor (446)
[2018.08.13-20.38.04:048][334]LogModuleManager: Shutting down and abandoning module AndroidDeviceDetection (445)
[2018.08.13-20.38.04:450][334]LogModuleManager: Shutting down and abandoning module IOSRuntimeSettings (442)
[2018.08.13-20.38.04:450][334]LogModuleManager: Shutting down and abandoning module AndroidRuntimeSettings (440)
[2018.08.13-20.38.04:450][334]LogModuleManager: Shutting down and abandoning module InputBindingEditor (438)
[2018.08.13-20.38.04:576][334]LogModuleManager: Shutting down and abandoning module MergeActors (436)
[2018.08.13-20.38.04:599][334]LogModuleManager: Shutting down and abandoning module SizeMap (434)
[2018.08.13-20.38.04:599][334]LogModuleManager: Shutting down and abandoning module TreeMap (432)
[2018.08.13-20.38.04:614][334]LogModuleManager: Shutting down and abandoning module ReferenceViewer (430)
[2018.08.13-20.38.04:636][334]LogModuleManager: Shutting down and abandoning module LocalizationDashboard (428)
[2018.08.13-20.38.04:682][334]LogModuleManager: Shutting down and abandoning module LocalizationService (427)
[2018.08.13-20.38.04:718][334]LogModuleManager: Shutting down and abandoning module HardwareTargeting (424)
[2018.08.13-20.38.04:718][334]LogModuleManager: Shutting down and abandoning module DeviceProfileEditor (422)
[2018.08.13-20.38.04:726][334]LogModuleManager: Shutting down and abandoning module UndoHistory (420)
[2018.08.13-20.38.04:798][334]LogModuleManager: Shutting down and abandoning module UserFeedback (418)
[2018.08.13-20.38.04:798][334]LogModuleManager: Shutting down and abandoning module XmlParser (416)
[2018.08.13-20.38.04:817][334]LogModuleManager: Shutting down and abandoning module Blutility (414)
[2018.08.13-20.38.04:932][334]LogModuleManager: Shutting down and abandoning module ProjectSettingsViewer (412)
[2018.08.13-20.38.04:932][334]LogModuleManager: Shutting down and abandoning module ProjectTargetPlatformEditor (411)
[2018.08.13-20.38.04:932][334]LogModuleManager: Shutting down and abandoning module EditorSettingsViewer (408)
[2018.08.13-20.38.04:932][334]LogModuleManager: Shutting down and abandoning module SettingsEditor (406)
[2018.08.13-20.38.04:948][334]LogModuleManager: Shutting down and abandoning module ProjectLauncher (404)
[2018.08.13-20.38.04:980][334]LogModuleManager: Shutting down and abandoning module SessionFrontend (402)
[2018.08.13-20.38.04:999][334]LogModuleManager: Shutting down and abandoning module ProfilerClient (400)
[2018.08.13-20.38.05:011][334]LogModuleManager: Shutting down and abandoning module DeviceManager (398)
[2018.08.13-20.38.05:019][334]LogModuleManager: Shutting down and abandoning module TargetDeviceServices (397)
[2018.08.13-20.38.05:075][334]LogModuleManager: Shutting down and abandoning module AutomationController (394)
[2018.08.13-20.38.05:118][334]LogModuleManager: Shutting down and abandoning module AutomationWindow (392)
[2018.08.13-20.38.05:132][334]LogModuleManager: Shutting down and abandoning module Layers (390)
[2018.08.13-20.38.05:231][334]LogModuleManager: Shutting down and abandoning module ComponentVisualizers (388)
[2018.08.13-20.38.05:231][334]LogModuleManager: Shutting down and abandoning module DetailCustomizations (386)
[2018.08.13-20.38.05:256][334]LogModuleManager: Shutting down and abandoning module PackagesDialog (384)
[2018.08.13-20.38.05:257][334]LogModuleManager: Shutting down and abandoning module Persona (382)
[2018.08.13-20.38.05:363][334]LogModuleManager: Shutting down and abandoning module AdvancedPreviewScene (381)
[2018.08.13-20.38.05:363][334]LogModuleManager: Shutting down and abandoning module AnimGraph (379)
[2018.08.13-20.38.05:363][334]LogModuleManager: Shutting down and abandoning module Kismet (376)
[2018.08.13-20.38.05:373][334]LogModuleManager: Shutting down and abandoning module ClassViewer (374)
[2018.08.13-20.38.05:373][334]LogModuleManager: Shutting down and abandoning module Toolbox (372)
[2018.08.13-20.38.05:390][334]LogModuleManager: Shutting down and abandoning module ModuleUI (370)
[2018.08.13-20.38.05:402][334]LogModuleManager: Shutting down and abandoning module MovieSceneTools (368)
[2018.08.13-20.38.05:446][334]LogModuleManager: Shutting down and abandoning module OutputLog (366)
[2018.08.13-20.38.05:446][334]LogModuleManager: Shutting down and abandoning module GammaUI (364)
[2018.08.13-20.38.05:453][334]LogModuleManager: Shutting down and abandoning module Documentation (362)
[2018.08.13-20.38.05:453][334]LogModuleManager: Shutting down and abandoning module MovieSceneTracks (360)
[2018.08.13-20.38.05:453][334]LogModuleManager: Shutting down and abandoning module MovieScene (358)
[2018.08.13-20.38.05:453][334]LogModuleManager: Shutting down and abandoning module Niagara (356)
[2018.08.13-20.38.05:453][334]LogModuleManager: Shutting down and abandoning module NiagaraEditor (355)
[2018.08.13-20.38.05:522][334]LogModuleManager: Shutting down and abandoning module StreamingPauseRendering (352)
[2018.08.13-20.38.05:522][334]LogModuleManager: Shutting down and abandoning module AnalyticsET (350)
[2018.08.13-20.38.05:522][334]LogModuleManager: Shutting down and abandoning module PortalServices (348)
[2018.08.13-20.38.05:522][334]LogModuleManager: Shutting down and abandoning module PortalRpc (346)
[2018.08.13-20.38.05:522][334]LogModuleManager: Shutting down and abandoning module MessagingRpc (344)
[2018.08.13-20.38.05:522][334]LogModuleManager: Shutting down and abandoning module AIModule (342)
[2018.08.13-20.38.05:522][334]LogModuleManager: Shutting down and abandoning module GameplayDebugger (341)
[2018.08.13-20.38.05:534][334]LogModuleManager: Shutting down and abandoning module AITestSuite (339)
[2018.08.13-20.38.05:539][334]LogModuleManager: Shutting down and abandoning module ProfilerService (336)
[2018.08.13-20.38.05:722][334]LogModuleManager: Shutting down and abandoning module TaskGraph (334)
[2018.08.13-20.38.06:074][334]LogModuleManager: Shutting down and abandoning module SubstanceEditor (332)
[2018.08.13-20.38.06:190][334]LogModuleManager: Shutting down and abandoning module SteamVRController (330)
[2018.08.13-20.38.06:190][334]LogModuleManager: Shutting down and abandoning module SteamVR (328)
[2018.08.13-20.38.06:190][334]LogModuleManager: Shutting down and abandoning module ProceduralMeshComponentEditor (326)
[2018.08.13-20.38.06:209][334]LogModuleManager: Shutting down and abandoning module ProceduralMeshComponent (324)
[2018.08.13-20.38.06:227][334]LogModuleManager: Shutting down and abandoning module OculusLibrary (322)
[2018.08.13-20.38.06:227][334]LogModuleManager: Shutting down and abandoning module OculusInput (320)
[2018.08.13-20.38.06:227][334]LogModuleManager: Shutting down and abandoning module MobilePatchingUtils (318)
[2018.08.13-20.38.06:227][334]LogModuleManager: Shutting down and abandoning module CustomMeshComponent (316)
[2018.08.13-20.38.06:227][334]LogModuleManager: Shutting down and abandoning module CableComponent (314)
[2018.08.13-20.38.06:231][334]LogModuleManager: Shutting down and abandoning module ArchVisCharacter (312)
[2018.08.13-20.38.06:231][334]LogModuleManager: Shutting down and abandoning module AndroidPermission (310)
[2018.08.13-20.38.06:232][334]LogModuleManager: Shutting down and abandoning module MediaPlayerEditor (306)
[2018.08.13-20.38.06:275][334]LogModuleManager: Shutting down and abandoning module HTML5Networking (304)
[2018.08.13-20.38.06:275][334]LogModuleManager: Shutting down and abandoning module AlembicImporter (302)
[2018.08.13-20.38.06:281][334]LogModuleManager: Shutting down and abandoning module AlembicLibrary (301)
[2018.08.13-20.38.06:281][334]LogModuleManager: Shutting down and abandoning module GeometryCache (300)
[2018.08.13-20.38.06:289][334]LogModuleManager: Shutting down and abandoning module GeometryCacheEd (299)
[2018.08.13-20.38.06:289][334]LogModuleManager: Shutting down and abandoning module SuperSearchEditor (294)
[2018.08.13-20.38.06:289][334]LogModuleManager: Shutting down and abandoning module SuperSearch (293)
[2018.08.13-20.38.06:289][334]LogModuleManager: Shutting down and abandoning module SpeedTreeImporter (290)
[2018.08.13-20.38.06:289][334]LogModuleManager: Shutting down and abandoning module PluginBrowser (288)
[2018.08.13-20.38.06:335][334]LogModuleManager: Shutting down and abandoning module MobileLauncherProfileWizard (286)
[2018.08.13-20.38.06:366][334]LogModuleManager: Shutting down and abandoning module VisualStudioSourceCodeAccess (284)
[2018.08.13-20.38.06:366][334]LogModuleManager: Shutting down and abandoning module DesktopPlatform (283)
[2018.08.13-20.38.06:374][334]LogModuleManager: Shutting down and abandoning module UObjectPlugin (280)
[2018.08.13-20.38.06:374][334]LogModuleManager: Shutting down and abandoning module SubversionSourceControl (278)
[2018.08.13-20.38.06:388][334]LogModuleManager: Shutting down and abandoning module PerforceSourceControl (276)
[2018.08.13-20.38.06:395][334]LogModuleManager: Shutting down and abandoning module GitSourceControl (274)
[2018.08.13-20.38.06:407][334]LogModuleManager: Shutting down and abandoning module SourceControl (273)
[2018.08.13-20.38.06:422][334]LogModuleManager: Shutting down and abandoning module LightPropagationVolumeEditor (270)
[2018.08.13-20.38.06:422][334]LogModuleManager: Shutting down and abandoning module PaperTiledImporter (268)
[2018.08.13-20.38.06:422][334]LogModuleManager: Shutting down and abandoning module PaperSpriteSheetImporter (266)
[2018.08.13-20.38.06:422][334]LogModuleManager: Shutting down and abandoning module Paper2DEditor (264)
[2018.08.13-20.38.06:464][334]LogModuleManager: Shutting down and abandoning module MeshPaint (263)
[2018.08.13-20.38.06:485][334]LogModuleManager: Shutting down and abandoning module LevelEditor (261)
[2018.08.13-20.38.06:502][334]LogModuleManager: Shutting down and abandoning module PixelInspectorModule (260)
[2018.08.13-20.38.06:515][334]LogModuleManager: Shutting down and abandoning module MainFrame (258)
[2018.08.13-20.38.06:555][334]LogModuleManager: Shutting down and abandoning module HotReload (257)
[2018.08.13-20.38.06:567][334]LogDirectoryWatcher: A directory notification for 'C:/Users/Tsan-research/Desktop/SynEnv_4_16/Binaries/Win64' was aborted.
[2018.08.13-20.38.06:570][334]LogModuleManager: Shutting down and abandoning module SynEnv (252)
[2018.08.13-20.38.06:570][334]LogModuleManager: Shutting down and abandoning module UnrealCV (250)
[2018.08.13-20.38.06:582][334]LogModuleManager: Shutting down and abandoning module PhysXVehiclesEditor (248)
[2018.08.13-20.38.06:587][334]LogModuleManager: Shutting down and abandoning module PhysXVehicles (246)
[2018.08.13-20.38.06:587][334]LogModuleManager: Shutting down and abandoning module LocationServicesBPLibrary (244)
[2018.08.13-20.38.06:587][334]LogModuleManager: Shutting down and abandoning module ImmediatePhysicsEditor (242)
[2018.08.13-20.38.06:587][334]LogModuleManager: Shutting down and abandoning module ImmediatePhysics (240)
[2018.08.13-20.38.06:597][334]LogModuleManager: Shutting down and abandoning module UdpMessaging (238)
[2018.08.13-20.38.06:699][334]LogModuleManager: Shutting down and abandoning module TcpMessaging (236)
[2018.08.13-20.38.06:814][334]LogModuleManager: Shutting down and abandoning module SubstanceCore (234)
[2018.08.13-20.38.07:045][334]LogModuleManager: Shutting down and abandoning module GameplayTagsEditor (232)
[2018.08.13-20.38.07:114][334]LogModuleManager: Shutting down and abandoning module FacialAnimationEditor (230)
[2018.08.13-20.38.07:126][334]LogModuleManager: Shutting down and abandoning module FacialAnimation (228)
[2018.08.13-20.38.07:126][334]LogModuleManager: Shutting down and abandoning module AssetManagerEditor (226)
[2018.08.13-20.38.07:139][334]LogModuleManager: Shutting down and abandoning module GraphEditor (225)
[2018.08.13-20.38.07:139][334]LogModuleManager: Shutting down and abandoning module ContentBrowser (223)
[2018.08.13-20.38.07:140][334]LogModuleManager: Shutting down and abandoning module LightPropagationVolumeRuntime (220)
[2018.08.13-20.38.07:140][334]LogModuleManager: Shutting down and abandoning module Paper2D (218)
[2018.08.13-20.38.07:154][334]LogModuleManager: Shutting down and abandoning module WindowsMoviePlayer (216)
[2018.08.13-20.38.07:154][334]LogModuleManager: Shutting down and abandoning module WmfMedia (214)
[2018.08.13-20.38.07:181][334]LogModuleManager: Shutting down and abandoning module ClothingSystemEditor (212)
[2018.08.13-20.38.07:188][334]LogModuleManager: Shutting down and abandoning module ClothingSystemRuntime (210)
[2018.08.13-20.38.07:199][334]LogModuleManager: Shutting down and abandoning module MediaAssets (208)
[2018.08.13-20.38.07:199][334]LogModuleManager: Shutting down and abandoning module GameLiveStreaming (206)
[2018.08.13-20.38.07:209][334]LogModuleManager: Shutting down and abandoning module VREditor (204)
[2018.08.13-20.38.07:214][334]LogModuleManager: Shutting down and abandoning module StringTableEditor (202)
[2018.08.13-20.38.07:256][334]LogModuleManager: Shutting down and abandoning module GameplayTasksEditor (200)
[2018.08.13-20.38.07:256][334]LogModuleManager: Shutting down and abandoning module BehaviorTreeEditor (198)
[2018.08.13-20.38.07:280][334]LogModuleManager: Shutting down and abandoning module FunctionalTesting (196)
[2018.08.13-20.38.07:280][334]LogModuleManager: Shutting down and abandoning module CollisionAnalyzer (194)
[2018.08.13-20.38.07:308][334]LogModuleManager: Shutting down and abandoning module UMG (192)
[2018.08.13-20.38.07:325][334]LogModuleManager: Shutting down and abandoning module UMGEditor (191)
[2018.08.13-20.38.07:365][334]LogModuleManager: Shutting down and abandoning module Sequencer (190)
[2018.08.13-20.38.07:464][334]LogModuleManager: Shutting down and abandoning module AssetTools (188)
[2018.08.13-20.38.07:669][334]LogModuleManager: Shutting down and abandoning module MessageLog (187)
[2018.08.13-20.38.07:669][334]LogModuleManager: Shutting down and abandoning module WorkspaceMenuStructure (186)
[2018.08.13-20.38.07:669][334]LogModuleManager: Shutting down and abandoning module SlateReflector (180)
[2018.08.13-20.38.07:738][334]LogModuleManager: Shutting down and abandoning module Slate (178)
[2018.08.13-20.38.07:738][334]LogModuleManager: Shutting down and abandoning module EditorStyle (176)
[2018.08.13-20.38.07:740][334]LogModuleManager: Shutting down and abandoning module SourceCodeAccess (174)
[2018.08.13-20.38.07:740][334]LogModuleManager: Shutting down and abandoning module HeadMountedDisplay (172)
[2018.08.13-20.38.07:740][334]LogModuleManager: Shutting down and abandoning module XAudio2 (170)
[2018.08.13-20.38.07:740][334]LogModuleManager: Shutting down and abandoning module Networking (168)
[2018.08.13-20.38.07:740][334]LogModuleManager: Shutting down and abandoning module Core (164)
[2018.08.13-20.38.07:740][334]LogModuleManager: Shutting down and abandoning module AssetRegistry (162)
[2018.08.13-20.38.07:795][334]LogDirectoryWatcher: A directory notification for '../../../Engine/Content/' was aborted.
[2018.08.13-20.38.07:795][334]LogDirectoryWatcher: A directory notification for '../../../../../../Users/Tsan-research/Desktop/SynEnv_4_16/Content/' was aborted.
[2018.08.13-20.38.07:795][334]LogDirectoryWatcher: A directory notification for '../../../Engine/Plugins/2D/Paper2D/Content/' was aborted.
[2018.08.13-20.38.07:795][334]LogDirectoryWatcher: A directory notification for '../../../Engine/Plugins/Runtime/GearVR/Content/' was aborted.
[2018.08.13-20.38.07:795][334]LogDirectoryWatcher: A directory notification for '../../../Engine/Plugins/UnrealCV/Content/' was aborted.
[2018.08.13-20.38.07:827][334]LogModuleManager: Shutting down and abandoning module DirectoryWatcher (161)
[2018.08.13-20.38.07:828][334]LogModuleManager: Shutting down and abandoning module KismetCompiler (158)
[2018.08.13-20.38.07:828][334]LogModuleManager: Shutting down and abandoning module LevelSequence (156)
[2018.08.13-20.38.07:828][334]LogModuleManager: Shutting down and abandoning module PhysXFormats (154)
[2018.08.13-20.38.07:828][334]LogModuleManager: Shutting down and abandoning module MeshUtilities (152)
[2018.08.13-20.38.07:861][334]LogModuleManager: Shutting down and abandoning module SimplygonSwarm (151)
[2018.08.13-20.38.07:869][334]LogModuleManager: Shutting down and abandoning module SimplygonMeshReduction (149)
[2018.08.13-20.38.07:869][334]LogModuleManager: Shutting down and abandoning module QuadricMeshReduction (147)
[2018.08.13-20.38.07:905][334]LogModuleManager: Shutting down and abandoning module DerivedDataCache (144)
[2018.08.13-20.38.07:923][334]LogDerivedDataCache: Shutdown
[2018.08.13-20.38.07:923][334]LogModuleManager: Shutting down and abandoning module TargetPlatform (142)
[2018.08.13-20.38.07:923][334]LogModuleManager: Shutting down and abandoning module VulkanShaderFormat (141)
[2018.08.13-20.38.08:375][334]LogModuleManager: Shutting down and abandoning module ShaderFormatVectorVM (139)
[2018.08.13-20.38.08:455][334]LogModuleManager: Shutting down and abandoning module ShaderFormatOpenGL (137)
[2018.08.13-20.38.08:464][334]LogModuleManager: Shutting down and abandoning module ShaderFormatD3D (135)
[2018.08.13-20.38.08:479][334]LogModuleManager: Shutting down and abandoning module MetalShaderFormat (133)
[2018.08.13-20.38.08:494][334]LogModuleManager: Shutting down and abandoning module TextureFormatUncompressed (131)
[2018.08.13-20.38.08:494][334]LogModuleManager: Shutting down and abandoning module TextureFormatPVR (129)
[2018.08.13-20.38.08:494][334]LogModuleManager: Shutting down and abandoning module TextureFormatDXT (127)
[2018.08.13-20.38.08:534][334]LogModuleManager: Shutting down and abandoning module TextureFormatIntelISPCTexComp (125)
[2018.08.13-20.38.08:535][334]LogModuleManager: Shutting down and abandoning module TextureFormatASTC (123)
[2018.08.13-20.38.08:535][334]LogModuleManager: Shutting down and abandoning module ImageWrapper (122)
[2018.08.13-20.38.08:535][334]LogModuleManager: Shutting down and abandoning module TextureFormatAndroid (119)
[2018.08.13-20.38.08:535][334]LogModuleManager: Shutting down and abandoning module AudioFormatOpus (117)
[2018.08.13-20.38.08:535][334]LogModuleManager: Shutting down and abandoning module AudioFormatOgg (115)
[2018.08.13-20.38.08:535][334]LogModuleManager: Shutting down and abandoning module AudioFormatADPCM (113)
[2018.08.13-20.38.08:535][334]LogModuleManager: Shutting down and abandoning module LinuxTargetPlatform (111)
[2018.08.13-20.38.08:535][334]LogModuleManager: Shutting down and abandoning module LinuxServerTargetPlatform (109)
[2018.08.13-20.38.08:535][334]LogModuleManager: Shutting down and abandoning module LinuxNoEditorTargetPlatform (107)
[2018.08.13-20.38.08:535][334]LogModuleManager: Shutting down and abandoning module LinuxClientTargetPlatform (105)
[2018.08.13-20.38.08:535][334]LogModuleManager: Shutting down and abandoning module TVOSTargetPlatform (103)
[2018.08.13-20.38.08:535][334]LogModuleManager: Shutting down and abandoning module Messaging (101)
[2018.08.13-20.38.08:535][334]LogModuleManager: Shutting down and abandoning module IOSTargetPlatform (99)
[2018.08.13-20.38.08:535][334]LogModuleManager: Shutting down and abandoning module HTML5TargetPlatform (97)
[2018.08.13-20.38.08:535][334]LogModuleManager: Shutting down and abandoning module Android_PVRTCTargetPlatform (95)
[2018.08.13-20.38.08:560][334]LogModuleManager: Shutting down and abandoning module Android_MultiTargetPlatform (93)
[2018.08.13-20.38.08:560][334]LogModuleManager: Shutting down and abandoning module Android_ETC2TargetPlatform (91)
[2018.08.13-20.38.08:572][334]LogModuleManager: Shutting down and abandoning module Android_ETC1TargetPlatform (89)
[2018.08.13-20.38.08:587][334]LogModuleManager: Shutting down and abandoning module Android_DXTTargetPlatform (87)
[2018.08.13-20.38.08:624][334]LogModuleManager: Shutting down and abandoning module Android_ATCTargetPlatform (85)
[2018.08.13-20.38.08:662][334]LogModuleManager: Shutting down and abandoning module Android_ASTCTargetPlatform (83)
[2018.08.13-20.38.08:662][334]LogModuleManager: Shutting down and abandoning module AndroidTargetPlatform (81)
[2018.08.13-20.38.08:671][334]LogModuleManager: Shutting down and abandoning module WindowsTargetPlatform (79)
[2018.08.13-20.38.08:671][334]LogModuleManager: Shutting down and abandoning module WindowsServerTargetPlatform (77)
[2018.08.13-20.38.08:671][334]LogModuleManager: Shutting down and abandoning module WindowsNoEditorTargetPlatform (75)
[2018.08.13-20.38.08:671][334]LogModuleManager: Shutting down and abandoning module WindowsClientTargetPlatform (73)
[2018.08.13-20.38.08:671][334]LogModuleManager: Shutting down and abandoning module MacTargetPlatform (71)
[2018.08.13-20.38.08:671][334]LogModuleManager: Shutting down and abandoning module MacServerTargetPlatform (69)
[2018.08.13-20.38.08:671][334]LogModuleManager: Shutting down and abandoning module MacNoEditorTargetPlatform (67)
[2018.08.13-20.38.08:671][334]LogModuleManager: Shutting down and abandoning module MacClientTargetPlatform (65)
[2018.08.13-20.38.08:671][334]LogModuleManager: Shutting down and abandoning module AllDesktopTargetPlatform (63)
[2018.08.13-20.38.08:671][334]LogModuleManager: Shutting down and abandoning module InputCore (60)
[2018.08.13-20.38.08:671][334]LogModuleManager: Shutting down and abandoning module Settings (58)
[2018.08.13-20.38.08:671][334]LogModuleManager: Shutting down and abandoning module OculusRift (56)
[2018.08.13-20.38.08:691][334]LogModuleManager: Shutting down and abandoning module GearVRController (54)
[2018.08.13-20.38.08:691][334]LogModuleManager: Shutting down and abandoning module GearVR (52)
[2018.08.13-20.38.08:724][334]LogModuleManager: Shutting down and abandoning module ExampleDeviceProfileSelector (50)
[2018.08.13-20.38.08:724][334]LogModuleManager: Shutting down and abandoning module OnlineBlueprintSupport (48)
[2018.08.13-20.38.08:724][334]LogModuleManager: Shutting down and abandoning module OnlineSubsystem (44)
[2018.08.13-20.38.08:724][334]LogOnline:Display: Unloading online subsystem: NULL
[2018.08.13-20.38.08:757][334]LogModuleManager: Shutting down and abandoning module XMPP (43)
[2018.08.13-20.38.08:853][334]LogModuleManager: Shutting down and abandoning module HTTP (41)
[2018.08.13-20.38.08:853][334]LogHttp:Display: Http module shutting down, but needs to wait on 1 outstanding Http requests:
[2018.08.13-20.38.08:866][334]LogHttp:Display: 	verb=[POST] url=[https://datarouter.ol.epicgames.com/datarouter/api/v1/public/data?SessionID=%7B2B7AC2A5-4BA4-6248-2C0C-3B8F672BCCC4%7D&AppID=UEEditor.Rocket.Release&AppVersion=4.16.3-3561208%2B%2B%2BUE4%2BRelease-4.16&UserID=d15e4f7a4f778860492216bdab12fec4%7C89b082c400b64663a8d953daf1fe55a4%7C55694e95-cfe4-48a9-b5c3-5f9e9abb5ca6&AppEnvironment=datacollector-binary&UploadType=eteventstream] status=Processing
[2018.08.13-20.38.08:888][334]LogModuleManager: Shutting down and abandoning module SSL (40)
[2018.08.13-20.38.08:903][334]LogModuleManager: Shutting down and abandoning module HTTPChunkInstaller (36)
[2018.08.13-20.38.08:925][334]LogModuleManager: Shutting down and abandoning module AnimationModifiers (34)
[2018.08.13-20.38.08:938][334]LogModuleManager: Shutting down and abandoning module PropertyEditor (33)
[2018.08.13-20.38.08:938][334]LogModuleManager: Shutting down and abandoning module AudioEditor (30)
[2018.08.13-20.38.08:957][334]LogModuleManager: Shutting down and abandoning module TextureCompressor (28)
[2018.08.13-20.38.08:966][334]LogModuleManager: Shutting down and abandoning module ShaderCore (26)
[2018.08.13-20.38.08:966][334]LogModuleManager: Shutting down and abandoning module Landscape (24)
[2018.08.13-20.38.08:966][334]LogModuleManager: Shutting down and abandoning module SlateRHIRenderer (22)
[2018.08.13-20.38.08:997][334]LogModuleManager: Shutting down and abandoning module OpenGLDrv (20)
[2018.08.13-20.38.09:033][334]LogModuleManager: Shutting down and abandoning module D3D11RHI (18)
[2018.08.13-20.38.09:033][334]LogModuleManager: Shutting down and abandoning module AnimGraphRuntime (16)
[2018.08.13-20.38.09:050][334]LogModuleManager: Shutting down and abandoning module Renderer (14)
[2018.08.13-20.38.09:050][334]LogModuleManager: Shutting down and abandoning module Engine (12)
[2018.08.13-20.38.09:050][334]LogModuleManager: Shutting down and abandoning module CoreUObject (10)
[2018.08.13-20.38.09:050][334]LogModuleManager: Shutting down and abandoning module NetworkFile (8)
[2018.08.13-20.38.09:062][334]LogModuleManager: Shutting down and abandoning module StreamingFile (6)
[2018.08.13-20.38.09:073][334]LogModuleManager: Shutting down and abandoning module SandboxFile (4)
[2018.08.13-20.38.09:096][334]LogModuleManager: Shutting down and abandoning module PakFile (2)
[2018.08.13-20.38.09:142][334]LogExit: Exiting.
[2018.08.13-20.38.09:154][334]Log file closed, 08/13/18 13:38:09
